<?xml version="1.0" encoding="utf-8"?>
<CoverageSession xmlns:xsd="http://www.w3.org/2001/XMLSchema" xmlns:xsi="http://www.w3.org/2001/XMLSchema-instance" Version="0.0.0.0">
  <Summary numSequencePoints="147" visitedSequencePoints="86" numBranchPoints="0" visitedBranchPoints="0" sequenceCoverage="58.50" branchCoverage="0.0" maxCyclomaticComplexity="0" minCyclomaticComplexity="0" maxCrapScore="0" minCrapScore="0" visitedClasses="6" numClasses="6" visitedMethods="11" numMethods="11" />
  <Modules>
    <Module>
      <Summary numSequencePoints="141" visitedSequencePoints="80" numBranchPoints="0" visitedBranchPoints="0" sequenceCoverage="56.74" branchCoverage="0.0" maxCyclomaticComplexity="0" minCyclomaticComplexity="0" maxCrapScore="0" minCrapScore="0" visitedClasses="5" numClasses="5" visitedMethods="10" numMethods="10" />
      <ModuleTime>0001-01-01T00:00:00</ModuleTime>
      <ModuleName>Assembly-CSharp</ModuleName>
      <Files>
        <File uid="1" fullPath="D:/--UnityProject/VR/VRExplorer_subjects/EscapeGameVR/Assets/Dependencies/Decor/Brick Project Studio/Apartment Kit/Common/Scripts &amp; Animation/TableFlip/TableFlipL.cs" />
        <File uid="2" fullPath="D:/--UnityProject/VR/VRExplorer_subjects/EscapeGameVR/Assets/Dependencies/Decor/Brick Project Studio/Apartment Kit/Common/Scripts &amp; Animation/TableFlip/TableFlipR.cs" />
        <File uid="3" fullPath="D:/--UnityProject/VR/VRExplorer_subjects/EscapeGameVR/Assets/Scripts/Audio/BowDropSoundController.cs" />
        <File uid="4" fullPath="D:/--UnityProject/VR/VRExplorer_subjects/EscapeGameVR/Assets/Scripts/Audio/MusicsManager.cs" />
        <File uid="5" fullPath="D:/--UnityProject/VR/VRExplorer_subjects/EscapeGameVR/Assets/Scripts/bow/ArrowControler.cs" />
        <File uid="6" fullPath="D:/--UnityProject/VR/VRExplorer_subjects/EscapeGameVR/Assets/Scripts/bow/ArrowRotation.cs" />
        <File uid="7" fullPath="D:/--UnityProject/VR/VRExplorer_subjects/EscapeGameVR/Assets/Scripts/bow/BowAttachPointSwitcher.cs" />
        <File uid="8" fullPath="D:/--UnityProject/VR/VRExplorer_subjects/EscapeGameVR/Assets/Scripts/bow/BowString.cs" />
        <File uid="9" fullPath="D:/--UnityProject/VR/VRExplorer_subjects/EscapeGameVR/Assets/Scripts/bow/BowStringController.cs" />
        <File uid="10" fullPath="D:/--UnityProject/VR/VRExplorer_subjects/EscapeGameVR/Assets/Scripts/bow/DestroyStickingArrow.cs" />
        <File uid="11" fullPath="D:/--UnityProject/VR/VRExplorer_subjects/EscapeGameVR/Assets/Scripts/bow/MovingTarget.cs" />
        <File uid="12" fullPath="D:/--UnityProject/VR/VRExplorer_subjects/EscapeGameVR/Assets/Scripts/bow/StickingArrowToSurface.cs" />
        <File uid="13" fullPath="D:/--UnityProject/VR/VRExplorer_subjects/EscapeGameVR/Assets/Scripts/EndGame/EndGameAreaController.cs" />
        <File uid="14" fullPath="D:/--UnityProject/VR/VRExplorer_subjects/EscapeGameVR/Assets/Scripts/EndGame/ExitAreaController.cs" />
        <File uid="15" fullPath="D:/--UnityProject/VR/VRExplorer_subjects/EscapeGameVR/Assets/Scripts/FireBulletOnValidate.cs" />
        <File uid="16" fullPath="D:/--UnityProject/VR/VRExplorer_subjects/EscapeGameVR/Assets/Scripts/isSitting/ChangeIsSitting.cs" />
        <File uid="17" fullPath="D:/--UnityProject/VR/VRExplorer_subjects/EscapeGameVR/Assets/Scripts/isSitting/isSittingScriptableObject.cs" />
        <File uid="18" fullPath="D:/--UnityProject/VR/VRExplorer_subjects/EscapeGameVR/Assets/Scripts/Menus/EndGame.cs" />
        <File uid="19" fullPath="D:/--UnityProject/VR/VRExplorer_subjects/EscapeGameVR/Assets/Scripts/Menus/EndPauseMenuController.cs" />
        <File uid="20" fullPath="D:/--UnityProject/VR/VRExplorer_subjects/EscapeGameVR/Assets/Scripts/Menus/MainMenuController.cs" />
        <File uid="21" fullPath="D:/--UnityProject/VR/VRExplorer_subjects/EscapeGameVR/Assets/Scripts/Menus/ScriptableObjects/SavedInfoSettings.cs" />
        <File uid="22" fullPath="D:/--UnityProject/VR/VRExplorer_subjects/EscapeGameVR/Assets/Scripts/Menus/SettingsMenuController.cs" />
        <File uid="23" fullPath="D:/--UnityProject/VR/VRExplorer_subjects/EscapeGameVR/Assets/Scripts/Potion/PotionAttachPointSwitcher.cs" />
        <File uid="24" fullPath="D:/--UnityProject/VR/VRExplorer_subjects/EscapeGameVR/Assets/Scripts/Potion/Wobble.cs" />
        <File uid="25" fullPath="D:/--UnityProject/VR/VRExplorer_subjects/EscapeGameVR/Assets/Scripts/Taillevar.cs" />
        <File uid="26" fullPath="D:/--UnityProject/VR/VRExplorer_subjects/EscapeGameVR/Assets/Scripts/TargetController.cs" />
        <File uid="27" fullPath="D:/--UnityProject/VR/VRExplorer_subjects/EscapeGameVR/Assets/TextMesh Pro/Examples &amp; Extras/Scripts/ChatController.cs" />
        <File uid="28" fullPath="D:/--UnityProject/VR/VRExplorer_subjects/EscapeGameVR/Assets/TextMesh Pro/Examples &amp; Extras/Scripts/DropdownSample.cs" />
        <File uid="29" fullPath="D:/--UnityProject/VR/VRExplorer_subjects/EscapeGameVR/Assets/TextMesh Pro/Examples &amp; Extras/Scripts/EnvMapAnimator.cs" />
        <File uid="30" fullPath="D:/--UnityProject/VR/VRExplorer_subjects/EscapeGameVR/Assets/TextMesh Pro/Examples &amp; Extras/Scripts/TMP_DigitValidator.cs" />
        <File uid="31" fullPath="D:/--UnityProject/VR/VRExplorer_subjects/EscapeGameVR/Assets/TextMesh Pro/Examples &amp; Extras/Scripts/TMP_PhoneNumberValidator.cs" />
        <File uid="32" fullPath="D:/--UnityProject/VR/VRExplorer_subjects/EscapeGameVR/Assets/TextMesh Pro/Examples &amp; Extras/Scripts/TMP_TextEventHandler.cs" />
        <File uid="33" fullPath="D:/--UnityProject/VR/VRExplorer_subjects/EscapeGameVR/Assets/TextMesh Pro/Examples &amp; Extras/Scripts/Benchmark01.cs" />
        <File uid="34" fullPath="D:/--UnityProject/VR/VRExplorer_subjects/EscapeGameVR/Assets/TextMesh Pro/Examples &amp; Extras/Scripts/Benchmark01_UGUI.cs" />
        <File uid="35" fullPath="D:/--UnityProject/VR/VRExplorer_subjects/EscapeGameVR/Assets/TextMesh Pro/Examples &amp; Extras/Scripts/Benchmark02.cs" />
        <File uid="36" fullPath="D:/--UnityProject/VR/VRExplorer_subjects/EscapeGameVR/Assets/TextMesh Pro/Examples &amp; Extras/Scripts/Benchmark03.cs" />
        <File uid="37" fullPath="D:/--UnityProject/VR/VRExplorer_subjects/EscapeGameVR/Assets/TextMesh Pro/Examples &amp; Extras/Scripts/Benchmark04.cs" />
        <File uid="38" fullPath="D:/--UnityProject/VR/VRExplorer_subjects/EscapeGameVR/Assets/TextMesh Pro/Examples &amp; Extras/Scripts/CameraController.cs" />
        <File uid="39" fullPath="D:/--UnityProject/VR/VRExplorer_subjects/EscapeGameVR/Assets/TextMesh Pro/Examples &amp; Extras/Scripts/ObjectSpin.cs" />
        <File uid="40" fullPath="D:/--UnityProject/VR/VRExplorer_subjects/EscapeGameVR/Assets/TextMesh Pro/Examples &amp; Extras/Scripts/ShaderPropAnimator.cs" />
        <File uid="41" fullPath="D:/--UnityProject/VR/VRExplorer_subjects/EscapeGameVR/Assets/TextMesh Pro/Examples &amp; Extras/Scripts/SimpleScript.cs" />
        <File uid="42" fullPath="D:/--UnityProject/VR/VRExplorer_subjects/EscapeGameVR/Assets/TextMesh Pro/Examples &amp; Extras/Scripts/SkewTextExample.cs" />
        <File uid="43" fullPath="D:/--UnityProject/VR/VRExplorer_subjects/EscapeGameVR/Assets/TextMesh Pro/Examples &amp; Extras/Scripts/TeleType.cs" />
        <File uid="44" fullPath="D:/--UnityProject/VR/VRExplorer_subjects/EscapeGameVR/Assets/TextMesh Pro/Examples &amp; Extras/Scripts/TextConsoleSimulator.cs" />
        <File uid="45" fullPath="D:/--UnityProject/VR/VRExplorer_subjects/EscapeGameVR/Assets/TextMesh Pro/Examples &amp; Extras/Scripts/TextMeshProFloatingText.cs" />
        <File uid="46" fullPath="D:/--UnityProject/VR/VRExplorer_subjects/EscapeGameVR/Assets/TextMesh Pro/Examples &amp; Extras/Scripts/TextMeshSpawner.cs" />
        <File uid="47" fullPath="D:/--UnityProject/VR/VRExplorer_subjects/EscapeGameVR/Assets/TextMesh Pro/Examples &amp; Extras/Scripts/TMPro_InstructionOverlay.cs" />
        <File uid="48" fullPath="D:/--UnityProject/VR/VRExplorer_subjects/EscapeGameVR/Assets/TextMesh Pro/Examples &amp; Extras/Scripts/TMP_ExampleScript_01.cs" />
        <File uid="49" fullPath="D:/--UnityProject/VR/VRExplorer_subjects/EscapeGameVR/Assets/TextMesh Pro/Examples &amp; Extras/Scripts/TMP_FrameRateCounter.cs" />
        <File uid="50" fullPath="D:/--UnityProject/VR/VRExplorer_subjects/EscapeGameVR/Assets/TextMesh Pro/Examples &amp; Extras/Scripts/TMP_TextEventCheck.cs" />
        <File uid="51" fullPath="D:/--UnityProject/VR/VRExplorer_subjects/EscapeGameVR/Assets/TextMesh Pro/Examples &amp; Extras/Scripts/TMP_TextInfoDebugTool.cs" />
        <File uid="52" fullPath="D:/--UnityProject/VR/VRExplorer_subjects/EscapeGameVR/Assets/TextMesh Pro/Examples &amp; Extras/Scripts/TMP_TextSelector_A.cs" />
        <File uid="53" fullPath="D:/--UnityProject/VR/VRExplorer_subjects/EscapeGameVR/Assets/TextMesh Pro/Examples &amp; Extras/Scripts/TMP_TextSelector_B.cs" />
        <File uid="54" fullPath="D:/--UnityProject/VR/VRExplorer_subjects/EscapeGameVR/Assets/TextMesh Pro/Examples &amp; Extras/Scripts/TMP_UiFrameRateCounter.cs" />
        <File uid="55" fullPath="D:/--UnityProject/VR/VRExplorer_subjects/EscapeGameVR/Assets/TextMesh Pro/Examples &amp; Extras/Scripts/VertexColorCycler.cs" />
        <File uid="56" fullPath="D:/--UnityProject/VR/VRExplorer_subjects/EscapeGameVR/Assets/TextMesh Pro/Examples &amp; Extras/Scripts/VertexJitter.cs" />
        <File uid="57" fullPath="D:/--UnityProject/VR/VRExplorer_subjects/EscapeGameVR/Assets/TextMesh Pro/Examples &amp; Extras/Scripts/VertexShakeA.cs" />
        <File uid="58" fullPath="D:/--UnityProject/VR/VRExplorer_subjects/EscapeGameVR/Assets/TextMesh Pro/Examples &amp; Extras/Scripts/VertexShakeB.cs" />
        <File uid="59" fullPath="D:/--UnityProject/VR/VRExplorer_subjects/EscapeGameVR/Assets/TextMesh Pro/Examples &amp; Extras/Scripts/VertexZoom.cs" />
        <File uid="60" fullPath="D:/--UnityProject/VR/VRExplorer_subjects/EscapeGameVR/Assets/TextMesh Pro/Examples &amp; Extras/Scripts/WarpTextExample.cs" />
        <File uid="61" fullPath="D:/--UnityProject/VR/VRExplorer_subjects/EscapeGameVR/Assets/Dependencies/Decor/Brick Project Studio/Apartment Kit/Common/Scripts &amp; Animation/Closet/ClosetopencloseDoor.cs" />
        <File uid="62" fullPath="D:/--UnityProject/VR/VRExplorer_subjects/EscapeGameVR/Assets/Dependencies/Decor/Brick Project Studio/Apartment Kit/Common/Scripts &amp; Animation/OvenOpen/OvenFlip.cs" />
        <File uid="63" fullPath="D:/--UnityProject/VR/VRExplorer_subjects/EscapeGameVR/Assets/Dependencies/Decor/Brick Project Studio/Apartment Kit/Common/Scripts &amp; Animation/Slide/BRGlassDoor.cs" />
        <File uid="64" fullPath="D:/--UnityProject/VR/VRExplorer_subjects/EscapeGameVR/Assets/Dependencies/Decor/Brick Project Studio/Apartment Kit/Common/Scripts &amp; Animation/Slide/opencloseSlide.cs" />
        <File uid="65" fullPath="D:/--UnityProject/VR/VRExplorer_subjects/EscapeGameVR/Assets/Dependencies/Decor/Brick Project Studio/Apartment Kit/Common/Scripts &amp; Animation/Windows/opencloseWindowApt.cs" />
        <File uid="66" fullPath="D:/--UnityProject/VR/VRExplorer_subjects/EscapeGameVR/Assets/Dependencies/Decor/Brick Project Studio/Apartment Kit/Common/Scripts &amp; Animation/Z Axis -1/Drawer_Pull_Zopp.cs" />
        <File uid="67" fullPath="D:/--UnityProject/VR/VRExplorer_subjects/EscapeGameVR/Assets/Dependencies/Decor/Brick Project Studio/Apartment Kit/Scenes/Quitgame.cs" />
        <File uid="68" fullPath="D:/--UnityProject/VR/VRExplorer_subjects/EscapeGameVR/Assets/Dependencies/Decor/Brick Project Studio/_BPS Basic Assets/Common/Scripts and Animations/Doors/opencloseDoor.cs" />
        <File uid="69" fullPath="D:/--UnityProject/VR/VRExplorer_subjects/EscapeGameVR/Assets/Dependencies/Decor/Brick Project Studio/_BPS Basic Assets/Common/Scripts and Animations/Doors/opencloseDoor1.cs" />
        <File uid="70" fullPath="D:/--UnityProject/VR/VRExplorer_subjects/EscapeGameVR/Assets/Dependencies/Decor/Brick Project Studio/_BPS Basic Assets/Common/Scripts and Animations/Doors/opencloseStallDoor.cs" />
        <File uid="71" fullPath="D:/--UnityProject/VR/VRExplorer_subjects/EscapeGameVR/Assets/Dependencies/Decor/Brick Project Studio/_BPS Basic Assets/Common/Scripts and Animations/Drawer/X Axis/Drawer_Pull_X.cs" />
        <File uid="72" fullPath="D:/--UnityProject/VR/VRExplorer_subjects/EscapeGameVR/Assets/Dependencies/Decor/Brick Project Studio/_BPS Basic Assets/Common/Scripts and Animations/Drawer/Z Axis/Drawer_Pull_Z.cs" />
        <File uid="73" fullPath="D:/--UnityProject/VR/VRExplorer_subjects/EscapeGameVR/Assets/Dependencies/Decor/Brick Project Studio/_BPS Basic Assets/Common/Scripts and Animations/First Person Player/MouseLook.cs" />
        <File uid="74" fullPath="D:/--UnityProject/VR/VRExplorer_subjects/EscapeGameVR/Assets/Dependencies/Decor/Brick Project Studio/_BPS Basic Assets/Common/Scripts and Animations/First Person Player/PlayerMovement.cs" />
        <File uid="75" fullPath="D:/--UnityProject/VR/VRExplorer_subjects/EscapeGameVR/Assets/Dependencies/Decor/Brick Project Studio/_BPS Basic Assets/Common/Scripts and Animations/First Person Player/SceneSwitchGen.cs" />
        <File uid="76" fullPath="D:/--UnityProject/VR/VRExplorer_subjects/EscapeGameVR/Assets/Dependencies/Decor/Brick Project Studio/_BPS Basic Assets/Common/Scripts and Animations/Windows/opencloseWindow.cs" />
        <File uid="77" fullPath="D:/--UnityProject/VR/VRExplorer_subjects/EscapeGameVR/Assets/Dependencies/Decor/Brick Project Studio/_BPS Basic Assets/Common/Scripts and Animations/Windows/opencloseWindow1.cs" />
      </Files>
      <Classes>
        <Class>
          <Summary numSequencePoints="58" visitedSequencePoints="35" numBranchPoints="0" visitedBranchPoints="0" sequenceCoverage="60.34" branchCoverage="0.0" maxCyclomaticComplexity="0" minCyclomaticComplexity="0" maxCrapScore="0" minCrapScore="0" visitedClasses="1" numClasses="1" visitedMethods="4" numMethods="4" />
          <FullName>MusicsManager</FullName>
          <Methods>
            <Method visited="true" cyclomaticComplexity="0" nPathComplexity="0" sequenceCoverage="62.50" branchCoverage="0" crapScore="0" isConstructor="false" isStatic="false" isGetter="false" isSetter="false">
              <Summary numSequencePoints="8" visitedSequencePoints="5" numBranchPoints="0" visitedBranchPoints="0" sequenceCoverage="62.50" branchCoverage="0" maxCyclomaticComplexity="0" minCyclomaticComplexity="0" maxCrapScore="0" minCrapScore="0" visitedClasses="0" numClasses="0" visitedMethods="1" numMethods="1" />
              <MetadataToken>100663309</MetadataToken>
              <Name>System.Void MusicsManager::Awake()</Name>
              <FileRef uid="4" />
              <SequencePoints>
                <SequencePoint vc="1" uspid="68" ordinal="0" offset="0" sl="30" sc="5" el="30" ec="5" bec="0" bev="0" fileid="4" />
                <SequencePoint vc="1" uspid="69" ordinal="0" offset="1" sl="31" sc="9" el="31" ec="9" bec="0" bev="0" fileid="4" />
                <SequencePoint vc="1" uspid="70" ordinal="0" offset="12" sl="33" sc="9" el="33" ec="9" bec="0" bev="0" fileid="4" />
                <SequencePoint vc="0" uspid="71" ordinal="0" offset="22" sl="34" sc="9" el="34" ec="9" bec="0" bev="0" fileid="4" />
                <SequencePoint vc="0" uspid="72" ordinal="0" offset="23" sl="35" sc="13" el="35" ec="13" bec="0" bev="0" fileid="4" />
                <SequencePoint vc="0" uspid="73" ordinal="0" offset="35" sl="36" sc="9" el="36" ec="9" bec="0" bev="0" fileid="4" />
                <SequencePoint vc="1" uspid="74" ordinal="0" offset="36" sl="38" sc="9" el="38" ec="9" bec="0" bev="0" fileid="4" />
                <SequencePoint vc="1" uspid="75" ordinal="0" offset="48" sl="39" sc="5" el="39" ec="5" bec="0" bev="0" fileid="4" />
              </SequencePoints>
              <BranchPoints />
            </Method>
            <Method visited="true" cyclomaticComplexity="0" nPathComplexity="0" sequenceCoverage="45.45" branchCoverage="0" crapScore="0" isConstructor="false" isStatic="false" isGetter="false" isSetter="false">
              <Summary numSequencePoints="22" visitedSequencePoints="10" numBranchPoints="0" visitedBranchPoints="0" sequenceCoverage="45.45" branchCoverage="0" maxCyclomaticComplexity="0" minCyclomaticComplexity="0" maxCrapScore="0" minCrapScore="0" visitedClasses="0" numClasses="0" visitedMethods="1" numMethods="1" />
              <MetadataToken>100663310</MetadataToken>
              <Name>System.Void MusicsManager::Update()</Name>
              <FileRef uid="4" />
              <SequencePoints>
                <SequencePoint vc="146" uspid="76" ordinal="0" offset="0" sl="43" sc="5" el="43" ec="5" bec="0" bev="0" fileid="4" />
                <SequencePoint vc="146" uspid="77" ordinal="0" offset="1" sl="44" sc="9" el="44" ec="9" bec="0" bev="0" fileid="4" />
                <SequencePoint vc="146" uspid="78" ordinal="0" offset="15" sl="46" sc="9" el="46" ec="9" bec="0" bev="0" fileid="4" />
                <SequencePoint vc="1" uspid="79" ordinal="0" offset="49" sl="47" sc="9" el="47" ec="9" bec="0" bev="0" fileid="4" />
                <SequencePoint vc="1" uspid="80" ordinal="0" offset="50" sl="49" sc="13" el="49" ec="13" bec="0" bev="0" fileid="4" />
                <SequencePoint vc="1" uspid="81" ordinal="0" offset="57" sl="50" sc="13" el="50" ec="13" bec="0" bev="0" fileid="4" />
                <SequencePoint vc="1" uspid="82" ordinal="0" offset="64" sl="51" sc="9" el="51" ec="9" bec="0" bev="0" fileid="4" />
                <SequencePoint vc="145" uspid="83" ordinal="0" offset="67" sl="52" sc="14" el="52" ec="14" bec="0" bev="0" fileid="4" />
                <SequencePoint vc="0" uspid="84" ordinal="0" offset="83" sl="53" sc="9" el="53" ec="9" bec="0" bev="0" fileid="4" />
                <SequencePoint vc="0" uspid="85" ordinal="0" offset="84" sl="55" sc="13" el="55" ec="13" bec="0" bev="0" fileid="4" />
                <SequencePoint vc="0" uspid="86" ordinal="0" offset="91" sl="56" sc="13" el="56" ec="13" bec="0" bev="0" fileid="4" />
                <SequencePoint vc="0" uspid="87" ordinal="0" offset="98" sl="57" sc="13" el="57" ec="13" bec="0" bev="0" fileid="4" />
                <SequencePoint vc="0" uspid="88" ordinal="0" offset="105" sl="58" sc="13" el="58" ec="13" bec="0" bev="0" fileid="4" />
                <SequencePoint vc="0" uspid="89" ordinal="0" offset="112" sl="59" sc="9" el="59" ec="9" bec="0" bev="0" fileid="4" />
                <SequencePoint vc="145" uspid="90" ordinal="0" offset="115" sl="61" sc="14" el="61" ec="14" bec="0" bev="0" fileid="4" />
                <SequencePoint vc="0" uspid="91" ordinal="0" offset="127" sl="62" sc="9" el="62" ec="9" bec="0" bev="0" fileid="4" />
                <SequencePoint vc="0" uspid="92" ordinal="0" offset="128" sl="64" sc="13" el="64" ec="13" bec="0" bev="0" fileid="4" />
                <SequencePoint vc="0" uspid="93" ordinal="0" offset="135" sl="65" sc="13" el="65" ec="13" bec="0" bev="0" fileid="4" />
                <SequencePoint vc="0" uspid="94" ordinal="0" offset="142" sl="66" sc="13" el="66" ec="13" bec="0" bev="0" fileid="4" />
                <SequencePoint vc="0" uspid="95" ordinal="0" offset="149" sl="67" sc="13" el="67" ec="13" bec="0" bev="0" fileid="4" />
                <SequencePoint vc="0" uspid="96" ordinal="0" offset="156" sl="68" sc="9" el="68" ec="9" bec="0" bev="0" fileid="4" />
                <SequencePoint vc="146" uspid="97" ordinal="0" offset="157" sl="69" sc="5" el="69" ec="5" bec="0" bev="0" fileid="4" />
              </SequencePoints>
              <BranchPoints />
            </Method>
            <Method visited="true" cyclomaticComplexity="0" nPathComplexity="0" sequenceCoverage="52.94" branchCoverage="0" crapScore="0" isConstructor="false" isStatic="false" isGetter="false" isSetter="false">
              <Summary numSequencePoints="17" visitedSequencePoints="9" numBranchPoints="0" visitedBranchPoints="0" sequenceCoverage="52.94" branchCoverage="0" maxCyclomaticComplexity="0" minCyclomaticComplexity="0" maxCrapScore="0" minCrapScore="0" visitedClasses="0" numClasses="0" visitedMethods="1" numMethods="1" />
              <MetadataToken>100663311</MetadataToken>
              <Name>System.Void MusicsManager::PlayNextMusic()</Name>
              <FileRef uid="4" />
              <SequencePoints>
                <SequencePoint vc="1" uspid="98" ordinal="0" offset="0" sl="72" sc="5" el="72" ec="5" bec="0" bev="0" fileid="4" />
                <SequencePoint vc="1" uspid="99" ordinal="0" offset="1" sl="73" sc="9" el="73" ec="9" bec="0" bev="0" fileid="4" />
                <SequencePoint vc="1" uspid="100" ordinal="0" offset="15" sl="75" sc="9" el="75" ec="9" bec="0" bev="0" fileid="4" />
                <SequencePoint vc="0" uspid="101" ordinal="0" offset="46" sl="76" sc="9" el="76" ec="9" bec="0" bev="0" fileid="4" />
                <SequencePoint vc="0" uspid="102" ordinal="0" offset="47" sl="78" sc="13" el="78" ec="13" bec="0" bev="0" fileid="4" />
                <SequencePoint vc="0" uspid="103" ordinal="0" offset="70" sl="79" sc="13" el="79" ec="13" bec="0" bev="0" fileid="4" />
                <SequencePoint vc="0" uspid="104" ordinal="0" offset="84" sl="81" sc="13" el="81" ec="13" bec="0" bev="0" fileid="4" />
                <SequencePoint vc="0" uspid="105" ordinal="0" offset="98" sl="82" sc="9" el="82" ec="9" bec="0" bev="0" fileid="4" />
                <SequencePoint vc="1" uspid="106" ordinal="0" offset="101" sl="83" sc="14" el="83" ec="14" bec="0" bev="0" fileid="4" />
                <SequencePoint vc="0" uspid="107" ordinal="0" offset="118" sl="84" sc="9" el="84" ec="9" bec="0" bev="0" fileid="4" />
                <SequencePoint vc="0" uspid="108" ordinal="0" offset="119" sl="85" sc="13" el="85" ec="13" bec="0" bev="0" fileid="4" />
                <SequencePoint vc="0" uspid="109" ordinal="0" offset="138" sl="86" sc="9" el="86" ec="9" bec="0" bev="0" fileid="4" />
                <SequencePoint vc="1" uspid="110" ordinal="0" offset="141" sl="87" sc="14" el="87" ec="14" bec="0" bev="0" fileid="4" />
                <SequencePoint vc="1" uspid="111" ordinal="0" offset="158" sl="88" sc="9" el="88" ec="9" bec="0" bev="0" fileid="4" />
                <SequencePoint vc="1" uspid="112" ordinal="0" offset="159" sl="89" sc="13" el="89" ec="13" bec="0" bev="0" fileid="4" />
                <SequencePoint vc="1" uspid="113" ordinal="0" offset="178" sl="90" sc="9" el="90" ec="9" bec="0" bev="0" fileid="4" />
                <SequencePoint vc="1" uspid="114" ordinal="0" offset="179" sl="91" sc="5" el="91" ec="5" bec="0" bev="0" fileid="4" />
              </SequencePoints>
              <BranchPoints />
            </Method>
            <Method visited="true" cyclomaticComplexity="0" nPathComplexity="0" sequenceCoverage="100.0" branchCoverage="0" crapScore="0" isConstructor="true" isStatic="false" isGetter="false" isSetter="false">
              <Summary numSequencePoints="11" visitedSequencePoints="11" numBranchPoints="0" visitedBranchPoints="0" sequenceCoverage="100.0" branchCoverage="0" maxCyclomaticComplexity="0" minCyclomaticComplexity="0" maxCrapScore="0" minCrapScore="0" visitedClasses="0" numClasses="0" visitedMethods="1" numMethods="1" />
              <MetadataToken>100663314</MetadataToken>
              <Name>MusicsManager::MusicsManager()</Name>
              <FileRef uid="4" />
              <SequencePoints>
                <SequencePoint vc="1" uspid="115" ordinal="0" offset="0" sl="9" sc="22" el="9" ec="22" bec="0" bev="0" fileid="4" />
                <SequencePoint vc="1" uspid="116" ordinal="0" offset="11" sl="12" sc="22" el="12" ec="22" bec="0" bev="0" fileid="4" />
                <SequencePoint vc="1" uspid="117" ordinal="0" offset="18" sl="13" sc="22" el="13" ec="22" bec="0" bev="0" fileid="4" />
                <SequencePoint vc="1" uspid="118" ordinal="0" offset="25" sl="14" sc="22" el="14" ec="22" bec="0" bev="0" fileid="4" />
                <SequencePoint vc="1" uspid="119" ordinal="0" offset="32" sl="17" sc="22" el="17" ec="22" bec="0" bev="0" fileid="4" />
                <SequencePoint vc="1" uspid="120" ordinal="0" offset="39" sl="18" sc="22" el="18" ec="22" bec="0" bev="0" fileid="4" />
                <SequencePoint vc="1" uspid="121" ordinal="0" offset="46" sl="22" sc="22" el="22" ec="22" bec="0" bev="0" fileid="4" />
                <SequencePoint vc="1" uspid="122" ordinal="0" offset="53" sl="24" sc="5" el="24" ec="5" bec="0" bev="0" fileid="4" />
                <SequencePoint vc="1" uspid="123" ordinal="0" offset="64" sl="25" sc="5" el="25" ec="5" bec="0" bev="0" fileid="4" />
                <SequencePoint vc="1" uspid="124" ordinal="0" offset="71" sl="26" sc="5" el="26" ec="5" bec="0" bev="0" fileid="4" />
                <SequencePoint vc="1" uspid="125" ordinal="0" offset="78" sl="27" sc="5" el="27" ec="5" bec="0" bev="0" fileid="4" />
              </SequencePoints>
              <BranchPoints />
            </Method>
          </Methods>
        </Class>
        <Class>
          <Summary numSequencePoints="5" visitedSequencePoints="5" numBranchPoints="0" visitedBranchPoints="0" sequenceCoverage="100.0" branchCoverage="0.0" maxCyclomaticComplexity="0" minCyclomaticComplexity="0" maxCrapScore="0" minCrapScore="0" visitedClasses="1" numClasses="1" visitedMethods="1" numMethods="1" />
          <FullName>EndGame</FullName>
          <Methods>
            <Method visited="true" cyclomaticComplexity="0" nPathComplexity="0" sequenceCoverage="100.0" branchCoverage="0" crapScore="0" isConstructor="false" isStatic="false" isGetter="false" isSetter="false">
              <Summary numSequencePoints="5" visitedSequencePoints="5" numBranchPoints="0" visitedBranchPoints="0" sequenceCoverage="100.0" branchCoverage="0" maxCyclomaticComplexity="0" minCyclomaticComplexity="0" maxCrapScore="0" minCrapScore="0" visitedClasses="0" numClasses="0" visitedMethods="1" numMethods="1" />
              <MetadataToken>100663363</MetadataToken>
              <Name>System.Void EndGame::Start()</Name>
              <FileRef uid="18" />
              <SequencePoints>
                <SequencePoint vc="1" uspid="375" ordinal="0" offset="0" sl="19" sc="5" el="19" ec="5" bec="0" bev="0" fileid="18" />
                <SequencePoint vc="1" uspid="376" ordinal="0" offset="1" sl="20" sc="9" el="20" ec="9" bec="0" bev="0" fileid="18" />
                <SequencePoint vc="1" uspid="377" ordinal="0" offset="18" sl="21" sc="9" el="21" ec="9" bec="0" bev="0" fileid="18" />
                <SequencePoint vc="1" uspid="378" ordinal="0" offset="35" sl="23" sc="9" el="23" ec="9" bec="0" bev="0" fileid="18" />
                <SequencePoint vc="1" uspid="379" ordinal="0" offset="129" sl="24" sc="5" el="24" ec="5" bec="0" bev="0" fileid="18" />
              </SequencePoints>
              <BranchPoints />
            </Method>
          </Methods>
        </Class>
        <Class>
          <Summary numSequencePoints="44" visitedSequencePoints="17" numBranchPoints="0" visitedBranchPoints="0" sequenceCoverage="38.64" branchCoverage="0.0" maxCyclomaticComplexity="0" minCyclomaticComplexity="0" maxCrapScore="0" minCrapScore="0" visitedClasses="1" numClasses="1" visitedMethods="3" numMethods="3" />
          <FullName>EndPauseMenuController</FullName>
          <Methods>
            <Method visited="true" cyclomaticComplexity="0" nPathComplexity="0" sequenceCoverage="15.79" branchCoverage="0" crapScore="0" isConstructor="false" isStatic="false" isGetter="false" isSetter="false">
              <Summary numSequencePoints="19" visitedSequencePoints="3" numBranchPoints="0" visitedBranchPoints="0" sequenceCoverage="15.79" branchCoverage="0" maxCyclomaticComplexity="0" minCyclomaticComplexity="0" maxCrapScore="0" minCrapScore="0" visitedClasses="0" numClasses="0" visitedMethods="1" numMethods="1" />
              <MetadataToken>100663366</MetadataToken>
              <Name>System.Void EndPauseMenuController::Update()</Name>
              <FileRef uid="19" />
              <SequencePoints>
                <SequencePoint vc="146" uspid="383" ordinal="0" offset="0" sl="27" sc="5" el="27" ec="5" bec="0" bev="0" fileid="19" />
                <SequencePoint vc="146" uspid="384" ordinal="0" offset="1" sl="28" sc="9" el="28" ec="9" bec="0" bev="0" fileid="19" />
                <SequencePoint vc="0" uspid="385" ordinal="0" offset="22" sl="29" sc="9" el="29" ec="9" bec="0" bev="0" fileid="19" />
                <SequencePoint vc="0" uspid="386" ordinal="0" offset="23" sl="30" sc="13" el="30" ec="13" bec="0" bev="0" fileid="19" />
                <SequencePoint vc="0" uspid="387" ordinal="0" offset="30" sl="31" sc="13" el="31" ec="13" bec="0" bev="0" fileid="19" />
                <SequencePoint vc="0" uspid="388" ordinal="0" offset="39" sl="32" sc="13" el="32" ec="13" bec="0" bev="0" fileid="19" />
                <SequencePoint vc="0" uspid="389" ordinal="0" offset="40" sl="33" sc="17" el="33" ec="17" bec="0" bev="0" fileid="19" />
                <SequencePoint vc="0" uspid="390" ordinal="0" offset="49" sl="34" sc="17" el="34" ec="17" bec="0" bev="0" fileid="19" />
                <SequencePoint vc="0" uspid="391" ordinal="0" offset="50" sl="35" sc="21" el="35" ec="21" bec="0" bev="0" fileid="19" />
                <SequencePoint vc="0" uspid="392" ordinal="0" offset="57" sl="36" sc="17" el="36" ec="17" bec="0" bev="0" fileid="19" />
                <SequencePoint vc="0" uspid="393" ordinal="0" offset="60" sl="38" sc="17" el="38" ec="17" bec="0" bev="0" fileid="19" />
                <SequencePoint vc="0" uspid="394" ordinal="0" offset="61" sl="39" sc="21" el="39" ec="21" bec="0" bev="0" fileid="19" />
                <SequencePoint vc="0" uspid="395" ordinal="0" offset="68" sl="40" sc="17" el="40" ec="17" bec="0" bev="0" fileid="19" />
                <SequencePoint vc="0" uspid="396" ordinal="0" offset="69" sl="41" sc="13" el="41" ec="13" bec="0" bev="0" fileid="19" />
                <SequencePoint vc="0" uspid="397" ordinal="0" offset="72" sl="43" sc="13" el="43" ec="13" bec="0" bev="0" fileid="19" />
                <SequencePoint vc="0" uspid="398" ordinal="0" offset="73" sl="44" sc="17" el="44" ec="17" bec="0" bev="0" fileid="19" />
                <SequencePoint vc="0" uspid="399" ordinal="0" offset="80" sl="45" sc="13" el="45" ec="13" bec="0" bev="0" fileid="19" />
                <SequencePoint vc="0" uspid="400" ordinal="0" offset="81" sl="46" sc="9" el="46" ec="9" bec="0" bev="0" fileid="19" />
                <SequencePoint vc="146" uspid="401" ordinal="0" offset="82" sl="47" sc="5" el="47" ec="5" bec="0" bev="0" fileid="19" />
              </SequencePoints>
              <BranchPoints />
            </Method>
            <Method visited="true" cyclomaticComplexity="0" nPathComplexity="0" sequenceCoverage="47.62" branchCoverage="0" crapScore="0" isConstructor="false" isStatic="false" isGetter="false" isSetter="false">
              <Summary numSequencePoints="21" visitedSequencePoints="10" numBranchPoints="0" visitedBranchPoints="0" sequenceCoverage="47.62" branchCoverage="0" maxCyclomaticComplexity="0" minCyclomaticComplexity="0" maxCrapScore="0" minCrapScore="0" visitedClasses="0" numClasses="0" visitedMethods="1" numMethods="1" />
              <MetadataToken>100663374</MetadataToken>
              <Name>System.Boolean EndPauseMenuController::MenuButtonPressed()</Name>
              <FileRef uid="19" />
              <SequencePoints>
                <SequencePoint vc="146" uspid="432" ordinal="0" offset="0" sl="96" sc="5" el="96" ec="5" bec="0" bev="0" fileid="19" />
                <SequencePoint vc="146" uspid="433" ordinal="0" offset="1" sl="98" sc="9" el="98" ec="9" bec="0" bev="0" fileid="19" />
                <SequencePoint vc="146" uspid="434" ordinal="0" offset="7" sl="99" sc="9" el="99" ec="9" bec="0" bev="0" fileid="19" />
                <SequencePoint vc="146" uspid="435" ordinal="0" offset="13" sl="100" sc="9" el="100" ec="9" bec="0" bev="0" fileid="19" />
                <SequencePoint vc="146" uspid="436" ordinal="0" offset="21" sl="103" sc="9" el="103" ec="9" bec="0" bev="0" fileid="19" />
                <SequencePoint vc="146" uspid="437" ordinal="0" offset="22" sl="103" sc="36" el="103" ec="36" bec="0" bev="0" fileid="19" />
                <SequencePoint vc="0" uspid="438" ordinal="0" offset="31" sl="103" sc="18" el="103" ec="18" bec="0" bev="0" fileid="19" />
                <SequencePoint vc="0" uspid="439" ordinal="0" offset="39" sl="104" sc="9" el="104" ec="9" bec="0" bev="0" fileid="19" />
                <SequencePoint vc="0" uspid="440" ordinal="0" offset="40" sl="106" sc="13" el="106" ec="13" bec="0" bev="0" fileid="19" />
                <SequencePoint vc="0" uspid="441" ordinal="0" offset="63" sl="107" sc="13" el="107" ec="13" bec="0" bev="0" fileid="19" />
                <SequencePoint vc="0" uspid="442" ordinal="0" offset="64" sl="109" sc="17" el="109" ec="17" bec="0" bev="0" fileid="19" />
                <SequencePoint vc="0" uspid="443" ordinal="0" offset="75" sl="110" sc="17" el="110" ec="17" bec="0" bev="0" fileid="19" />
                <SequencePoint vc="0" uspid="444" ordinal="0" offset="76" sl="111" sc="21" el="111" ec="21" bec="0" bev="0" fileid="19" />
                <SequencePoint vc="0" uspid="445" ordinal="0" offset="81" sl="114" sc="17" el="114" ec="17" bec="0" bev="0" fileid="19" />
                <SequencePoint vc="0" uspid="446" ordinal="0" offset="82" sl="115" sc="21" el="115" ec="21" bec="0" bev="0" fileid="19" />
                <SequencePoint vc="0" uspid="447" ordinal="0" offset="88" sl="116" sc="21" el="116" ec="21" bec="0" bev="0" fileid="19" />
                <SequencePoint vc="0" uspid="448" ordinal="0" offset="93" sl="119" sc="9" el="119" ec="9" bec="0" bev="0" fileid="19" />
                <SequencePoint vc="146" uspid="449" ordinal="0" offset="94" sl="103" sc="33" el="103" ec="33" bec="0" bev="0" fileid="19" />
                <SequencePoint vc="146" uspid="450" ordinal="0" offset="120" sl="122" sc="9" el="122" ec="9" bec="0" bev="0" fileid="19" />
                <SequencePoint vc="146" uspid="451" ordinal="0" offset="126" sl="123" sc="9" el="123" ec="9" bec="0" bev="0" fileid="19" />
                <SequencePoint vc="146" uspid="452" ordinal="0" offset="131" sl="124" sc="5" el="124" ec="5" bec="0" bev="0" fileid="19" />
              </SequencePoints>
              <BranchPoints />
            </Method>
            <Method visited="true" cyclomaticComplexity="0" nPathComplexity="0" sequenceCoverage="100.0" branchCoverage="0" crapScore="0" isConstructor="true" isStatic="false" isGetter="false" isSetter="false">
              <Summary numSequencePoints="4" visitedSequencePoints="4" numBranchPoints="0" visitedBranchPoints="0" sequenceCoverage="100.0" branchCoverage="0" maxCyclomaticComplexity="0" minCyclomaticComplexity="0" maxCrapScore="0" minCrapScore="0" visitedClasses="0" numClasses="0" visitedMethods="1" numMethods="1" />
              <MetadataToken>100663375</MetadataToken>
              <Name>EndPauseMenuController::EndPauseMenuController()</Name>
              <FileRef uid="19" />
              <SequencePoints>
                <SequencePoint vc="1" uspid="453" ordinal="0" offset="0" sl="10" sc="22" el="10" ec="22" bec="0" bev="0" fileid="19" />
                <SequencePoint vc="1" uspid="454" ordinal="0" offset="7" sl="11" sc="22" el="11" ec="22" bec="0" bev="0" fileid="19" />
                <SequencePoint vc="1" uspid="455" ordinal="0" offset="14" sl="12" sc="22" el="12" ec="22" bec="0" bev="0" fileid="19" />
                <SequencePoint vc="1" uspid="456" ordinal="0" offset="21" sl="16" sc="22" el="16" ec="22" bec="0" bev="0" fileid="19" />
              </SequencePoints>
              <BranchPoints />
            </Method>
          </Methods>
        </Class>
        <Class>
          <Summary numSequencePoints="3" visitedSequencePoints="3" numBranchPoints="0" visitedBranchPoints="0" sequenceCoverage="100.0" branchCoverage="0.0" maxCyclomaticComplexity="0" minCyclomaticComplexity="0" maxCrapScore="0" minCrapScore="0" visitedClasses="1" numClasses="1" visitedMethods="1" numMethods="1" />
          <FullName>SettingsMenuController</FullName>
          <Methods>
            <Method visited="true" cyclomaticComplexity="0" nPathComplexity="0" sequenceCoverage="100.0" branchCoverage="0" crapScore="0" isConstructor="true" isStatic="false" isGetter="false" isSetter="false">
              <Summary numSequencePoints="3" visitedSequencePoints="3" numBranchPoints="0" visitedBranchPoints="0" sequenceCoverage="100.0" branchCoverage="0" maxCyclomaticComplexity="0" minCyclomaticComplexity="0" maxCrapScore="0" minCrapScore="0" visitedClasses="0" numClasses="0" visitedMethods="1" numMethods="1" />
              <MetadataToken>100663396</MetadataToken>
              <Name>SettingsMenuController::SettingsMenuController()</Name>
              <FileRef uid="22" />
              <SequencePoints>
                <SequencePoint vc="1" uspid="584" ordinal="0" offset="0" sl="10" sc="22" el="10" ec="22" bec="0" bev="0" fileid="22" />
                <SequencePoint vc="1" uspid="585" ordinal="0" offset="7" sl="11" sc="22" el="11" ec="22" bec="0" bev="0" fileid="22" />
                <SequencePoint vc="1" uspid="586" ordinal="0" offset="14" sl="18" sc="5" el="18" ec="5" bec="0" bev="0" fileid="22" />
              </SequencePoints>
              <BranchPoints />
            </Method>
          </Methods>
        </Class>
        <Class>
          <Summary numSequencePoints="31" visitedSequencePoints="20" numBranchPoints="0" visitedBranchPoints="0" sequenceCoverage="64.52" branchCoverage="0.0" maxCyclomaticComplexity="0" minCyclomaticComplexity="0" maxCrapScore="0" minCrapScore="0" visitedClasses="1" numClasses="1" visitedMethods="1" numMethods="1" />
          <FullName>MusicsManager/&lt;SoftTransition&gt;d__14</FullName>
          <Methods>
            <Method visited="true" cyclomaticComplexity="0" nPathComplexity="0" sequenceCoverage="64.52" branchCoverage="0" crapScore="0" isConstructor="false" isStatic="false" isGetter="false" isSetter="false">
              <Summary numSequencePoints="31" visitedSequencePoints="20" numBranchPoints="0" visitedBranchPoints="0" sequenceCoverage="64.52" branchCoverage="0" maxCyclomaticComplexity="0" minCyclomaticComplexity="0" maxCrapScore="0" minCrapScore="0" visitedClasses="0" numClasses="0" visitedMethods="1" numMethods="1" />
              <MetadataToken>100663689</MetadataToken>
              <Name>System.Boolean MusicsManager/&lt;SoftTransition&gt;d__14::MoveNext()</Name>
              <FileRef uid="4" />
              <SequencePoints>
                <SequencePoint vc="1" uspid="2884" ordinal="0" offset="34" sl="94" sc="5" el="94" ec="5" bec="0" bev="0" fileid="4" />
                <SequencePoint vc="1" uspid="2885" ordinal="0" offset="35" sl="98" sc="9" el="98" ec="9" bec="0" bev="0" fileid="4" />
                <SequencePoint vc="0" uspid="2886" ordinal="0" offset="55" sl="99" sc="9" el="99" ec="9" bec="0" bev="0" fileid="4" />
                <SequencePoint vc="0" uspid="2887" ordinal="0" offset="56" sl="100" sc="13" el="100" ec="13" bec="0" bev="0" fileid="4" />
                <SequencePoint vc="0" uspid="2888" ordinal="0" offset="73" sl="101" sc="13" el="101" ec="13" bec="0" bev="0" fileid="4" />
                <SequencePoint vc="0" uspid="2889" ordinal="0" offset="90" sl="102" sc="9" el="102" ec="9" bec="0" bev="0" fileid="4" />
                <SequencePoint vc="1" uspid="2890" ordinal="0" offset="93" sl="104" sc="9" el="104" ec="9" bec="0" bev="0" fileid="4" />
                <SequencePoint vc="1" uspid="2891" ordinal="0" offset="94" sl="105" sc="13" el="105" ec="13" bec="0" bev="0" fileid="4" />
                <SequencePoint vc="1" uspid="2892" ordinal="0" offset="111" sl="106" sc="13" el="106" ec="13" bec="0" bev="0" fileid="4" />
                <SequencePoint vc="1" uspid="2893" ordinal="0" offset="128" sl="107" sc="9" el="107" ec="9" bec="0" bev="0" fileid="4" />
                <SequencePoint vc="1" uspid="2894" ordinal="0" offset="129" sl="110" sc="9" el="110" ec="9" bec="0" bev="0" fileid="4" />
                <SequencePoint vc="1" uspid="2895" ordinal="0" offset="147" sl="111" sc="9" el="111" ec="9" bec="0" bev="0" fileid="4" />
                <SequencePoint vc="1" uspid="2896" ordinal="0" offset="159" sl="120" sc="9" el="120" ec="9" bec="0" bev="0" fileid="4" />
                <SequencePoint vc="1" uspid="2897" ordinal="0" offset="171" sl="123" sc="9" el="123" ec="9" bec="0" bev="0" fileid="4" />
                <SequencePoint vc="146" uspid="2898" ordinal="0" offset="187" sl="125" sc="9" el="125" ec="9" bec="0" bev="0" fileid="4" />
                <SequencePoint vc="146" uspid="2899" ordinal="0" offset="188" sl="126" sc="13" el="126" ec="13" bec="0" bev="0" fileid="4" />
                <SequencePoint vc="146" uspid="2900" ordinal="0" offset="206" sl="127" sc="13" el="127" ec="13" bec="0" bev="0" fileid="4" />
                <SequencePoint vc="146" uspid="2901" ordinal="0" offset="207" sl="128" sc="17" el="128" ec="17" bec="0" bev="0" fileid="4" />
                <SequencePoint vc="146" uspid="2902" ordinal="0" offset="240" sl="129" sc="17" el="129" ec="17" bec="0" bev="0" fileid="4" />
                <SequencePoint vc="146" uspid="2903" ordinal="0" offset="273" sl="130" sc="17" el="130" ec="17" bec="0" bev="0" fileid="4" />
                <SequencePoint vc="146" uspid="2904" ordinal="0" offset="303" sl="131" sc="17" el="131" ec="17" bec="0" bev="0" fileid="4" />
                <SequencePoint vc="145" uspid="2905" ordinal="0" offset="326" sl="132" sc="13" el="132" ec="13" bec="0" bev="0" fileid="4" />
                <SequencePoint vc="0" uspid="2906" ordinal="0" offset="329" sl="134" sc="13" el="134" ec="13" bec="0" bev="0" fileid="4" />
                <SequencePoint vc="0" uspid="2907" ordinal="0" offset="330" sl="136" sc="17" el="136" ec="17" bec="0" bev="0" fileid="4" />
                <SequencePoint vc="0" uspid="2908" ordinal="0" offset="342" sl="137" sc="17" el="137" ec="17" bec="0" bev="0" fileid="4" />
                <SequencePoint vc="145" uspid="2909" ordinal="0" offset="344" sl="139" sc="9" el="139" ec="9" bec="0" bev="0" fileid="4" />
                <SequencePoint vc="146" uspid="2910" ordinal="0" offset="345" sl="124" sc="9" el="124" ec="9" bec="0" bev="0" fileid="4" />
                <SequencePoint vc="0" uspid="2911" ordinal="0" offset="370" sl="140" sc="9" el="140" ec="9" bec="0" bev="0" fileid="4" />
                <SequencePoint vc="0" uspid="2912" ordinal="0" offset="382" sl="142" sc="9" el="142" ec="9" bec="0" bev="0" fileid="4" />
                <SequencePoint vc="0" uspid="2913" ordinal="0" offset="423" sl="143" sc="9" el="143" ec="9" bec="0" bev="0" fileid="4" />
                <SequencePoint vc="0" uspid="2914" ordinal="0" offset="452" sl="144" sc="5" el="144" ec="5" bec="0" bev="0" fileid="4" />
              </SequencePoints>
              <BranchPoints />
            </Method>
          </Methods>
        </Class>
      </Classes>
    </Module>
    <Module>
      <Summary numSequencePoints="6" visitedSequencePoints="6" numBranchPoints="0" visitedBranchPoints="0" sequenceCoverage="100.0" branchCoverage="0.0" maxCyclomaticComplexity="0" minCyclomaticComplexity="0" maxCrapScore="0" minCrapScore="0" visitedClasses="1" numClasses="1" visitedMethods="1" numMethods="1" />
      <ModuleTime>0001-01-01T00:00:00</ModuleTime>
      <ModuleName>Test</ModuleName>
      <Files>
        <File uid="78" fullPath="D:/--UnityProject/VR/VRExplorer_subjects/EscapeGameVR/Assets/Scripts/Test/CubeInteractable.cs" />
        <File uid="79" fullPath="D:/--UnityProject/VR/VRExplorer_subjects/EscapeGameVR/Assets/Scripts/Test/Digicode/DigicodeAreaController.cs" />
        <File uid="80" fullPath="D:/--UnityProject/VR/VRExplorer_subjects/EscapeGameVR/Assets/Scripts/Test/Digicode/DigicodeHandler.cs" />
        <File uid="81" fullPath="D:/--UnityProject/VR/VRExplorer_subjects/EscapeGameVR/Assets/Scripts/Test/TImer/TimerHandler.cs" />
        <File uid="82" fullPath="D:/--UnityProject/VR/VRExplorer_subjects/EscapeGameVR/Assets/Scripts/Test/VR/ActivateTeleportationRay.cs" />
        <File uid="83" fullPath="D:/--UnityProject/VR/VRExplorer_subjects/EscapeGameVR/Assets/Scripts/Test/VR/AnimateHandOnInput.cs" />
        <File uid="84" fullPath="D:/--UnityProject/VR/VRExplorer_subjects/EscapeGameVR/Assets/Scripts/Test/VR/PlatformController.cs" />
        <File uid="85" fullPath="D:/--UnityProject/VR/VRExplorer_subjects/EscapeGameVR/Assets/Scripts/Test/VR/PlatformControllerOpenExit.cs" />
        <File uid="86" fullPath="D:/--UnityProject/VR/VRExplorer_subjects/EscapeGameVR/Assets/Scripts/Test/VR/VRNoPeeking.cs" />
      </Files>
      <Classes>
        <Class>
          <Summary numSequencePoints="6" visitedSequencePoints="6" numBranchPoints="0" visitedBranchPoints="0" sequenceCoverage="100.0" branchCoverage="0.0" maxCyclomaticComplexity="0" minCyclomaticComplexity="0" maxCrapScore="0" minCrapScore="0" visitedClasses="1" numClasses="1" visitedMethods="1" numMethods="1" />
          <FullName>TimerHandler</FullName>
          <Methods>
            <Method visited="true" cyclomaticComplexity="0" nPathComplexity="0" sequenceCoverage="100.0" branchCoverage="0" crapScore="0" isConstructor="true" isStatic="false" isGetter="false" isSetter="false">
              <Summary numSequencePoints="6" visitedSequencePoints="6" numBranchPoints="0" visitedBranchPoints="0" sequenceCoverage="100.0" branchCoverage="0" maxCyclomaticComplexity="0" minCyclomaticComplexity="0" maxCrapScore="0" minCrapScore="0" visitedClasses="0" numClasses="0" visitedMethods="1" numMethods="1" />
              <MetadataToken>100663333</MetadataToken>
              <Name>TimerHandler::TimerHandler()</Name>
              <FileRef uid="81" />
              <SequencePoints>
                <SequencePoint vc="1" uspid="3854" ordinal="0" offset="0" sl="8" sc="5" el="8" ec="5" bec="0" bev="0" fileid="81" />
                <SequencePoint vc="1" uspid="3855" ordinal="0" offset="11" sl="9" sc="5" el="9" ec="5" bec="0" bev="0" fileid="81" />
                <SequencePoint vc="1" uspid="3856" ordinal="0" offset="18" sl="10" sc="5" el="10" ec="5" bec="0" bev="0" fileid="81" />
                <SequencePoint vc="1" uspid="3857" ordinal="0" offset="25" sl="11" sc="5" el="11" ec="5" bec="0" bev="0" fileid="81" />
                <SequencePoint vc="1" uspid="3858" ordinal="0" offset="32" sl="12" sc="5" el="12" ec="5" bec="0" bev="0" fileid="81" />
                <SequencePoint vc="1" uspid="3859" ordinal="0" offset="39" sl="13" sc="5" el="13" ec="5" bec="0" bev="0" fileid="81" />
              </SequencePoints>
              <BranchPoints />
            </Method>
          </Methods>
        </Class>
      </Classes>
    </Module>
  </Modules>
</CoverageSession>