<?xml version="1.0" encoding="utf-8"?>
<CoverageSession xmlns:xsd="http://www.w3.org/2001/XMLSchema" xmlns:xsi="http://www.w3.org/2001/XMLSchema-instance" Version="0.0.0.0">
  <Summary numSequencePoints="426" visitedSequencePoints="278" numBranchPoints="0" visitedBranchPoints="0" sequenceCoverage="65.26" branchCoverage="0.0" maxCyclomaticComplexity="0" minCyclomaticComplexity="0" maxCrapScore="0" minCrapScore="0" visitedClasses="22" numClasses="22" visitedMethods="44" numMethods="44" />
  <Modules>
    <Module>
      <Summary numSequencePoints="246" visitedSequencePoints="123" numBranchPoints="0" visitedBranchPoints="0" sequenceCoverage="50.00" branchCoverage="0.0" maxCyclomaticComplexity="0" minCyclomaticComplexity="0" maxCrapScore="0" minCrapScore="0" visitedClasses="11" numClasses="11" visitedMethods="19" numMethods="19" />
      <ModuleTime>0001-01-01T00:00:00</ModuleTime>
      <ModuleName>Assembly-CSharp</ModuleName>
      <Files>
        <File uid="1" fullPath="D:/--UnityProject/VR/VRExplorer_subjects/EscapeGameVR/Assets/Dependencies/Decor/Brick Project Studio/Apartment Kit/Common/Scripts &amp; Animation/TableFlip/TableFlipL.cs" />
        <File uid="2" fullPath="D:/--UnityProject/VR/VRExplorer_subjects/EscapeGameVR/Assets/Dependencies/Decor/Brick Project Studio/Apartment Kit/Common/Scripts &amp; Animation/TableFlip/TableFlipR.cs" />
        <File uid="3" fullPath="D:/--UnityProject/VR/VRExplorer_subjects/EscapeGameVR/Assets/Scripts/Audio/BowDropSoundController.cs" />
        <File uid="4" fullPath="D:/--UnityProject/VR/VRExplorer_subjects/EscapeGameVR/Assets/Scripts/Audio/MusicsManager.cs" />
        <File uid="5" fullPath="D:/--UnityProject/VR/VRExplorer_subjects/EscapeGameVR/Assets/Scripts/bow/ArrowControler.cs" />
        <File uid="6" fullPath="D:/--UnityProject/VR/VRExplorer_subjects/EscapeGameVR/Assets/Scripts/bow/ArrowRotation.cs" />
        <File uid="7" fullPath="D:/--UnityProject/VR/VRExplorer_subjects/EscapeGameVR/Assets/Scripts/bow/BowAttachPointSwitcher.cs" />
        <File uid="8" fullPath="D:/--UnityProject/VR/VRExplorer_subjects/EscapeGameVR/Assets/Scripts/bow/BowString.cs" />
        <File uid="9" fullPath="D:/--UnityProject/VR/VRExplorer_subjects/EscapeGameVR/Assets/Scripts/bow/BowStringController.cs" />
        <File uid="10" fullPath="D:/--UnityProject/VR/VRExplorer_subjects/EscapeGameVR/Assets/Scripts/bow/DestroyStickingArrow.cs" />
        <File uid="11" fullPath="D:/--UnityProject/VR/VRExplorer_subjects/EscapeGameVR/Assets/Scripts/bow/MovingTarget.cs" />
        <File uid="12" fullPath="D:/--UnityProject/VR/VRExplorer_subjects/EscapeGameVR/Assets/Scripts/bow/StickingArrowToSurface.cs" />
        <File uid="13" fullPath="D:/--UnityProject/VR/VRExplorer_subjects/EscapeGameVR/Assets/Scripts/EndGame/EndGameAreaController.cs" />
        <File uid="14" fullPath="D:/--UnityProject/VR/VRExplorer_subjects/EscapeGameVR/Assets/Scripts/EndGame/ExitAreaController.cs" />
        <File uid="15" fullPath="D:/--UnityProject/VR/VRExplorer_subjects/EscapeGameVR/Assets/Scripts/FireBulletOnValidate.cs" />
        <File uid="16" fullPath="D:/--UnityProject/VR/VRExplorer_subjects/EscapeGameVR/Assets/Scripts/isSitting/ChangeIsSitting.cs" />
        <File uid="17" fullPath="D:/--UnityProject/VR/VRExplorer_subjects/EscapeGameVR/Assets/Scripts/isSitting/isSittingScriptableObject.cs" />
        <File uid="18" fullPath="D:/--UnityProject/VR/VRExplorer_subjects/EscapeGameVR/Assets/Scripts/Menus/EndGame.cs" />
        <File uid="19" fullPath="D:/--UnityProject/VR/VRExplorer_subjects/EscapeGameVR/Assets/Scripts/Menus/EndPauseMenuController.cs" />
        <File uid="20" fullPath="D:/--UnityProject/VR/VRExplorer_subjects/EscapeGameVR/Assets/Scripts/Menus/MainMenuController.cs" />
        <File uid="21" fullPath="D:/--UnityProject/VR/VRExplorer_subjects/EscapeGameVR/Assets/Scripts/Menus/ScriptableObjects/SavedInfoSettings.cs" />
        <File uid="22" fullPath="D:/--UnityProject/VR/VRExplorer_subjects/EscapeGameVR/Assets/Scripts/Menus/SettingsMenuController.cs" />
        <File uid="23" fullPath="D:/--UnityProject/VR/VRExplorer_subjects/EscapeGameVR/Assets/Scripts/Potion/PotionAttachPointSwitcher.cs" />
        <File uid="24" fullPath="D:/--UnityProject/VR/VRExplorer_subjects/EscapeGameVR/Assets/Scripts/Potion/Wobble.cs" />
        <File uid="25" fullPath="D:/--UnityProject/VR/VRExplorer_subjects/EscapeGameVR/Assets/Scripts/Taillevar.cs" />
        <File uid="26" fullPath="D:/--UnityProject/VR/VRExplorer_subjects/EscapeGameVR/Assets/Scripts/TargetController.cs" />
        <File uid="27" fullPath="D:/--UnityProject/VR/VRExplorer_subjects/EscapeGameVR/Assets/TextMesh Pro/Examples &amp; Extras/Scripts/ChatController.cs" />
        <File uid="28" fullPath="D:/--UnityProject/VR/VRExplorer_subjects/EscapeGameVR/Assets/TextMesh Pro/Examples &amp; Extras/Scripts/DropdownSample.cs" />
        <File uid="29" fullPath="D:/--UnityProject/VR/VRExplorer_subjects/EscapeGameVR/Assets/TextMesh Pro/Examples &amp; Extras/Scripts/EnvMapAnimator.cs" />
        <File uid="30" fullPath="D:/--UnityProject/VR/VRExplorer_subjects/EscapeGameVR/Assets/TextMesh Pro/Examples &amp; Extras/Scripts/TMP_DigitValidator.cs" />
        <File uid="31" fullPath="D:/--UnityProject/VR/VRExplorer_subjects/EscapeGameVR/Assets/TextMesh Pro/Examples &amp; Extras/Scripts/TMP_PhoneNumberValidator.cs" />
        <File uid="32" fullPath="D:/--UnityProject/VR/VRExplorer_subjects/EscapeGameVR/Assets/TextMesh Pro/Examples &amp; Extras/Scripts/TMP_TextEventHandler.cs" />
        <File uid="33" fullPath="D:/--UnityProject/VR/VRExplorer_subjects/EscapeGameVR/Assets/TextMesh Pro/Examples &amp; Extras/Scripts/Benchmark01.cs" />
        <File uid="34" fullPath="D:/--UnityProject/VR/VRExplorer_subjects/EscapeGameVR/Assets/TextMesh Pro/Examples &amp; Extras/Scripts/Benchmark01_UGUI.cs" />
        <File uid="35" fullPath="D:/--UnityProject/VR/VRExplorer_subjects/EscapeGameVR/Assets/TextMesh Pro/Examples &amp; Extras/Scripts/Benchmark02.cs" />
        <File uid="36" fullPath="D:/--UnityProject/VR/VRExplorer_subjects/EscapeGameVR/Assets/TextMesh Pro/Examples &amp; Extras/Scripts/Benchmark03.cs" />
        <File uid="37" fullPath="D:/--UnityProject/VR/VRExplorer_subjects/EscapeGameVR/Assets/TextMesh Pro/Examples &amp; Extras/Scripts/Benchmark04.cs" />
        <File uid="38" fullPath="D:/--UnityProject/VR/VRExplorer_subjects/EscapeGameVR/Assets/TextMesh Pro/Examples &amp; Extras/Scripts/CameraController.cs" />
        <File uid="39" fullPath="D:/--UnityProject/VR/VRExplorer_subjects/EscapeGameVR/Assets/TextMesh Pro/Examples &amp; Extras/Scripts/ObjectSpin.cs" />
        <File uid="40" fullPath="D:/--UnityProject/VR/VRExplorer_subjects/EscapeGameVR/Assets/TextMesh Pro/Examples &amp; Extras/Scripts/ShaderPropAnimator.cs" />
        <File uid="41" fullPath="D:/--UnityProject/VR/VRExplorer_subjects/EscapeGameVR/Assets/TextMesh Pro/Examples &amp; Extras/Scripts/SimpleScript.cs" />
        <File uid="42" fullPath="D:/--UnityProject/VR/VRExplorer_subjects/EscapeGameVR/Assets/TextMesh Pro/Examples &amp; Extras/Scripts/SkewTextExample.cs" />
        <File uid="43" fullPath="D:/--UnityProject/VR/VRExplorer_subjects/EscapeGameVR/Assets/TextMesh Pro/Examples &amp; Extras/Scripts/TeleType.cs" />
        <File uid="44" fullPath="D:/--UnityProject/VR/VRExplorer_subjects/EscapeGameVR/Assets/TextMesh Pro/Examples &amp; Extras/Scripts/TextConsoleSimulator.cs" />
        <File uid="45" fullPath="D:/--UnityProject/VR/VRExplorer_subjects/EscapeGameVR/Assets/TextMesh Pro/Examples &amp; Extras/Scripts/TextMeshProFloatingText.cs" />
        <File uid="46" fullPath="D:/--UnityProject/VR/VRExplorer_subjects/EscapeGameVR/Assets/TextMesh Pro/Examples &amp; Extras/Scripts/TextMeshSpawner.cs" />
        <File uid="47" fullPath="D:/--UnityProject/VR/VRExplorer_subjects/EscapeGameVR/Assets/TextMesh Pro/Examples &amp; Extras/Scripts/TMPro_InstructionOverlay.cs" />
        <File uid="48" fullPath="D:/--UnityProject/VR/VRExplorer_subjects/EscapeGameVR/Assets/TextMesh Pro/Examples &amp; Extras/Scripts/TMP_ExampleScript_01.cs" />
        <File uid="49" fullPath="D:/--UnityProject/VR/VRExplorer_subjects/EscapeGameVR/Assets/TextMesh Pro/Examples &amp; Extras/Scripts/TMP_FrameRateCounter.cs" />
        <File uid="50" fullPath="D:/--UnityProject/VR/VRExplorer_subjects/EscapeGameVR/Assets/TextMesh Pro/Examples &amp; Extras/Scripts/TMP_TextEventCheck.cs" />
        <File uid="51" fullPath="D:/--UnityProject/VR/VRExplorer_subjects/EscapeGameVR/Assets/TextMesh Pro/Examples &amp; Extras/Scripts/TMP_TextInfoDebugTool.cs" />
        <File uid="52" fullPath="D:/--UnityProject/VR/VRExplorer_subjects/EscapeGameVR/Assets/TextMesh Pro/Examples &amp; Extras/Scripts/TMP_TextSelector_A.cs" />
        <File uid="53" fullPath="D:/--UnityProject/VR/VRExplorer_subjects/EscapeGameVR/Assets/TextMesh Pro/Examples &amp; Extras/Scripts/TMP_TextSelector_B.cs" />
        <File uid="54" fullPath="D:/--UnityProject/VR/VRExplorer_subjects/EscapeGameVR/Assets/TextMesh Pro/Examples &amp; Extras/Scripts/TMP_UiFrameRateCounter.cs" />
        <File uid="55" fullPath="D:/--UnityProject/VR/VRExplorer_subjects/EscapeGameVR/Assets/TextMesh Pro/Examples &amp; Extras/Scripts/VertexColorCycler.cs" />
        <File uid="56" fullPath="D:/--UnityProject/VR/VRExplorer_subjects/EscapeGameVR/Assets/TextMesh Pro/Examples &amp; Extras/Scripts/VertexJitter.cs" />
        <File uid="57" fullPath="D:/--UnityProject/VR/VRExplorer_subjects/EscapeGameVR/Assets/TextMesh Pro/Examples &amp; Extras/Scripts/VertexShakeA.cs" />
        <File uid="58" fullPath="D:/--UnityProject/VR/VRExplorer_subjects/EscapeGameVR/Assets/TextMesh Pro/Examples &amp; Extras/Scripts/VertexShakeB.cs" />
        <File uid="59" fullPath="D:/--UnityProject/VR/VRExplorer_subjects/EscapeGameVR/Assets/TextMesh Pro/Examples &amp; Extras/Scripts/VertexZoom.cs" />
        <File uid="60" fullPath="D:/--UnityProject/VR/VRExplorer_subjects/EscapeGameVR/Assets/TextMesh Pro/Examples &amp; Extras/Scripts/WarpTextExample.cs" />
        <File uid="61" fullPath="D:/--UnityProject/VR/VRExplorer_subjects/EscapeGameVR/Assets/Dependencies/Decor/Brick Project Studio/Apartment Kit/Common/Scripts &amp; Animation/Closet/ClosetopencloseDoor.cs" />
        <File uid="62" fullPath="D:/--UnityProject/VR/VRExplorer_subjects/EscapeGameVR/Assets/Dependencies/Decor/Brick Project Studio/Apartment Kit/Common/Scripts &amp; Animation/OvenOpen/OvenFlip.cs" />
        <File uid="63" fullPath="D:/--UnityProject/VR/VRExplorer_subjects/EscapeGameVR/Assets/Dependencies/Decor/Brick Project Studio/Apartment Kit/Common/Scripts &amp; Animation/Slide/BRGlassDoor.cs" />
        <File uid="64" fullPath="D:/--UnityProject/VR/VRExplorer_subjects/EscapeGameVR/Assets/Dependencies/Decor/Brick Project Studio/Apartment Kit/Common/Scripts &amp; Animation/Slide/opencloseSlide.cs" />
        <File uid="65" fullPath="D:/--UnityProject/VR/VRExplorer_subjects/EscapeGameVR/Assets/Dependencies/Decor/Brick Project Studio/Apartment Kit/Common/Scripts &amp; Animation/Windows/opencloseWindowApt.cs" />
        <File uid="66" fullPath="D:/--UnityProject/VR/VRExplorer_subjects/EscapeGameVR/Assets/Dependencies/Decor/Brick Project Studio/Apartment Kit/Common/Scripts &amp; Animation/Z Axis -1/Drawer_Pull_Zopp.cs" />
        <File uid="67" fullPath="D:/--UnityProject/VR/VRExplorer_subjects/EscapeGameVR/Assets/Dependencies/Decor/Brick Project Studio/Apartment Kit/Scenes/Quitgame.cs" />
        <File uid="68" fullPath="D:/--UnityProject/VR/VRExplorer_subjects/EscapeGameVR/Assets/Dependencies/Decor/Brick Project Studio/_BPS Basic Assets/Common/Scripts and Animations/Doors/opencloseDoor.cs" />
        <File uid="69" fullPath="D:/--UnityProject/VR/VRExplorer_subjects/EscapeGameVR/Assets/Dependencies/Decor/Brick Project Studio/_BPS Basic Assets/Common/Scripts and Animations/Doors/opencloseDoor1.cs" />
        <File uid="70" fullPath="D:/--UnityProject/VR/VRExplorer_subjects/EscapeGameVR/Assets/Dependencies/Decor/Brick Project Studio/_BPS Basic Assets/Common/Scripts and Animations/Doors/opencloseStallDoor.cs" />
        <File uid="71" fullPath="D:/--UnityProject/VR/VRExplorer_subjects/EscapeGameVR/Assets/Dependencies/Decor/Brick Project Studio/_BPS Basic Assets/Common/Scripts and Animations/Drawer/X Axis/Drawer_Pull_X.cs" />
        <File uid="72" fullPath="D:/--UnityProject/VR/VRExplorer_subjects/EscapeGameVR/Assets/Dependencies/Decor/Brick Project Studio/_BPS Basic Assets/Common/Scripts and Animations/Drawer/Z Axis/Drawer_Pull_Z.cs" />
        <File uid="73" fullPath="D:/--UnityProject/VR/VRExplorer_subjects/EscapeGameVR/Assets/Dependencies/Decor/Brick Project Studio/_BPS Basic Assets/Common/Scripts and Animations/First Person Player/MouseLook.cs" />
        <File uid="74" fullPath="D:/--UnityProject/VR/VRExplorer_subjects/EscapeGameVR/Assets/Dependencies/Decor/Brick Project Studio/_BPS Basic Assets/Common/Scripts and Animations/First Person Player/PlayerMovement.cs" />
        <File uid="75" fullPath="D:/--UnityProject/VR/VRExplorer_subjects/EscapeGameVR/Assets/Dependencies/Decor/Brick Project Studio/_BPS Basic Assets/Common/Scripts and Animations/First Person Player/SceneSwitchGen.cs" />
        <File uid="76" fullPath="D:/--UnityProject/VR/VRExplorer_subjects/EscapeGameVR/Assets/Dependencies/Decor/Brick Project Studio/_BPS Basic Assets/Common/Scripts and Animations/Windows/opencloseWindow.cs" />
        <File uid="77" fullPath="D:/--UnityProject/VR/VRExplorer_subjects/EscapeGameVR/Assets/Dependencies/Decor/Brick Project Studio/_BPS Basic Assets/Common/Scripts and Animations/Windows/opencloseWindow1.cs" />
      </Files>
      <Classes>
        <Class>
          <Summary numSequencePoints="1" visitedSequencePoints="1" numBranchPoints="0" visitedBranchPoints="0" sequenceCoverage="100.0" branchCoverage="0.0" maxCyclomaticComplexity="0" minCyclomaticComplexity="0" maxCrapScore="0" minCrapScore="0" visitedClasses="1" numClasses="1" visitedMethods="1" numMethods="1" />
          <FullName>BowDropSoundController</FullName>
          <Methods>
            <Method visited="true" cyclomaticComplexity="0" nPathComplexity="0" sequenceCoverage="100.0" branchCoverage="0" crapScore="0" isConstructor="true" isStatic="false" isGetter="false" isSetter="false">
              <Summary numSequencePoints="1" visitedSequencePoints="1" numBranchPoints="0" visitedBranchPoints="0" sequenceCoverage="100.0" branchCoverage="0" maxCyclomaticComplexity="0" minCyclomaticComplexity="0" maxCrapScore="0" minCrapScore="0" visitedClasses="0" numClasses="0" visitedMethods="1" numMethods="1" />
              <MetadataToken>100663308</MetadataToken>
              <Name>BowDropSoundController::BowDropSoundController()</Name>
              <FileRef uid="3" />
              <SequencePoints>
                <SequencePoint vc="1" uspid="8069" ordinal="0" offset="0" sl="8" sc="5" el="8" ec="5" bec="0" bev="0" fileid="3" />
              </SequencePoints>
              <BranchPoints />
            </Method>
          </Methods>
        </Class>
        <Class>
          <Summary numSequencePoints="58" visitedSequencePoints="35" numBranchPoints="0" visitedBranchPoints="0" sequenceCoverage="60.34" branchCoverage="0.0" maxCyclomaticComplexity="0" minCyclomaticComplexity="0" maxCrapScore="0" minCrapScore="0" visitedClasses="1" numClasses="1" visitedMethods="4" numMethods="4" />
          <FullName>MusicsManager</FullName>
          <Methods>
            <Method visited="true" cyclomaticComplexity="0" nPathComplexity="0" sequenceCoverage="62.50" branchCoverage="0" crapScore="0" isConstructor="false" isStatic="false" isGetter="false" isSetter="false">
              <Summary numSequencePoints="8" visitedSequencePoints="5" numBranchPoints="0" visitedBranchPoints="0" sequenceCoverage="62.50" branchCoverage="0" maxCyclomaticComplexity="0" minCyclomaticComplexity="0" maxCrapScore="0" minCrapScore="0" visitedClasses="0" numClasses="0" visitedMethods="1" numMethods="1" />
              <MetadataToken>100663309</MetadataToken>
              <Name>System.Void MusicsManager::Awake()</Name>
              <FileRef uid="4" />
              <SequencePoints>
                <SequencePoint vc="1" uspid="8070" ordinal="0" offset="0" sl="30" sc="5" el="30" ec="5" bec="0" bev="0" fileid="4" />
                <SequencePoint vc="1" uspid="8071" ordinal="0" offset="1" sl="31" sc="9" el="31" ec="9" bec="0" bev="0" fileid="4" />
                <SequencePoint vc="1" uspid="8072" ordinal="0" offset="12" sl="33" sc="9" el="33" ec="9" bec="0" bev="0" fileid="4" />
                <SequencePoint vc="0" uspid="8073" ordinal="0" offset="22" sl="34" sc="9" el="34" ec="9" bec="0" bev="0" fileid="4" />
                <SequencePoint vc="0" uspid="8074" ordinal="0" offset="23" sl="35" sc="13" el="35" ec="13" bec="0" bev="0" fileid="4" />
                <SequencePoint vc="0" uspid="8075" ordinal="0" offset="35" sl="36" sc="9" el="36" ec="9" bec="0" bev="0" fileid="4" />
                <SequencePoint vc="1" uspid="8076" ordinal="0" offset="36" sl="38" sc="9" el="38" ec="9" bec="0" bev="0" fileid="4" />
                <SequencePoint vc="1" uspid="8077" ordinal="0" offset="48" sl="39" sc="5" el="39" ec="5" bec="0" bev="0" fileid="4" />
              </SequencePoints>
              <BranchPoints />
            </Method>
            <Method visited="true" cyclomaticComplexity="0" nPathComplexity="0" sequenceCoverage="45.45" branchCoverage="0" crapScore="0" isConstructor="false" isStatic="false" isGetter="false" isSetter="false">
              <Summary numSequencePoints="22" visitedSequencePoints="10" numBranchPoints="0" visitedBranchPoints="0" sequenceCoverage="45.45" branchCoverage="0" maxCyclomaticComplexity="0" minCyclomaticComplexity="0" maxCrapScore="0" minCrapScore="0" visitedClasses="0" numClasses="0" visitedMethods="1" numMethods="1" />
              <MetadataToken>100663310</MetadataToken>
              <Name>System.Void MusicsManager::Update()</Name>
              <FileRef uid="4" />
              <SequencePoints>
                <SequencePoint vc="1925" uspid="8078" ordinal="0" offset="0" sl="43" sc="5" el="43" ec="5" bec="0" bev="0" fileid="4" />
                <SequencePoint vc="1925" uspid="8079" ordinal="0" offset="1" sl="44" sc="9" el="44" ec="9" bec="0" bev="0" fileid="4" />
                <SequencePoint vc="1925" uspid="8080" ordinal="0" offset="15" sl="46" sc="9" el="46" ec="9" bec="0" bev="0" fileid="4" />
                <SequencePoint vc="1" uspid="8081" ordinal="0" offset="49" sl="47" sc="9" el="47" ec="9" bec="0" bev="0" fileid="4" />
                <SequencePoint vc="1" uspid="8082" ordinal="0" offset="50" sl="49" sc="13" el="49" ec="13" bec="0" bev="0" fileid="4" />
                <SequencePoint vc="1" uspid="8083" ordinal="0" offset="57" sl="50" sc="13" el="50" ec="13" bec="0" bev="0" fileid="4" />
                <SequencePoint vc="1" uspid="8084" ordinal="0" offset="64" sl="51" sc="9" el="51" ec="9" bec="0" bev="0" fileid="4" />
                <SequencePoint vc="1924" uspid="8085" ordinal="0" offset="67" sl="52" sc="14" el="52" ec="14" bec="0" bev="0" fileid="4" />
                <SequencePoint vc="0" uspid="8086" ordinal="0" offset="83" sl="53" sc="9" el="53" ec="9" bec="0" bev="0" fileid="4" />
                <SequencePoint vc="0" uspid="8087" ordinal="0" offset="84" sl="55" sc="13" el="55" ec="13" bec="0" bev="0" fileid="4" />
                <SequencePoint vc="0" uspid="8088" ordinal="0" offset="91" sl="56" sc="13" el="56" ec="13" bec="0" bev="0" fileid="4" />
                <SequencePoint vc="0" uspid="8089" ordinal="0" offset="98" sl="57" sc="13" el="57" ec="13" bec="0" bev="0" fileid="4" />
                <SequencePoint vc="0" uspid="8090" ordinal="0" offset="105" sl="58" sc="13" el="58" ec="13" bec="0" bev="0" fileid="4" />
                <SequencePoint vc="0" uspid="8091" ordinal="0" offset="112" sl="59" sc="9" el="59" ec="9" bec="0" bev="0" fileid="4" />
                <SequencePoint vc="1924" uspid="8092" ordinal="0" offset="115" sl="61" sc="14" el="61" ec="14" bec="0" bev="0" fileid="4" />
                <SequencePoint vc="0" uspid="8093" ordinal="0" offset="127" sl="62" sc="9" el="62" ec="9" bec="0" bev="0" fileid="4" />
                <SequencePoint vc="0" uspid="8094" ordinal="0" offset="128" sl="64" sc="13" el="64" ec="13" bec="0" bev="0" fileid="4" />
                <SequencePoint vc="0" uspid="8095" ordinal="0" offset="135" sl="65" sc="13" el="65" ec="13" bec="0" bev="0" fileid="4" />
                <SequencePoint vc="0" uspid="8096" ordinal="0" offset="142" sl="66" sc="13" el="66" ec="13" bec="0" bev="0" fileid="4" />
                <SequencePoint vc="0" uspid="8097" ordinal="0" offset="149" sl="67" sc="13" el="67" ec="13" bec="0" bev="0" fileid="4" />
                <SequencePoint vc="0" uspid="8098" ordinal="0" offset="156" sl="68" sc="9" el="68" ec="9" bec="0" bev="0" fileid="4" />
                <SequencePoint vc="1925" uspid="8099" ordinal="0" offset="157" sl="69" sc="5" el="69" ec="5" bec="0" bev="0" fileid="4" />
              </SequencePoints>
              <BranchPoints />
            </Method>
            <Method visited="true" cyclomaticComplexity="0" nPathComplexity="0" sequenceCoverage="52.94" branchCoverage="0" crapScore="0" isConstructor="false" isStatic="false" isGetter="false" isSetter="false">
              <Summary numSequencePoints="17" visitedSequencePoints="9" numBranchPoints="0" visitedBranchPoints="0" sequenceCoverage="52.94" branchCoverage="0" maxCyclomaticComplexity="0" minCyclomaticComplexity="0" maxCrapScore="0" minCrapScore="0" visitedClasses="0" numClasses="0" visitedMethods="1" numMethods="1" />
              <MetadataToken>100663311</MetadataToken>
              <Name>System.Void MusicsManager::PlayNextMusic()</Name>
              <FileRef uid="4" />
              <SequencePoints>
                <SequencePoint vc="1" uspid="8100" ordinal="0" offset="0" sl="72" sc="5" el="72" ec="5" bec="0" bev="0" fileid="4" />
                <SequencePoint vc="1" uspid="8101" ordinal="0" offset="1" sl="73" sc="9" el="73" ec="9" bec="0" bev="0" fileid="4" />
                <SequencePoint vc="1" uspid="8102" ordinal="0" offset="15" sl="75" sc="9" el="75" ec="9" bec="0" bev="0" fileid="4" />
                <SequencePoint vc="1" uspid="8103" ordinal="0" offset="46" sl="76" sc="9" el="76" ec="9" bec="0" bev="0" fileid="4" />
                <SequencePoint vc="1" uspid="8104" ordinal="0" offset="47" sl="78" sc="13" el="78" ec="13" bec="0" bev="0" fileid="4" />
                <SequencePoint vc="1" uspid="8105" ordinal="0" offset="70" sl="79" sc="13" el="79" ec="13" bec="0" bev="0" fileid="4" />
                <SequencePoint vc="1" uspid="8106" ordinal="0" offset="84" sl="81" sc="13" el="81" ec="13" bec="0" bev="0" fileid="4" />
                <SequencePoint vc="1" uspid="8107" ordinal="0" offset="98" sl="82" sc="9" el="82" ec="9" bec="0" bev="0" fileid="4" />
                <SequencePoint vc="0" uspid="8108" ordinal="0" offset="101" sl="83" sc="14" el="83" ec="14" bec="0" bev="0" fileid="4" />
                <SequencePoint vc="0" uspid="8109" ordinal="0" offset="118" sl="84" sc="9" el="84" ec="9" bec="0" bev="0" fileid="4" />
                <SequencePoint vc="0" uspid="8110" ordinal="0" offset="119" sl="85" sc="13" el="85" ec="13" bec="0" bev="0" fileid="4" />
                <SequencePoint vc="0" uspid="8111" ordinal="0" offset="138" sl="86" sc="9" el="86" ec="9" bec="0" bev="0" fileid="4" />
                <SequencePoint vc="0" uspid="8112" ordinal="0" offset="141" sl="87" sc="14" el="87" ec="14" bec="0" bev="0" fileid="4" />
                <SequencePoint vc="0" uspid="8113" ordinal="0" offset="158" sl="88" sc="9" el="88" ec="9" bec="0" bev="0" fileid="4" />
                <SequencePoint vc="0" uspid="8114" ordinal="0" offset="159" sl="89" sc="13" el="89" ec="13" bec="0" bev="0" fileid="4" />
                <SequencePoint vc="0" uspid="8115" ordinal="0" offset="178" sl="90" sc="9" el="90" ec="9" bec="0" bev="0" fileid="4" />
                <SequencePoint vc="1" uspid="8116" ordinal="0" offset="179" sl="91" sc="5" el="91" ec="5" bec="0" bev="0" fileid="4" />
              </SequencePoints>
              <BranchPoints />
            </Method>
            <Method visited="true" cyclomaticComplexity="0" nPathComplexity="0" sequenceCoverage="100.0" branchCoverage="0" crapScore="0" isConstructor="true" isStatic="false" isGetter="false" isSetter="false">
              <Summary numSequencePoints="11" visitedSequencePoints="11" numBranchPoints="0" visitedBranchPoints="0" sequenceCoverage="100.0" branchCoverage="0" maxCyclomaticComplexity="0" minCyclomaticComplexity="0" maxCrapScore="0" minCrapScore="0" visitedClasses="0" numClasses="0" visitedMethods="1" numMethods="1" />
              <MetadataToken>100663314</MetadataToken>
              <Name>MusicsManager::MusicsManager()</Name>
              <FileRef uid="4" />
              <SequencePoints>
                <SequencePoint vc="1" uspid="8117" ordinal="0" offset="0" sl="9" sc="22" el="9" ec="22" bec="0" bev="0" fileid="4" />
                <SequencePoint vc="1" uspid="8118" ordinal="0" offset="11" sl="12" sc="22" el="12" ec="22" bec="0" bev="0" fileid="4" />
                <SequencePoint vc="1" uspid="8119" ordinal="0" offset="18" sl="13" sc="22" el="13" ec="22" bec="0" bev="0" fileid="4" />
                <SequencePoint vc="1" uspid="8120" ordinal="0" offset="25" sl="14" sc="22" el="14" ec="22" bec="0" bev="0" fileid="4" />
                <SequencePoint vc="1" uspid="8121" ordinal="0" offset="32" sl="17" sc="22" el="17" ec="22" bec="0" bev="0" fileid="4" />
                <SequencePoint vc="1" uspid="8122" ordinal="0" offset="39" sl="18" sc="22" el="18" ec="22" bec="0" bev="0" fileid="4" />
                <SequencePoint vc="1" uspid="8123" ordinal="0" offset="46" sl="22" sc="22" el="22" ec="22" bec="0" bev="0" fileid="4" />
                <SequencePoint vc="1" uspid="8124" ordinal="0" offset="53" sl="24" sc="5" el="24" ec="5" bec="0" bev="0" fileid="4" />
                <SequencePoint vc="1" uspid="8125" ordinal="0" offset="64" sl="25" sc="5" el="25" ec="5" bec="0" bev="0" fileid="4" />
                <SequencePoint vc="1" uspid="8126" ordinal="0" offset="71" sl="26" sc="5" el="26" ec="5" bec="0" bev="0" fileid="4" />
                <SequencePoint vc="1" uspid="8127" ordinal="0" offset="78" sl="27" sc="5" el="27" ec="5" bec="0" bev="0" fileid="4" />
              </SequencePoints>
              <BranchPoints />
            </Method>
          </Methods>
        </Class>
        <Class>
          <Summary numSequencePoints="1" visitedSequencePoints="1" numBranchPoints="0" visitedBranchPoints="0" sequenceCoverage="100.0" branchCoverage="0.0" maxCyclomaticComplexity="0" minCyclomaticComplexity="0" maxCrapScore="0" minCrapScore="0" visitedClasses="1" numClasses="1" visitedMethods="1" numMethods="1" />
          <FullName>ArrowControler</FullName>
          <Methods>
            <Method visited="true" cyclomaticComplexity="0" nPathComplexity="0" sequenceCoverage="100.0" branchCoverage="0" crapScore="0" isConstructor="true" isStatic="false" isGetter="false" isSetter="false">
              <Summary numSequencePoints="1" visitedSequencePoints="1" numBranchPoints="0" visitedBranchPoints="0" sequenceCoverage="100.0" branchCoverage="0" maxCyclomaticComplexity="0" minCyclomaticComplexity="0" maxCrapScore="0" minCrapScore="0" visitedClasses="0" numClasses="0" visitedMethods="1" numMethods="1" />
              <MetadataToken>100663317</MetadataToken>
              <Name>ArrowControler::ArrowControler()</Name>
              <FileRef uid="5" />
              <SequencePoints>
                <SequencePoint vc="1" uspid="8140" ordinal="0" offset="0" sl="8" sc="22" el="8" ec="22" bec="0" bev="0" fileid="5" />
              </SequencePoints>
              <BranchPoints />
            </Method>
          </Methods>
        </Class>
        <Class>
          <Summary numSequencePoints="2" visitedSequencePoints="2" numBranchPoints="0" visitedBranchPoints="0" sequenceCoverage="100.0" branchCoverage="0.0" maxCyclomaticComplexity="0" minCyclomaticComplexity="0" maxCrapScore="0" minCrapScore="0" visitedClasses="1" numClasses="1" visitedMethods="1" numMethods="1" />
          <FullName>BowStringController</FullName>
          <Methods>
            <Method visited="true" cyclomaticComplexity="0" nPathComplexity="0" sequenceCoverage="100.0" branchCoverage="0" crapScore="0" isConstructor="true" isStatic="false" isGetter="false" isSetter="false">
              <Summary numSequencePoints="2" visitedSequencePoints="2" numBranchPoints="0" visitedBranchPoints="0" sequenceCoverage="100.0" branchCoverage="0" maxCyclomaticComplexity="0" minCyclomaticComplexity="0" maxCrapScore="0" minCrapScore="0" visitedClasses="0" numClasses="0" visitedMethods="1" numMethods="1" />
              <MetadataToken>100663336</MetadataToken>
              <Name>BowStringController::BowStringController()</Name>
              <FileRef uid="9" />
              <SequencePoints>
                <SequencePoint vc="1" uspid="8264" ordinal="0" offset="0" sl="15" sc="22" el="15" ec="22" bec="0" bev="0" fileid="9" />
                <SequencePoint vc="1" uspid="8265" ordinal="0" offset="11" sl="20" sc="22" el="20" ec="22" bec="0" bev="0" fileid="9" />
              </SequencePoints>
              <BranchPoints />
            </Method>
          </Methods>
        </Class>
        <Class>
          <Summary numSequencePoints="3" visitedSequencePoints="3" numBranchPoints="0" visitedBranchPoints="0" sequenceCoverage="100.0" branchCoverage="0.0" maxCyclomaticComplexity="0" minCyclomaticComplexity="0" maxCrapScore="0" minCrapScore="0" visitedClasses="1" numClasses="1" visitedMethods="1" numMethods="1" />
          <FullName>SettingsMenuController</FullName>
          <Methods>
            <Method visited="true" cyclomaticComplexity="0" nPathComplexity="0" sequenceCoverage="100.0" branchCoverage="0" crapScore="0" isConstructor="true" isStatic="false" isGetter="false" isSetter="false">
              <Summary numSequencePoints="3" visitedSequencePoints="3" numBranchPoints="0" visitedBranchPoints="0" sequenceCoverage="100.0" branchCoverage="0" maxCyclomaticComplexity="0" minCyclomaticComplexity="0" maxCrapScore="0" minCrapScore="0" visitedClasses="0" numClasses="0" visitedMethods="1" numMethods="1" />
              <MetadataToken>100663396</MetadataToken>
              <Name>SettingsMenuController::SettingsMenuController()</Name>
              <FileRef uid="22" />
              <SequencePoints>
                <SequencePoint vc="1" uspid="8586" ordinal="0" offset="0" sl="10" sc="22" el="10" ec="22" bec="0" bev="0" fileid="22" />
                <SequencePoint vc="1" uspid="8587" ordinal="0" offset="7" sl="11" sc="22" el="11" ec="22" bec="0" bev="0" fileid="22" />
                <SequencePoint vc="1" uspid="8588" ordinal="0" offset="14" sl="18" sc="5" el="18" ec="5" bec="0" bev="0" fileid="22" />
              </SequencePoints>
              <BranchPoints />
            </Method>
          </Methods>
        </Class>
        <Class>
          <Summary numSequencePoints="21" visitedSequencePoints="3" numBranchPoints="0" visitedBranchPoints="0" sequenceCoverage="14.29" branchCoverage="0.0" maxCyclomaticComplexity="0" minCyclomaticComplexity="0" maxCrapScore="0" minCrapScore="0" visitedClasses="1" numClasses="1" visitedMethods="1" numMethods="1" />
          <FullName>PotionAttachPointSwitcher</FullName>
          <Methods>
            <Method visited="true" cyclomaticComplexity="0" nPathComplexity="0" sequenceCoverage="14.29" branchCoverage="0" crapScore="0" isConstructor="false" isStatic="false" isGetter="false" isSetter="false">
              <Summary numSequencePoints="21" visitedSequencePoints="3" numBranchPoints="0" visitedBranchPoints="0" sequenceCoverage="14.29" branchCoverage="0" maxCyclomaticComplexity="0" minCyclomaticComplexity="0" maxCrapScore="0" minCrapScore="0" visitedClasses="0" numClasses="0" visitedMethods="1" numMethods="1" />
              <MetadataToken>100663397</MetadataToken>
              <Name>System.Void PotionAttachPointSwitcher::OnTriggerEnter(UnityEngine.Collider)</Name>
              <FileRef uid="23" />
              <SequencePoints>
                <SequencePoint vc="17" uspid="8589" ordinal="0" offset="0" sl="8" sc="5" el="8" ec="5" bec="0" bev="0" fileid="23" />
                <SequencePoint vc="17" uspid="8590" ordinal="0" offset="1" sl="9" sc="9" el="9" ec="9" bec="0" bev="0" fileid="23" />
                <SequencePoint vc="0" uspid="8591" ordinal="0" offset="31" sl="10" sc="9" el="10" ec="9" bec="0" bev="0" fileid="23" />
                <SequencePoint vc="0" uspid="8592" ordinal="0" offset="32" sl="11" sc="13" el="11" ec="13" bec="0" bev="0" fileid="23" />
                <SequencePoint vc="0" uspid="8593" ordinal="0" offset="44" sl="15" sc="13" el="15" ec="13" bec="0" bev="0" fileid="23" />
                <SequencePoint vc="0" uspid="8594" ordinal="0" offset="64" sl="16" sc="13" el="16" ec="13" bec="0" bev="0" fileid="23" />
                <SequencePoint vc="0" uspid="8595" ordinal="0" offset="65" sl="17" sc="17" el="17" ec="17" bec="0" bev="0" fileid="23" />
                <SequencePoint vc="0" uspid="8596" ordinal="0" offset="82" sl="18" sc="17" el="18" ec="17" bec="0" bev="0" fileid="23" />
                <SequencePoint vc="0" uspid="8597" ordinal="0" offset="83" sl="19" sc="21" el="19" ec="21" bec="0" bev="0" fileid="23" />
                <SequencePoint vc="0" uspid="8598" ordinal="0" offset="97" sl="20" sc="17" el="20" ec="17" bec="0" bev="0" fileid="23" />
                <SequencePoint vc="0" uspid="8599" ordinal="0" offset="98" sl="21" sc="13" el="21" ec="13" bec="0" bev="0" fileid="23" />
                <SequencePoint vc="0" uspid="8600" ordinal="0" offset="101" sl="22" sc="18" el="22" ec="18" bec="0" bev="0" fileid="23" />
                <SequencePoint vc="0" uspid="8601" ordinal="0" offset="123" sl="23" sc="13" el="23" ec="13" bec="0" bev="0" fileid="23" />
                <SequencePoint vc="0" uspid="8602" ordinal="0" offset="124" sl="24" sc="17" el="24" ec="17" bec="0" bev="0" fileid="23" />
                <SequencePoint vc="0" uspid="8603" ordinal="0" offset="143" sl="25" sc="17" el="25" ec="17" bec="0" bev="0" fileid="23" />
                <SequencePoint vc="0" uspid="8604" ordinal="0" offset="144" sl="26" sc="21" el="26" ec="21" bec="0" bev="0" fileid="23" />
                <SequencePoint vc="0" uspid="8605" ordinal="0" offset="158" sl="27" sc="17" el="27" ec="17" bec="0" bev="0" fileid="23" />
                <SequencePoint vc="0" uspid="8606" ordinal="0" offset="159" sl="28" sc="13" el="28" ec="13" bec="0" bev="0" fileid="23" />
                <SequencePoint vc="0" uspid="8607" ordinal="0" offset="160" sl="29" sc="13" el="29" ec="13" bec="0" bev="0" fileid="23" />
                <SequencePoint vc="0" uspid="8608" ordinal="0" offset="173" sl="30" sc="9" el="30" ec="9" bec="0" bev="0" fileid="23" />
                <SequencePoint vc="17" uspid="8609" ordinal="0" offset="174" sl="31" sc="5" el="31" ec="5" bec="0" bev="0" fileid="23" />
              </SequencePoints>
              <BranchPoints />
            </Method>
          </Methods>
        </Class>
        <Class>
          <Summary numSequencePoints="23" visitedSequencePoints="23" numBranchPoints="0" visitedBranchPoints="0" sequenceCoverage="100.0" branchCoverage="0.0" maxCyclomaticComplexity="0" minCyclomaticComplexity="0" maxCrapScore="0" minCrapScore="0" visitedClasses="1" numClasses="1" visitedMethods="3" numMethods="3" />
          <FullName>Wobble</FullName>
          <Methods>
            <Method visited="true" cyclomaticComplexity="0" nPathComplexity="0" sequenceCoverage="100.0" branchCoverage="0" crapScore="0" isConstructor="false" isStatic="false" isGetter="false" isSetter="false">
              <Summary numSequencePoints="3" visitedSequencePoints="3" numBranchPoints="0" visitedBranchPoints="0" sequenceCoverage="100.0" branchCoverage="0" maxCyclomaticComplexity="0" minCyclomaticComplexity="0" maxCrapScore="0" minCrapScore="0" visitedClasses="0" numClasses="0" visitedMethods="1" numMethods="1" />
              <MetadataToken>100663399</MetadataToken>
              <Name>System.Void Wobble::Start()</Name>
              <FileRef uid="24" />
              <SequencePoints>
                <SequencePoint vc="1" uspid="8610" ordinal="0" offset="0" sl="24" sc="5" el="24" ec="5" bec="0" bev="0" fileid="24" />
                <SequencePoint vc="1" uspid="8611" ordinal="0" offset="1" sl="25" sc="9" el="25" ec="9" bec="0" bev="0" fileid="24" />
                <SequencePoint vc="1" uspid="8612" ordinal="0" offset="13" sl="26" sc="5" el="26" ec="5" bec="0" bev="0" fileid="24" />
              </SequencePoints>
              <BranchPoints />
            </Method>
            <Method visited="true" cyclomaticComplexity="0" nPathComplexity="0" sequenceCoverage="100.0" branchCoverage="0" crapScore="0" isConstructor="false" isStatic="false" isGetter="false" isSetter="false">
              <Summary numSequencePoints="16" visitedSequencePoints="16" numBranchPoints="0" visitedBranchPoints="0" sequenceCoverage="100.0" branchCoverage="0" maxCyclomaticComplexity="0" minCyclomaticComplexity="0" maxCrapScore="0" minCrapScore="0" visitedClasses="0" numClasses="0" visitedMethods="1" numMethods="1" />
              <MetadataToken>100663400</MetadataToken>
              <Name>System.Void Wobble::Update()</Name>
              <FileRef uid="24" />
              <SequencePoints>
                <SequencePoint vc="1925" uspid="8613" ordinal="0" offset="0" sl="28" sc="5" el="28" ec="5" bec="0" bev="0" fileid="24" />
                <SequencePoint vc="1925" uspid="8614" ordinal="0" offset="1" sl="29" sc="9" el="29" ec="9" bec="0" bev="0" fileid="24" />
                <SequencePoint vc="1925" uspid="8615" ordinal="0" offset="19" sl="31" sc="9" el="31" ec="9" bec="0" bev="0" fileid="24" />
                <SequencePoint vc="1925" uspid="8616" ordinal="0" offset="53" sl="32" sc="9" el="32" ec="9" bec="0" bev="0" fileid="24" />
                <SequencePoint vc="1925" uspid="8617" ordinal="0" offset="87" sl="35" sc="9" el="35" ec="9" bec="0" bev="0" fileid="24" />
                <SequencePoint vc="1925" uspid="8618" ordinal="0" offset="105" sl="36" sc="9" el="36" ec="9" bec="0" bev="0" fileid="24" />
                <SequencePoint vc="1925" uspid="8619" ordinal="0" offset="136" sl="37" sc="9" el="37" ec="9" bec="0" bev="0" fileid="24" />
                <SequencePoint vc="1925" uspid="8620" ordinal="0" offset="167" sl="40" sc="9" el="40" ec="9" bec="0" bev="0" fileid="24" />
                <SequencePoint vc="1925" uspid="8621" ordinal="0" offset="195" sl="41" sc="9" el="41" ec="9" bec="0" bev="0" fileid="24" />
                <SequencePoint vc="1925" uspid="8622" ordinal="0" offset="223" sl="44" sc="9" el="44" ec="9" bec="0" bev="0" fileid="24" />
                <SequencePoint vc="1925" uspid="8623" ordinal="0" offset="261" sl="45" sc="9" el="45" ec="9" bec="0" bev="0" fileid="24" />
                <SequencePoint vc="1925" uspid="8624" ordinal="0" offset="297" sl="49" sc="9" el="49" ec="9" bec="0" bev="0" fileid="24" />
                <SequencePoint vc="1925" uspid="8625" ordinal="0" offset="364" sl="50" sc="9" el="50" ec="9" bec="0" bev="0" fileid="24" />
                <SequencePoint vc="1925" uspid="8626" ordinal="0" offset="431" sl="53" sc="9" el="53" ec="9" bec="0" bev="0" fileid="24" />
                <SequencePoint vc="1925" uspid="8627" ordinal="0" offset="448" sl="54" sc="9" el="54" ec="9" bec="0" bev="0" fileid="24" />
                <SequencePoint vc="1925" uspid="8628" ordinal="0" offset="473" sl="55" sc="5" el="55" ec="5" bec="0" bev="0" fileid="24" />
              </SequencePoints>
              <BranchPoints />
            </Method>
            <Method visited="true" cyclomaticComplexity="0" nPathComplexity="0" sequenceCoverage="100.0" branchCoverage="0" crapScore="0" isConstructor="true" isStatic="false" isGetter="false" isSetter="false">
              <Summary numSequencePoints="4" visitedSequencePoints="4" numBranchPoints="0" visitedBranchPoints="0" sequenceCoverage="100.0" branchCoverage="0" maxCyclomaticComplexity="0" minCyclomaticComplexity="0" maxCrapScore="0" minCrapScore="0" visitedClasses="0" numClasses="0" visitedMethods="1" numMethods="1" />
              <MetadataToken>100663401</MetadataToken>
              <Name>Wobble::Wobble()</Name>
              <FileRef uid="24" />
              <SequencePoints>
                <SequencePoint vc="1" uspid="8629" ordinal="0" offset="0" sl="12" sc="22" el="12" ec="22" bec="0" bev="0" fileid="24" />
                <SequencePoint vc="1" uspid="8630" ordinal="0" offset="11" sl="13" sc="22" el="13" ec="22" bec="0" bev="0" fileid="24" />
                <SequencePoint vc="1" uspid="8631" ordinal="0" offset="22" sl="14" sc="22" el="14" ec="22" bec="0" bev="0" fileid="24" />
                <SequencePoint vc="1" uspid="8632" ordinal="0" offset="33" sl="20" sc="5" el="20" ec="5" bec="0" bev="0" fileid="24" />
              </SequencePoints>
              <BranchPoints />
            </Method>
          </Methods>
        </Class>
        <Class>
          <Summary numSequencePoints="88" visitedSequencePoints="18" numBranchPoints="0" visitedBranchPoints="0" sequenceCoverage="20.45" branchCoverage="0.0" maxCyclomaticComplexity="0" minCyclomaticComplexity="0" maxCrapScore="0" minCrapScore="0" visitedClasses="1" numClasses="1" visitedMethods="4" numMethods="4" />
          <FullName>Taillevar</FullName>
          <Methods>
            <Method visited="true" cyclomaticComplexity="0" nPathComplexity="0" sequenceCoverage="100.0" branchCoverage="0" crapScore="0" isConstructor="false" isStatic="false" isGetter="false" isSetter="false">
              <Summary numSequencePoints="7" visitedSequencePoints="7" numBranchPoints="0" visitedBranchPoints="0" sequenceCoverage="100.0" branchCoverage="0" maxCyclomaticComplexity="0" minCyclomaticComplexity="0" maxCrapScore="0" minCrapScore="0" visitedClasses="0" numClasses="0" visitedMethods="1" numMethods="1" />
              <MetadataToken>100663402</MetadataToken>
              <Name>System.Void Taillevar::Start()</Name>
              <FileRef uid="25" />
              <SequencePoints>
                <SequencePoint vc="1" uspid="8633" ordinal="0" offset="0" sl="46" sc="5" el="46" ec="5" bec="0" bev="0" fileid="25" />
                <SequencePoint vc="1" uspid="8634" ordinal="0" offset="1" sl="47" sc="9" el="47" ec="9" bec="0" bev="0" fileid="25" />
                <SequencePoint vc="1" uspid="8635" ordinal="0" offset="8" sl="48" sc="9" el="48" ec="9" bec="0" bev="0" fileid="25" />
                <SequencePoint vc="1" uspid="8636" ordinal="0" offset="15" sl="49" sc="9" el="49" ec="9" bec="0" bev="0" fileid="25" />
                <SequencePoint vc="1" uspid="8637" ordinal="0" offset="22" sl="50" sc="9" el="50" ec="9" bec="0" bev="0" fileid="25" />
                <SequencePoint vc="1" uspid="8638" ordinal="0" offset="44" sl="51" sc="9" el="51" ec="9" bec="0" bev="0" fileid="25" />
                <SequencePoint vc="1" uspid="8639" ordinal="0" offset="73" sl="54" sc="5" el="54" ec="5" bec="0" bev="0" fileid="25" />
              </SequencePoints>
              <BranchPoints />
            </Method>
            <Method visited="true" cyclomaticComplexity="0" nPathComplexity="0" sequenceCoverage="100.0" branchCoverage="0" crapScore="0" isConstructor="false" isStatic="false" isGetter="false" isSetter="false">
              <Summary numSequencePoints="3" visitedSequencePoints="3" numBranchPoints="0" visitedBranchPoints="0" sequenceCoverage="100.0" branchCoverage="0" maxCyclomaticComplexity="0" minCyclomaticComplexity="0" maxCrapScore="0" minCrapScore="0" visitedClasses="0" numClasses="0" visitedMethods="1" numMethods="1" />
              <MetadataToken>100663403</MetadataToken>
              <Name>System.Void Taillevar::activatePotion()</Name>
              <FileRef uid="25" />
              <SequencePoints>
                <SequencePoint vc="1" uspid="8640" ordinal="0" offset="0" sl="57" sc="5" el="57" ec="5" bec="0" bev="0" fileid="25" />
                <SequencePoint vc="1" uspid="8641" ordinal="0" offset="1" sl="58" sc="9" el="58" ec="9" bec="0" bev="0" fileid="25" />
                <SequencePoint vc="1" uspid="8642" ordinal="0" offset="8" sl="59" sc="5" el="59" ec="5" bec="0" bev="0" fileid="25" />
              </SequencePoints>
              <BranchPoints />
            </Method>
            <Method visited="true" cyclomaticComplexity="0" nPathComplexity="0" sequenceCoverage="6.67" branchCoverage="0" crapScore="0" isConstructor="false" isStatic="false" isGetter="false" isSetter="false">
              <Summary numSequencePoints="75" visitedSequencePoints="5" numBranchPoints="0" visitedBranchPoints="0" sequenceCoverage="6.67" branchCoverage="0" maxCyclomaticComplexity="0" minCyclomaticComplexity="0" maxCrapScore="0" minCrapScore="0" visitedClasses="0" numClasses="0" visitedMethods="1" numMethods="1" />
              <MetadataToken>100663405</MetadataToken>
              <Name>System.Void Taillevar::Update()</Name>
              <FileRef uid="25" />
              <SequencePoints>
                <SequencePoint vc="1925" uspid="8646" ordinal="0" offset="0" sl="68" sc="5" el="68" ec="5" bec="0" bev="0" fileid="25" />
                <SequencePoint vc="1925" uspid="8647" ordinal="0" offset="1" sl="71" sc="9" el="71" ec="9" bec="0" bev="0" fileid="25" />
                <SequencePoint vc="0" uspid="8648" ordinal="0" offset="11" sl="72" sc="9" el="72" ec="9" bec="0" bev="0" fileid="25" />
                <SequencePoint vc="0" uspid="8649" ordinal="0" offset="12" sl="73" sc="13" el="73" ec="13" bec="0" bev="0" fileid="25" />
                <SequencePoint vc="0" uspid="8650" ordinal="0" offset="67" sl="74" sc="9" el="74" ec="9" bec="0" bev="0" fileid="25" />
                <SequencePoint vc="1925" uspid="8651" ordinal="0" offset="68" sl="77" sc="9" el="77" ec="9" bec="0" bev="0" fileid="25" />
                <SequencePoint vc="0" uspid="8652" ordinal="0" offset="106" sl="78" sc="9" el="78" ec="9" bec="0" bev="0" fileid="25" />
                <SequencePoint vc="0" uspid="8653" ordinal="0" offset="107" sl="79" sc="13" el="79" ec="13" bec="0" bev="0" fileid="25" />
                <SequencePoint vc="0" uspid="8654" ordinal="0" offset="119" sl="81" sc="13" el="81" ec="13" bec="0" bev="0" fileid="25" />
                <SequencePoint vc="0" uspid="8655" ordinal="0" offset="135" sl="82" sc="13" el="82" ec="13" bec="0" bev="0" fileid="25" />
                <SequencePoint vc="0" uspid="8656" ordinal="0" offset="136" sl="83" sc="17" el="83" ec="17" bec="0" bev="0" fileid="25" />
                <SequencePoint vc="0" uspid="8657" ordinal="0" offset="154" sl="84" sc="17" el="84" ec="17" bec="0" bev="0" fileid="25" />
                <SequencePoint vc="0" uspid="8658" ordinal="0" offset="155" sl="85" sc="21" el="85" ec="21" bec="0" bev="0" fileid="25" />
                <SequencePoint vc="0" uspid="8659" ordinal="0" offset="190" sl="86" sc="17" el="86" ec="17" bec="0" bev="0" fileid="25" />
                <SequencePoint vc="0" uspid="8660" ordinal="0" offset="193" sl="88" sc="17" el="88" ec="17" bec="0" bev="0" fileid="25" />
                <SequencePoint vc="0" uspid="8661" ordinal="0" offset="194" sl="89" sc="21" el="89" ec="21" bec="0" bev="0" fileid="25" />
                <SequencePoint vc="0" uspid="8662" ordinal="0" offset="223" sl="90" sc="17" el="90" ec="17" bec="0" bev="0" fileid="25" />
                <SequencePoint vc="0" uspid="8663" ordinal="0" offset="224" sl="91" sc="17" el="91" ec="17" bec="0" bev="0" fileid="25" />
                <SequencePoint vc="0" uspid="8664" ordinal="0" offset="231" sl="92" sc="17" el="92" ec="17" bec="0" bev="0" fileid="25" />
                <SequencePoint vc="0" uspid="8665" ordinal="0" offset="254" sl="93" sc="17" el="93" ec="17" bec="0" bev="0" fileid="25" />
                <SequencePoint vc="0" uspid="8666" ordinal="0" offset="277" sl="94" sc="17" el="94" ec="17" bec="0" bev="0" fileid="25" />
                <SequencePoint vc="0" uspid="8667" ordinal="0" offset="295" sl="95" sc="13" el="95" ec="13" bec="0" bev="0" fileid="25" />
                <SequencePoint vc="0" uspid="8668" ordinal="0" offset="298" sl="97" sc="13" el="97" ec="13" bec="0" bev="0" fileid="25" />
                <SequencePoint vc="0" uspid="8669" ordinal="0" offset="299" sl="98" sc="17" el="98" ec="17" bec="0" bev="0" fileid="25" />
                <SequencePoint vc="0" uspid="8670" ordinal="0" offset="306" sl="99" sc="17" el="99" ec="17" bec="0" bev="0" fileid="25" />
                <SequencePoint vc="0" uspid="8671" ordinal="0" offset="313" sl="100" sc="17" el="100" ec="17" bec="0" bev="0" fileid="25" />
                <SequencePoint vc="0" uspid="8672" ordinal="0" offset="336" sl="101" sc="17" el="101" ec="17" bec="0" bev="0" fileid="25" />
                <SequencePoint vc="0" uspid="8673" ordinal="0" offset="359" sl="102" sc="17" el="102" ec="17" bec="0" bev="0" fileid="25" />
                <SequencePoint vc="0" uspid="8674" ordinal="0" offset="377" sl="103" sc="13" el="103" ec="13" bec="0" bev="0" fileid="25" />
                <SequencePoint vc="0" uspid="8675" ordinal="0" offset="378" sl="104" sc="9" el="104" ec="9" bec="0" bev="0" fileid="25" />
                <SequencePoint vc="1925" uspid="8676" ordinal="0" offset="379" sl="108" sc="9" el="108" ec="9" bec="0" bev="0" fileid="25" />
                <SequencePoint vc="0" uspid="8677" ordinal="0" offset="405" sl="109" sc="9" el="109" ec="9" bec="0" bev="0" fileid="25" />
                <SequencePoint vc="0" uspid="8678" ordinal="0" offset="406" sl="110" sc="13" el="110" ec="13" bec="0" bev="0" fileid="25" />
                <SequencePoint vc="0" uspid="8679" ordinal="0" offset="421" sl="111" sc="13" el="111" ec="13" bec="0" bev="0" fileid="25" />
                <SequencePoint vc="0" uspid="8680" ordinal="0" offset="422" sl="112" sc="17" el="112" ec="17" bec="0" bev="0" fileid="25" />
                <SequencePoint vc="0" uspid="8681" ordinal="0" offset="472" sl="113" sc="17" el="113" ec="17" bec="0" bev="0" fileid="25" />
                <SequencePoint vc="0" uspid="8682" ordinal="0" offset="532" sl="114" sc="17" el="114" ec="17" bec="0" bev="0" fileid="25" />
                <SequencePoint vc="0" uspid="8683" ordinal="0" offset="592" sl="115" sc="17" el="115" ec="17" bec="0" bev="0" fileid="25" />
                <SequencePoint vc="0" uspid="8684" ordinal="0" offset="625" sl="116" sc="17" el="116" ec="17" bec="0" bev="0" fileid="25" />
                <SequencePoint vc="0" uspid="8685" ordinal="0" offset="626" sl="117" sc="21" el="117" ec="21" bec="0" bev="0" fileid="25" />
                <SequencePoint vc="0" uspid="8686" ordinal="0" offset="681" sl="118" sc="21" el="118" ec="21" bec="0" bev="0" fileid="25" />
                <SequencePoint vc="0" uspid="8687" ordinal="0" offset="688" sl="119" sc="21" el="119" ec="21" bec="0" bev="0" fileid="25" />
                <SequencePoint vc="0" uspid="8688" ordinal="0" offset="695" sl="122" sc="17" el="122" ec="17" bec="0" bev="0" fileid="25" />
                <SequencePoint vc="0" uspid="8689" ordinal="0" offset="696" sl="124" sc="17" el="124" ec="17" bec="0" bev="0" fileid="25" />
                <SequencePoint vc="0" uspid="8690" ordinal="0" offset="728" sl="125" sc="17" el="125" ec="17" bec="0" bev="0" fileid="25" />
                <SequencePoint vc="0" uspid="8691" ordinal="0" offset="729" sl="126" sc="21" el="126" ec="21" bec="0" bev="0" fileid="25" />
                <SequencePoint vc="0" uspid="8692" ordinal="0" offset="761" sl="127" sc="21" el="127" ec="21" bec="0" bev="0" fileid="25" />
                <SequencePoint vc="0" uspid="8693" ordinal="0" offset="793" sl="128" sc="17" el="128" ec="17" bec="0" bev="0" fileid="25" />
                <SequencePoint vc="0" uspid="8694" ordinal="0" offset="794" sl="130" sc="17" el="130" ec="17" bec="0" bev="0" fileid="25" />
                <SequencePoint vc="0" uspid="8695" ordinal="0" offset="853" sl="131" sc="17" el="131" ec="17" bec="0" bev="0" fileid="25" />
                <SequencePoint vc="0" uspid="8696" ordinal="0" offset="854" sl="132" sc="21" el="132" ec="21" bec="0" bev="0" fileid="25" />
                <SequencePoint vc="0" uspid="8697" ordinal="0" offset="861" sl="133" sc="17" el="133" ec="17" bec="0" bev="0" fileid="25" />
                <SequencePoint vc="0" uspid="8698" ordinal="0" offset="862" sl="135" sc="13" el="135" ec="13" bec="0" bev="0" fileid="25" />
                <SequencePoint vc="0" uspid="8699" ordinal="0" offset="863" sl="136" sc="13" el="136" ec="13" bec="0" bev="0" fileid="25" />
                <SequencePoint vc="0" uspid="8700" ordinal="0" offset="878" sl="137" sc="13" el="137" ec="13" bec="0" bev="0" fileid="25" />
                <SequencePoint vc="0" uspid="8701" ordinal="0" offset="879" sl="138" sc="17" el="138" ec="17" bec="0" bev="0" fileid="25" />
                <SequencePoint vc="0" uspid="8702" ordinal="0" offset="929" sl="139" sc="17" el="139" ec="17" bec="0" bev="0" fileid="25" />
                <SequencePoint vc="0" uspid="8703" ordinal="0" offset="993" sl="140" sc="17" el="140" ec="17" bec="0" bev="0" fileid="25" />
                <SequencePoint vc="0" uspid="8704" ordinal="0" offset="1057" sl="141" sc="17" el="141" ec="17" bec="0" bev="0" fileid="25" />
                <SequencePoint vc="0" uspid="8705" ordinal="0" offset="1064" sl="142" sc="17" el="142" ec="17" bec="0" bev="0" fileid="25" />
                <SequencePoint vc="0" uspid="8706" ordinal="0" offset="1097" sl="143" sc="17" el="143" ec="17" bec="0" bev="0" fileid="25" />
                <SequencePoint vc="0" uspid="8707" ordinal="0" offset="1098" sl="144" sc="21" el="144" ec="21" bec="0" bev="0" fileid="25" />
                <SequencePoint vc="0" uspid="8708" ordinal="0" offset="1153" sl="145" sc="17" el="145" ec="17" bec="0" bev="0" fileid="25" />
                <SequencePoint vc="0" uspid="8709" ordinal="0" offset="1154" sl="147" sc="17" el="147" ec="17" bec="0" bev="0" fileid="25" />
                <SequencePoint vc="0" uspid="8710" ordinal="0" offset="1186" sl="148" sc="17" el="148" ec="17" bec="0" bev="0" fileid="25" />
                <SequencePoint vc="0" uspid="8711" ordinal="0" offset="1187" sl="149" sc="21" el="149" ec="21" bec="0" bev="0" fileid="25" />
                <SequencePoint vc="0" uspid="8712" ordinal="0" offset="1219" sl="150" sc="21" el="150" ec="21" bec="0" bev="0" fileid="25" />
                <SequencePoint vc="0" uspid="8713" ordinal="0" offset="1251" sl="151" sc="17" el="151" ec="17" bec="0" bev="0" fileid="25" />
                <SequencePoint vc="0" uspid="8714" ordinal="0" offset="1252" sl="153" sc="17" el="153" ec="17" bec="0" bev="0" fileid="25" />
                <SequencePoint vc="0" uspid="8715" ordinal="0" offset="1311" sl="154" sc="17" el="154" ec="17" bec="0" bev="0" fileid="25" />
                <SequencePoint vc="0" uspid="8716" ordinal="0" offset="1312" sl="155" sc="21" el="155" ec="21" bec="0" bev="0" fileid="25" />
                <SequencePoint vc="0" uspid="8717" ordinal="0" offset="1319" sl="156" sc="17" el="156" ec="17" bec="0" bev="0" fileid="25" />
                <SequencePoint vc="0" uspid="8718" ordinal="0" offset="1320" sl="157" sc="13" el="157" ec="13" bec="0" bev="0" fileid="25" />
                <SequencePoint vc="0" uspid="8719" ordinal="0" offset="1321" sl="158" sc="9" el="158" ec="9" bec="0" bev="0" fileid="25" />
                <SequencePoint vc="1925" uspid="8720" ordinal="0" offset="1322" sl="164" sc="5" el="164" ec="5" bec="0" bev="0" fileid="25" />
              </SequencePoints>
              <BranchPoints />
            </Method>
            <Method visited="true" cyclomaticComplexity="0" nPathComplexity="0" sequenceCoverage="100.0" branchCoverage="0" crapScore="0" isConstructor="true" isStatic="false" isGetter="false" isSetter="false">
              <Summary numSequencePoints="3" visitedSequencePoints="3" numBranchPoints="0" visitedBranchPoints="0" sequenceCoverage="100.0" branchCoverage="0" maxCyclomaticComplexity="0" minCyclomaticComplexity="0" maxCrapScore="0" minCrapScore="0" visitedClasses="0" numClasses="0" visitedMethods="1" numMethods="1" />
              <MetadataToken>100663406</MetadataToken>
              <Name>Taillevar::Taillevar()</Name>
              <FileRef uid="25" />
              <SequencePoints>
                <SequencePoint vc="1" uspid="8721" ordinal="0" offset="0" sl="13" sc="22" el="13" ec="22" bec="0" bev="0" fileid="25" />
                <SequencePoint vc="1" uspid="8722" ordinal="0" offset="11" sl="31" sc="5" el="31" ec="5" bec="0" bev="0" fileid="25" />
                <SequencePoint vc="1" uspid="8723" ordinal="0" offset="18" sl="38" sc="22" el="38" ec="22" bec="0" bev="0" fileid="25" />
              </SequencePoints>
              <BranchPoints />
            </Method>
          </Methods>
        </Class>
        <Class>
          <Summary numSequencePoints="3" visitedSequencePoints="3" numBranchPoints="0" visitedBranchPoints="0" sequenceCoverage="100.0" branchCoverage="0.0" maxCyclomaticComplexity="0" minCyclomaticComplexity="0" maxCrapScore="0" minCrapScore="0" visitedClasses="1" numClasses="1" visitedMethods="1" numMethods="1" />
          <FullName>SojaExiles.Drawer_Pull_X</FullName>
          <Methods>
            <Method visited="true" cyclomaticComplexity="0" nPathComplexity="0" sequenceCoverage="100.0" branchCoverage="0" crapScore="0" isConstructor="false" isStatic="false" isGetter="false" isSetter="false">
              <Summary numSequencePoints="3" visitedSequencePoints="3" numBranchPoints="0" visitedBranchPoints="0" sequenceCoverage="100.0" branchCoverage="0" maxCyclomaticComplexity="0" minCyclomaticComplexity="0" maxCrapScore="0" minCrapScore="0" visitedClasses="0" numClasses="0" visitedMethods="1" numMethods="1" />
              <MetadataToken>100663635</MetadataToken>
              <Name>System.Void SojaExiles.Drawer_Pull_X::Start()</Name>
              <FileRef uid="71" />
              <SequencePoints>
                <SequencePoint vc="3" uspid="10681" ordinal="0" offset="0" sl="17" sc="3" el="17" ec="3" bec="0" bev="0" fileid="71" />
                <SequencePoint vc="3" uspid="10682" ordinal="0" offset="1" sl="18" sc="4" el="18" ec="4" bec="0" bev="0" fileid="71" />
                <SequencePoint vc="3" uspid="10683" ordinal="0" offset="8" sl="19" sc="3" el="19" ec="3" bec="0" bev="0" fileid="71" />
              </SequencePoints>
              <BranchPoints />
            </Method>
          </Methods>
        </Class>
        <Class>
          <Summary numSequencePoints="31" visitedSequencePoints="24" numBranchPoints="0" visitedBranchPoints="0" sequenceCoverage="77.42" branchCoverage="0.0" maxCyclomaticComplexity="0" minCyclomaticComplexity="0" maxCrapScore="0" minCrapScore="0" visitedClasses="1" numClasses="1" visitedMethods="1" numMethods="1" />
          <FullName>MusicsManager/&lt;SoftTransition&gt;d__14</FullName>
          <Methods>
            <Method visited="true" cyclomaticComplexity="0" nPathComplexity="0" sequenceCoverage="77.42" branchCoverage="0" crapScore="0" isConstructor="false" isStatic="false" isGetter="false" isSetter="false">
              <Summary numSequencePoints="31" visitedSequencePoints="24" numBranchPoints="0" visitedBranchPoints="0" sequenceCoverage="77.42" branchCoverage="0" maxCyclomaticComplexity="0" minCyclomaticComplexity="0" maxCrapScore="0" minCrapScore="0" visitedClasses="0" numClasses="0" visitedMethods="1" numMethods="1" />
              <MetadataToken>100663689</MetadataToken>
              <Name>System.Boolean MusicsManager/&lt;SoftTransition&gt;d__14::MoveNext()</Name>
              <FileRef uid="4" />
              <SequencePoints>
                <SequencePoint vc="1" uspid="10886" ordinal="0" offset="34" sl="94" sc="5" el="94" ec="5" bec="0" bev="0" fileid="4" />
                <SequencePoint vc="1" uspid="10887" ordinal="0" offset="35" sl="98" sc="9" el="98" ec="9" bec="0" bev="0" fileid="4" />
                <SequencePoint vc="0" uspid="10888" ordinal="0" offset="55" sl="99" sc="9" el="99" ec="9" bec="0" bev="0" fileid="4" />
                <SequencePoint vc="0" uspid="10889" ordinal="0" offset="56" sl="100" sc="13" el="100" ec="13" bec="0" bev="0" fileid="4" />
                <SequencePoint vc="0" uspid="10890" ordinal="0" offset="73" sl="101" sc="13" el="101" ec="13" bec="0" bev="0" fileid="4" />
                <SequencePoint vc="0" uspid="10891" ordinal="0" offset="90" sl="102" sc="9" el="102" ec="9" bec="0" bev="0" fileid="4" />
                <SequencePoint vc="1" uspid="10892" ordinal="0" offset="93" sl="104" sc="9" el="104" ec="9" bec="0" bev="0" fileid="4" />
                <SequencePoint vc="1" uspid="10893" ordinal="0" offset="94" sl="105" sc="13" el="105" ec="13" bec="0" bev="0" fileid="4" />
                <SequencePoint vc="1" uspid="10894" ordinal="0" offset="111" sl="106" sc="13" el="106" ec="13" bec="0" bev="0" fileid="4" />
                <SequencePoint vc="1" uspid="10895" ordinal="0" offset="128" sl="107" sc="9" el="107" ec="9" bec="0" bev="0" fileid="4" />
                <SequencePoint vc="1" uspid="10896" ordinal="0" offset="129" sl="110" sc="9" el="110" ec="9" bec="0" bev="0" fileid="4" />
                <SequencePoint vc="1" uspid="10897" ordinal="0" offset="147" sl="111" sc="9" el="111" ec="9" bec="0" bev="0" fileid="4" />
                <SequencePoint vc="1" uspid="10898" ordinal="0" offset="159" sl="120" sc="9" el="120" ec="9" bec="0" bev="0" fileid="4" />
                <SequencePoint vc="1" uspid="10899" ordinal="0" offset="171" sl="123" sc="9" el="123" ec="9" bec="0" bev="0" fileid="4" />
                <SequencePoint vc="364" uspid="10900" ordinal="0" offset="187" sl="125" sc="9" el="125" ec="9" bec="0" bev="0" fileid="4" />
                <SequencePoint vc="364" uspid="10901" ordinal="0" offset="188" sl="126" sc="13" el="126" ec="13" bec="0" bev="0" fileid="4" />
                <SequencePoint vc="364" uspid="10902" ordinal="0" offset="206" sl="127" sc="13" el="127" ec="13" bec="0" bev="0" fileid="4" />
                <SequencePoint vc="364" uspid="10903" ordinal="0" offset="207" sl="128" sc="17" el="128" ec="17" bec="0" bev="0" fileid="4" />
                <SequencePoint vc="364" uspid="10904" ordinal="0" offset="240" sl="129" sc="17" el="129" ec="17" bec="0" bev="0" fileid="4" />
                <SequencePoint vc="364" uspid="10905" ordinal="0" offset="273" sl="130" sc="17" el="130" ec="17" bec="0" bev="0" fileid="4" />
                <SequencePoint vc="364" uspid="10906" ordinal="0" offset="303" sl="131" sc="17" el="131" ec="17" bec="0" bev="0" fileid="4" />
                <SequencePoint vc="364" uspid="10907" ordinal="0" offset="326" sl="132" sc="13" el="132" ec="13" bec="0" bev="0" fileid="4" />
                <SequencePoint vc="0" uspid="10908" ordinal="0" offset="329" sl="134" sc="13" el="134" ec="13" bec="0" bev="0" fileid="4" />
                <SequencePoint vc="0" uspid="10909" ordinal="0" offset="330" sl="136" sc="17" el="136" ec="17" bec="0" bev="0" fileid="4" />
                <SequencePoint vc="0" uspid="10910" ordinal="0" offset="342" sl="137" sc="17" el="137" ec="17" bec="0" bev="0" fileid="4" />
                <SequencePoint vc="364" uspid="10911" ordinal="0" offset="344" sl="139" sc="9" el="139" ec="9" bec="0" bev="0" fileid="4" />
                <SequencePoint vc="365" uspid="10912" ordinal="0" offset="345" sl="124" sc="9" el="124" ec="9" bec="0" bev="0" fileid="4" />
                <SequencePoint vc="1" uspid="10913" ordinal="0" offset="370" sl="140" sc="9" el="140" ec="9" bec="0" bev="0" fileid="4" />
                <SequencePoint vc="1" uspid="10914" ordinal="0" offset="382" sl="142" sc="9" el="142" ec="9" bec="0" bev="0" fileid="4" />
                <SequencePoint vc="1" uspid="10915" ordinal="0" offset="423" sl="143" sc="9" el="143" ec="9" bec="0" bev="0" fileid="4" />
                <SequencePoint vc="1" uspid="10916" ordinal="0" offset="452" sl="144" sc="5" el="144" ec="5" bec="0" bev="0" fileid="4" />
              </SequencePoints>
              <BranchPoints />
            </Method>
          </Methods>
        </Class>
        <Class>
          <Summary numSequencePoints="15" visitedSequencePoints="10" numBranchPoints="0" visitedBranchPoints="0" sequenceCoverage="66.67" branchCoverage="0.0" maxCyclomaticComplexity="0" minCyclomaticComplexity="0" maxCrapScore="0" minCrapScore="0" visitedClasses="1" numClasses="1" visitedMethods="1" numMethods="1" />
          <FullName>MusicsManager/&lt;WaitForEnd&gt;d__15</FullName>
          <Methods>
            <Method visited="true" cyclomaticComplexity="0" nPathComplexity="0" sequenceCoverage="66.67" branchCoverage="0" crapScore="0" isConstructor="false" isStatic="false" isGetter="false" isSetter="false">
              <Summary numSequencePoints="15" visitedSequencePoints="10" numBranchPoints="0" visitedBranchPoints="0" sequenceCoverage="66.67" branchCoverage="0" maxCyclomaticComplexity="0" minCyclomaticComplexity="0" maxCrapScore="0" minCrapScore="0" visitedClasses="0" numClasses="0" visitedMethods="1" numMethods="1" />
              <MetadataToken>100663695</MetadataToken>
              <Name>System.Boolean MusicsManager/&lt;WaitForEnd&gt;d__15::MoveNext()</Name>
              <FileRef uid="4" />
              <SequencePoints>
                <SequencePoint vc="1" uspid="10917" ordinal="0" offset="31" sl="148" sc="5" el="148" ec="5" bec="0" bev="0" fileid="4" />
                <SequencePoint vc="1" uspid="10918" ordinal="0" offset="32" sl="149" sc="9" el="149" ec="9" bec="0" bev="0" fileid="4" />
                <SequencePoint vc="1561" uspid="10919" ordinal="0" offset="45" sl="151" sc="9" el="151" ec="9" bec="0" bev="0" fileid="4" />
                <SequencePoint vc="1561" uspid="10920" ordinal="0" offset="46" sl="152" sc="13" el="152" ec="13" bec="0" bev="0" fileid="4" />
                <SequencePoint vc="0" uspid="10921" ordinal="0" offset="61" sl="153" sc="13" el="153" ec="13" bec="0" bev="0" fileid="4" />
                <SequencePoint vc="0" uspid="10922" ordinal="0" offset="62" sl="155" sc="17" el="155" ec="17" bec="0" bev="0" fileid="4" />
                <SequencePoint vc="0" uspid="10923" ordinal="0" offset="74" sl="156" sc="17" el="156" ec="17" bec="0" bev="0" fileid="4" />
                <SequencePoint vc="1561" uspid="10924" ordinal="0" offset="76" sl="159" sc="13" el="159" ec="13" bec="0" bev="0" fileid="4" />
                <SequencePoint vc="1561" uspid="10925" ordinal="0" offset="77" sl="160" sc="17" el="160" ec="17" bec="0" bev="0" fileid="4" />
                <SequencePoint vc="1561" uspid="10926" ordinal="0" offset="95" sl="161" sc="17" el="161" ec="17" bec="0" bev="0" fileid="4" />
                <SequencePoint vc="1560" uspid="10927" ordinal="0" offset="118" sl="162" sc="13" el="162" ec="13" bec="0" bev="0" fileid="4" />
                <SequencePoint vc="1560" uspid="10928" ordinal="0" offset="119" sl="163" sc="9" el="163" ec="9" bec="0" bev="0" fileid="4" />
                <SequencePoint vc="1561" uspid="10929" ordinal="0" offset="120" sl="150" sc="9" el="150" ec="9" bec="0" bev="0" fileid="4" />
                <SequencePoint vc="0" uspid="10930" ordinal="0" offset="138" sl="165" sc="9" el="165" ec="9" bec="0" bev="0" fileid="4" />
                <SequencePoint vc="0" uspid="10931" ordinal="0" offset="150" sl="166" sc="5" el="166" ec="5" bec="0" bev="0" fileid="4" />
              </SequencePoints>
              <BranchPoints />
            </Method>
          </Methods>
        </Class>
      </Classes>
    </Module>
    <Module>
      <Summary numSequencePoints="180" visitedSequencePoints="155" numBranchPoints="0" visitedBranchPoints="0" sequenceCoverage="86.11" branchCoverage="0.0" maxCyclomaticComplexity="0" minCyclomaticComplexity="0" maxCrapScore="0" minCrapScore="0" visitedClasses="11" numClasses="11" visitedMethods="25" numMethods="25" />
      <ModuleTime>0001-01-01T00:00:00</ModuleTime>
      <ModuleName>Test</ModuleName>
      <Files>
        <File uid="78" fullPath="D:/--UnityProject/VR/VRExplorer_subjects/EscapeGameVR/Assets/Scripts/Test/CubeInteractable.cs" />
        <File uid="79" fullPath="D:/--UnityProject/VR/VRExplorer_subjects/EscapeGameVR/Assets/Scripts/Test/Digicode/DigicodeAreaController.cs" />
        <File uid="80" fullPath="D:/--UnityProject/VR/VRExplorer_subjects/EscapeGameVR/Assets/Scripts/Test/Digicode/DigicodeHandler.cs" />
        <File uid="81" fullPath="D:/--UnityProject/VR/VRExplorer_subjects/EscapeGameVR/Assets/Scripts/Test/TImer/TimerHandler.cs" />
        <File uid="82" fullPath="D:/--UnityProject/VR/VRExplorer_subjects/EscapeGameVR/Assets/Scripts/Test/VR/ActivateTeleportationRay.cs" />
        <File uid="83" fullPath="D:/--UnityProject/VR/VRExplorer_subjects/EscapeGameVR/Assets/Scripts/Test/VR/AnimateHandOnInput.cs" />
        <File uid="84" fullPath="D:/--UnityProject/VR/VRExplorer_subjects/EscapeGameVR/Assets/Scripts/Test/VR/PlatformController.cs" />
        <File uid="85" fullPath="D:/--UnityProject/VR/VRExplorer_subjects/EscapeGameVR/Assets/Scripts/Test/VR/PlatformControllerOpenExit.cs" />
        <File uid="86" fullPath="D:/--UnityProject/VR/VRExplorer_subjects/EscapeGameVR/Assets/Scripts/Test/VR/VRNoPeeking.cs" />
      </Files>
      <Classes>
        <Class>
          <Summary numSequencePoints="16" visitedSequencePoints="16" numBranchPoints="0" visitedBranchPoints="0" sequenceCoverage="100.0" branchCoverage="0.0" maxCyclomaticComplexity="0" minCyclomaticComplexity="0" maxCrapScore="0" minCrapScore="0" visitedClasses="1" numClasses="1" visitedMethods="3" numMethods="3" />
          <FullName>CubeInteractable</FullName>
          <Methods>
            <Method visited="true" cyclomaticComplexity="0" nPathComplexity="0" sequenceCoverage="100.0" branchCoverage="0" crapScore="0" isConstructor="false" isStatic="false" isGetter="false" isSetter="false">
              <Summary numSequencePoints="2" visitedSequencePoints="2" numBranchPoints="0" visitedBranchPoints="0" sequenceCoverage="100.0" branchCoverage="0" maxCyclomaticComplexity="0" minCyclomaticComplexity="0" maxCrapScore="0" minCrapScore="0" visitedClasses="0" numClasses="0" visitedMethods="1" numMethods="1" />
              <MetadataToken>100663297</MetadataToken>
              <Name>System.Void CubeInteractable::Start()</Name>
              <FileRef uid="78" />
              <SequencePoints>
                <SequencePoint vc="6" uspid="11777" ordinal="0" offset="0" sl="12" sc="5" el="12" ec="5" bec="0" bev="0" fileid="78" />
                <SequencePoint vc="6" uspid="11778" ordinal="0" offset="1" sl="14" sc="5" el="14" ec="5" bec="0" bev="0" fileid="78" />
              </SequencePoints>
              <BranchPoints />
            </Method>
            <Method visited="true" cyclomaticComplexity="0" nPathComplexity="0" sequenceCoverage="100.0" branchCoverage="0" crapScore="0" isConstructor="false" isStatic="false" isGetter="false" isSetter="false">
              <Summary numSequencePoints="2" visitedSequencePoints="2" numBranchPoints="0" visitedBranchPoints="0" sequenceCoverage="100.0" branchCoverage="0" maxCyclomaticComplexity="0" minCyclomaticComplexity="0" maxCrapScore="0" minCrapScore="0" visitedClasses="0" numClasses="0" visitedMethods="1" numMethods="1" />
              <MetadataToken>100663298</MetadataToken>
              <Name>System.Void CubeInteractable::Update()</Name>
              <FileRef uid="78" />
              <SequencePoints>
                <SequencePoint vc="9984" uspid="11779" ordinal="0" offset="0" sl="18" sc="5" el="18" ec="5" bec="0" bev="0" fileid="78" />
                <SequencePoint vc="9984" uspid="11780" ordinal="0" offset="1" sl="20" sc="5" el="20" ec="5" bec="0" bev="0" fileid="78" />
              </SequencePoints>
              <BranchPoints />
            </Method>
            <Method visited="true" cyclomaticComplexity="0" nPathComplexity="0" sequenceCoverage="100.0" branchCoverage="0" crapScore="0" isConstructor="false" isStatic="false" isGetter="false" isSetter="false">
              <Summary numSequencePoints="12" visitedSequencePoints="12" numBranchPoints="0" visitedBranchPoints="0" sequenceCoverage="100.0" branchCoverage="0" maxCyclomaticComplexity="0" minCyclomaticComplexity="0" maxCrapScore="0" minCrapScore="0" visitedClasses="0" numClasses="0" visitedMethods="1" numMethods="1" />
              <MetadataToken>100663299</MetadataToken>
              <Name>System.Void CubeInteractable::OnCollisionEnter(UnityEngine.Collision)</Name>
              <FileRef uid="78" />
              <SequencePoints>
                <SequencePoint vc="63" uspid="11781" ordinal="0" offset="0" sl="23" sc="5" el="23" ec="5" bec="0" bev="0" fileid="78" />
                <SequencePoint vc="63" uspid="11782" ordinal="0" offset="1" sl="25" sc="9" el="25" ec="9" bec="0" bev="0" fileid="78" />
                <SequencePoint vc="3" uspid="11783" ordinal="0" offset="28" sl="26" sc="9" el="26" ec="9" bec="0" bev="0" fileid="78" />
                <SequencePoint vc="3" uspid="11784" ordinal="0" offset="29" sl="27" sc="13" el="27" ec="13" bec="0" bev="0" fileid="78" />
                <SequencePoint vc="1" uspid="11785" ordinal="0" offset="70" sl="29" sc="13" el="29" ec="13" bec="0" bev="0" fileid="78" />
                <SequencePoint vc="1" uspid="11786" ordinal="0" offset="71" sl="30" sc="17" el="30" ec="17" bec="0" bev="0" fileid="78" />
                <SequencePoint vc="1" uspid="11787" ordinal="0" offset="83" sl="31" sc="13" el="31" ec="13" bec="0" bev="0" fileid="78" />
                <SequencePoint vc="2" uspid="11788" ordinal="0" offset="86" sl="33" sc="13" el="33" ec="13" bec="0" bev="0" fileid="78" />
                <SequencePoint vc="2" uspid="11789" ordinal="0" offset="87" sl="34" sc="17" el="34" ec="17" bec="0" bev="0" fileid="78" />
                <SequencePoint vc="2" uspid="11790" ordinal="0" offset="110" sl="35" sc="13" el="35" ec="13" bec="0" bev="0" fileid="78" />
                <SequencePoint vc="3" uspid="11791" ordinal="0" offset="111" sl="36" sc="9" el="36" ec="9" bec="0" bev="0" fileid="78" />
                <SequencePoint vc="63" uspid="11792" ordinal="0" offset="112" sl="37" sc="5" el="37" ec="5" bec="0" bev="0" fileid="78" />
              </SequencePoints>
              <BranchPoints />
            </Method>
          </Methods>
        </Class>
        <Class>
          <Summary numSequencePoints="3" visitedSequencePoints="3" numBranchPoints="0" visitedBranchPoints="0" sequenceCoverage="100.0" branchCoverage="0.0" maxCyclomaticComplexity="0" minCyclomaticComplexity="0" maxCrapScore="0" minCrapScore="0" visitedClasses="1" numClasses="1" visitedMethods="1" numMethods="1" />
          <FullName>DigicodeAreaController</FullName>
          <Methods>
            <Method visited="true" cyclomaticComplexity="0" nPathComplexity="0" sequenceCoverage="100.0" branchCoverage="0" crapScore="0" isConstructor="false" isStatic="false" isGetter="false" isSetter="false">
              <Summary numSequencePoints="3" visitedSequencePoints="3" numBranchPoints="0" visitedBranchPoints="0" sequenceCoverage="100.0" branchCoverage="0" maxCyclomaticComplexity="0" minCyclomaticComplexity="0" maxCrapScore="0" minCrapScore="0" visitedClasses="0" numClasses="0" visitedMethods="1" numMethods="1" />
              <MetadataToken>100663301</MetadataToken>
              <Name>System.Void DigicodeAreaController::Start()</Name>
              <FileRef uid="79" />
              <SequencePoints>
                <SequencePoint vc="1" uspid="11793" ordinal="0" offset="0" sl="17" sc="5" el="17" ec="5" bec="0" bev="0" fileid="79" />
                <SequencePoint vc="1" uspid="11794" ordinal="0" offset="1" sl="18" sc="9" el="18" ec="9" bec="0" bev="0" fileid="79" />
                <SequencePoint vc="1" uspid="11795" ordinal="0" offset="7" sl="19" sc="5" el="19" ec="5" bec="0" bev="0" fileid="79" />
              </SequencePoints>
              <BranchPoints />
            </Method>
          </Methods>
        </Class>
        <Class>
          <Summary numSequencePoints="18" visitedSequencePoints="18" numBranchPoints="0" visitedBranchPoints="0" sequenceCoverage="100.0" branchCoverage="0.0" maxCyclomaticComplexity="0" minCyclomaticComplexity="0" maxCrapScore="0" minCrapScore="0" visitedClasses="1" numClasses="1" visitedMethods="4" numMethods="4" />
          <FullName>DigicodeHandler</FullName>
          <Methods>
            <Method visited="true" cyclomaticComplexity="0" nPathComplexity="0" sequenceCoverage="100.0" branchCoverage="0" crapScore="0" isConstructor="false" isStatic="false" isGetter="false" isSetter="false">
              <Summary numSequencePoints="4" visitedSequencePoints="4" numBranchPoints="0" visitedBranchPoints="0" sequenceCoverage="100.0" branchCoverage="0" maxCyclomaticComplexity="0" minCyclomaticComplexity="0" maxCrapScore="0" minCrapScore="0" visitedClasses="0" numClasses="0" visitedMethods="1" numMethods="1" />
              <MetadataToken>100663305</MetadataToken>
              <Name>System.Void DigicodeHandler::Start()</Name>
              <FileRef uid="80" />
              <SequencePoints>
                <SequencePoint vc="1" uspid="11808" ordinal="0" offset="0" sl="24" sc="5" el="24" ec="5" bec="0" bev="0" fileid="80" />
                <SequencePoint vc="1" uspid="11809" ordinal="0" offset="1" sl="25" sc="9" el="25" ec="9" bec="0" bev="0" fileid="80" />
                <SequencePoint vc="1" uspid="11810" ordinal="0" offset="18" sl="26" sc="9" el="26" ec="9" bec="0" bev="0" fileid="80" />
                <SequencePoint vc="1" uspid="11811" ordinal="0" offset="25" sl="27" sc="5" el="27" ec="5" bec="0" bev="0" fileid="80" />
              </SequencePoints>
              <BranchPoints />
            </Method>
            <Method visited="true" cyclomaticComplexity="0" nPathComplexity="0" sequenceCoverage="100.0" branchCoverage="0" crapScore="0" isConstructor="false" isStatic="false" isGetter="false" isSetter="false">
              <Summary numSequencePoints="3" visitedSequencePoints="3" numBranchPoints="0" visitedBranchPoints="0" sequenceCoverage="100.0" branchCoverage="0" maxCyclomaticComplexity="0" minCyclomaticComplexity="0" maxCrapScore="0" minCrapScore="0" visitedClasses="0" numClasses="0" visitedMethods="1" numMethods="1" />
              <MetadataToken>100663306</MetadataToken>
              <Name>System.Void DigicodeHandler::UpdateDisplay()</Name>
              <FileRef uid="80" />
              <SequencePoints>
                <SequencePoint vc="11" uspid="11812" ordinal="0" offset="0" sl="30" sc="5" el="30" ec="5" bec="0" bev="0" fileid="80" />
                <SequencePoint vc="11" uspid="11813" ordinal="0" offset="1" sl="31" sc="9" el="31" ec="9" bec="0" bev="0" fileid="80" />
                <SequencePoint vc="11" uspid="11814" ordinal="0" offset="19" sl="32" sc="5" el="32" ec="5" bec="0" bev="0" fileid="80" />
              </SequencePoints>
              <BranchPoints />
            </Method>
            <Method visited="true" cyclomaticComplexity="0" nPathComplexity="0" sequenceCoverage="100.0" branchCoverage="0" crapScore="0" isConstructor="false" isStatic="false" isGetter="false" isSetter="false">
              <Summary numSequencePoints="8" visitedSequencePoints="8" numBranchPoints="0" visitedBranchPoints="0" sequenceCoverage="100.0" branchCoverage="0" maxCyclomaticComplexity="0" minCyclomaticComplexity="0" maxCrapScore="0" minCrapScore="0" visitedClasses="0" numClasses="0" visitedMethods="1" numMethods="1" />
[...]
              </SequencePoints>
              <BranchPoints />
            </Method>
            <Method visited="true" cyclomaticComplexity="0" nPathComplexity="0" sequenceCoverage="100.0" branchCoverage="0" crapScore="0" isConstructor="false" isStatic="false" isGetter="false" isSetter="false">
              <Summary numSequencePoints="9" visitedSequencePoints="9" numBranchPoints="0" visitedBranchPoints="0" sequenceCoverage="100.0" branchCoverage="0" maxCyclomaticComplexity="0" minCyclomaticComplexity="0" maxCrapScore="0" minCrapScore="0" visitedClasses="0" numClasses="0" visitedMethods="1" numMethods="1" />
              <MetadataToken>100663342</MetadataToken>
              <Name>System.Void PlatformController::OnCollisionExit(UnityEngine.Collision)</Name>
              <FileRef uid="84" />
              <SequencePoints>
                <SequencePoint vc="1" uspid="11909" ordinal="0" offset="0" sl="43" sc="5" el="43" ec="5" bec="0" bev="0" fileid="84" />
                <SequencePoint vc="1" uspid="11910" ordinal="0" offset="1" sl="44" sc="9" el="44" ec="9" bec="0" bev="0" fileid="84" />
                <SequencePoint vc="1" uspid="11911" ordinal="0" offset="28" sl="45" sc="9" el="45" ec="9" bec="0" bev="0" fileid="84" />
                <SequencePoint vc="1" uspid="11912" ordinal="0" offset="29" sl="46" sc="13" el="46" ec="13" bec="0" bev="0" fileid="84" />
                <SequencePoint vc="1" uspid="11913" ordinal="0" offset="83" sl="48" sc="13" el="48" ec="13" bec="0" bev="0" fileid="84" />
                <SequencePoint vc="1" uspid="11914" ordinal="0" offset="84" sl="49" sc="17" el="49" ec="17" bec="0" bev="0" fileid="84" />
                <SequencePoint vc="1" uspid="11915" ordinal="0" offset="96" sl="50" sc="13" el="50" ec="13" bec="0" bev="0" fileid="84" />
                <SequencePoint vc="1" uspid="11916" ordinal="0" offset="97" sl="51" sc="9" el="51" ec="9" bec="0" bev="0" fileid="84" />
                <SequencePoint vc="1" uspid="11917" ordinal="0" offset="98" sl="52" sc="5" el="52" ec="5" bec="0" bev="0" fileid="84" />
              </SequencePoints>
              <BranchPoints />
            </Method>
          </Methods>
        </Class>
        <Class>
          <Summary numSequencePoints="25" visitedSequencePoints="25" numBranchPoints="0" visitedBranchPoints="0" sequenceCoverage="100.0" branchCoverage="0.0" maxCyclomaticComplexity="0" minCyclomaticComplexity="0" maxCrapScore="0" minCrapScore="0" visitedClasses="1" numClasses="1" visitedMethods="3" numMethods="3" />
          <FullName>PlatformControllerOpenExit</FullName>
          <Methods>
            <Method visited="true" cyclomaticComplexity="0" nPathComplexity="0" sequenceCoverage="100.0" branchCoverage="0" crapScore="0" isConstructor="false" isStatic="false" isGetter="false" isSetter="false">
              <Summary numSequencePoints="3" visitedSequencePoints="3" numBranchPoints="0" visitedBranchPoints="0" sequenceCoverage="100.0" branchCoverage="0" maxCyclomaticComplexity="0" minCyclomaticComplexity="0" maxCrapScore="0" minCrapScore="0" visitedClasses="0" numClasses="0" visitedMethods="1" numMethods="1" />
              <MetadataToken>100663344</MetadataToken>
              <Name>System.Void PlatformControllerOpenExit::Awake()</Name>
              <FileRef uid="85" />
              <SequencePoints>
                <SequencePoint vc="1" uspid="11918" ordinal="0" offset="0" sl="12" sc="5" el="12" ec="5" bec="0" bev="0" fileid="85" />
                <SequencePoint vc="1" uspid="11919" ordinal="0" offset="1" sl="13" sc="9" el="13" ec="9" bec="0" bev="0" fileid="85" />
                <SequencePoint vc="1" uspid="11920" ordinal="0" offset="8" sl="14" sc="5" el="14" ec="5" bec="0" bev="0" fileid="85" />
              </SequencePoints>
              <BranchPoints />
            </Method>
            <Method visited="true" cyclomaticComplexity="0" nPathComplexity="0" sequenceCoverage="100.0" branchCoverage="0" crapScore="0" isConstructor="false" isStatic="false" isGetter="false" isSetter="false">
              <Summary numSequencePoints="11" visitedSequencePoints="11" numBranchPoints="0" visitedBranchPoints="0" sequenceCoverage="100.0" branchCoverage="0" maxCyclomaticComplexity="0" minCyclomaticComplexity="0" maxCrapScore="0" minCrapScore="0" visitedClasses="0" numClasses="0" visitedMethods="1" numMethods="1" />
              <MetadataToken>100663345</MetadataToken>
              <Name>System.Void PlatformControllerOpenExit::OnCollisionEnter(UnityEngine.Collision)</Name>
              <FileRef uid="85" />
              <SequencePoints>
                <SequencePoint vc="1" uspid="11921" ordinal="0" offset="0" sl="17" sc="5" el="17" ec="5" bec="0" bev="0" fileid="85" />
                <SequencePoint vc="1" uspid="11922" ordinal="0" offset="1" sl="19" sc="9" el="19" ec="9" bec="0" bev="0" fileid="85" />
                <SequencePoint vc="1" uspid="11923" ordinal="0" offset="39" sl="20" sc="9" el="20" ec="9" bec="0" bev="0" fileid="85" />
                <SequencePoint vc="1" uspid="11924" ordinal="0" offset="40" sl="21" sc="13" el="21" ec="13" bec="0" bev="0" fileid="85" />
                <SequencePoint vc="1" uspid="11925" ordinal="0" offset="81" sl="23" sc="13" el="23" ec="13" bec="0" bev="0" fileid="85" />
                <SequencePoint vc="1" uspid="11926" ordinal="0" offset="82" sl="24" sc="17" el="24" ec="17" bec="0" bev="0" fileid="85" />
                <SequencePoint vc="1" uspid="11927" ordinal="0" offset="99" sl="25" sc="17" el="25" ec="17" bec="0" bev="0" fileid="85" />
                <SequencePoint vc="1" uspid="11928" ordinal="0" offset="106" sl="26" sc="17" el="26" ec="17" bec="0" bev="0" fileid="85" />
                <SequencePoint vc="1" uspid="11929" ordinal="0" offset="119" sl="27" sc="13" el="27" ec="13" bec="0" bev="0" fileid="85" />
                <SequencePoint vc="1" uspid="11930" ordinal="0" offset="120" sl="28" sc="9" el="28" ec="9" bec="0" bev="0" fileid="85" />
                <SequencePoint vc="1" uspid="11931" ordinal="0" offset="121" sl="29" sc="5" el="29" ec="5" bec="0" bev="0" fileid="85" />
              </SequencePoints>
              <BranchPoints />
            </Method>
            <Method visited="true" cyclomaticComplexity="0" nPathComplexity="0" sequenceCoverage="100.0" branchCoverage="0" crapScore="0" isConstructor="false" isStatic="false" isGetter="false" isSetter="false">
              <Summary numSequencePoints="11" visitedSequencePoints="11" numBranchPoints="0" visitedBranchPoints="0" sequenceCoverage="100.0" branchCoverage="0" maxCyclomaticComplexity="0" minCyclomaticComplexity="0" maxCrapScore="0" minCrapScore="0" visitedClasses="0" numClasses="0" visitedMethods="1" numMethods="1" />
              <MetadataToken>100663346</MetadataToken>
              <Name>System.Void PlatformControllerOpenExit::OnCollisionExit(UnityEngine.Collision)</Name>
              <FileRef uid="85" />
              <SequencePoints>
                <SequencePoint vc="1" uspid="11932" ordinal="0" offset="0" sl="32" sc="5" el="32" ec="5" bec="0" bev="0" fileid="85" />
                <SequencePoint vc="1" uspid="11933" ordinal="0" offset="1" sl="33" sc="9" el="33" ec="9" bec="0" bev="0" fileid="85" />
                <SequencePoint vc="1" uspid="11934" ordinal="0" offset="39" sl="34" sc="9" el="34" ec="9" bec="0" bev="0" fileid="85" />
                <SequencePoint vc="1" uspid="11935" ordinal="0" offset="40" sl="35" sc="13" el="35" ec="13" bec="0" bev="0" fileid="85" />
                <SequencePoint vc="1" uspid="11936" ordinal="0" offset="81" sl="37" sc="13" el="37" ec="13" bec="0" bev="0" fileid="85" />
                <SequencePoint vc="1" uspid="11937" ordinal="0" offset="82" sl="38" sc="17" el="38" ec="17" bec="0" bev="0" fileid="85" />
                <SequencePoint vc="1" uspid="11938" ordinal="0" offset="89" sl="39" sc="17" el="39" ec="17" bec="0" bev="0" fileid="85" />
                <SequencePoint vc="1" uspid="11939" ordinal="0" offset="106" sl="40" sc="17" el="40" ec="17" bec="0" bev="0" fileid="85" />
                <SequencePoint vc="1" uspid="11940" ordinal="0" offset="119" sl="41" sc="13" el="41" ec="13" bec="0" bev="0" fileid="85" />
                <SequencePoint vc="1" uspid="11941" ordinal="0" offset="120" sl="42" sc="9" el="42" ec="9" bec="0" bev="0" fileid="85" />
                <SequencePoint vc="1" uspid="11942" ordinal="0" offset="121" sl="43" sc="5" el="43" ec="5" bec="0" bev="0" fileid="85" />
              </SequencePoints>
              <BranchPoints />
            </Method>
          </Methods>
        </Class>
        <Class>
          <Summary numSequencePoints="18" visitedSequencePoints="12" numBranchPoints="0" visitedBranchPoints="0" sequenceCoverage="66.67" branchCoverage="0.0" maxCyclomaticComplexity="0" minCyclomaticComplexity="0" maxCrapScore="0" minCrapScore="0" visitedClasses="1" numClasses="1" visitedMethods="3" numMethods="3" />
          <FullName>VRNoPeeking</FullName>
          <Methods>
            <Method visited="true" cyclomaticComplexity="0" nPathComplexity="0" sequenceCoverage="100.0" branchCoverage="0" crapScore="0" isConstructor="false" isStatic="false" isGetter="false" isSetter="false">
              <Summary numSequencePoints="3" visitedSequencePoints="3" numBranchPoints="0" visitedBranchPoints="0" sequenceCoverage="100.0" branchCoverage="0" maxCyclomaticComplexity="0" minCyclomaticComplexity="0" maxCrapScore="0" minCrapScore="0" visitedClasses="0" numClasses="0" visitedMethods="1" numMethods="1" />
              <MetadataToken>100663349</MetadataToken>
              <Name>System.Void VRNoPeeking::Awake()</Name>
              <FileRef uid="86" />
              <SequencePoints>
                <SequencePoint vc="1" uspid="11943" ordinal="0" offset="0" sl="15" sc="5" el="15" ec="5" bec="0" bev="0" fileid="86" />
                <SequencePoint vc="1" uspid="11944" ordinal="0" offset="1" sl="16" sc="9" el="16" ec="9" bec="0" bev="0" fileid="86" />
                <SequencePoint vc="1" uspid="11945" ordinal="0" offset="18" sl="17" sc="5" el="17" ec="5" bec="0" bev="0" fileid="86" />
              </SequencePoints>
              <BranchPoints />
            </Method>
            <Method visited="true" cyclomaticComplexity="0" nPathComplexity="0" sequenceCoverage="53.85" branchCoverage="0" crapScore="0" isConstructor="false" isStatic="false" isGetter="false" isSetter="false">
              <Summary numSequencePoints="13" visitedSequencePoints="7" numBranchPoints="0" visitedBranchPoints="0" sequenceCoverage="53.85" branchCoverage="0" maxCyclomaticComplexity="0" minCyclomaticComplexity="0" maxCrapScore="0" minCrapScore="0" visitedClasses="0" numClasses="0" visitedMethods="1" numMethods="1" />
              <MetadataToken>100663350</MetadataToken>
              <Name>System.Void VRNoPeeking::Update()</Name>
              <FileRef uid="86" />
              <SequencePoints>
                <SequencePoint vc="1925" uspid="11946" ordinal="0" offset="0" sl="21" sc="5" el="21" ec="5" bec="0" bev="0" fileid="86" />
                <SequencePoint vc="1925" uspid="11947" ordinal="0" offset="1" sl="22" sc="9" el="22" ec="9" bec="0" bev="0" fileid="86" />
                <SequencePoint vc="0" uspid="11948" ordinal="0" offset="39" sl="23" sc="9" el="23" ec="9" bec="0" bev="0" fileid="86" />
                <SequencePoint vc="0" uspid="11949" ordinal="0" offset="40" sl="24" sc="13" el="24" ec="13" bec="0" bev="0" fileid="86" />
                <SequencePoint vc="0" uspid="11950" ordinal="0" offset="52" sl="25" sc="13" el="25" ec="13" bec="0" bev="0" fileid="86" />
                <SequencePoint vc="0" uspid="11951" ordinal="0" offset="59" sl="26" sc="9" el="26" ec="9" bec="0" bev="0" fileid="86" />
                <SequencePoint vc="1925" uspid="11952" ordinal="0" offset="62" sl="28" sc="9" el="28" ec="9" bec="0" bev="0" fileid="86" />
                <SequencePoint vc="1925" uspid="11953" ordinal="0" offset="63" sl="29" sc="13" el="29" ec="13" bec="0" bev="0" fileid="86" />
                <SequencePoint vc="1925" uspid="11954" ordinal="0" offset="76" sl="30" sc="13" el="30" ec="13" bec="0" bev="0" fileid="86" />
                <SequencePoint vc="1925" uspid="11955" ordinal="0" offset="77" sl="31" sc="17" el="31" ec="17" bec="0" bev="0" fileid="86" />
                <SequencePoint vc="0" uspid="11956" ordinal="0" offset="79" sl="33" sc="13" el="33" ec="13" bec="0" bev="0" fileid="86" />
                <SequencePoint vc="0" uspid="11957" ordinal="0" offset="91" sl="34" sc="9" el="34" ec="9" bec="0" bev="0" fileid="86" />
                <SequencePoint vc="1925" uspid="11958" ordinal="0" offset="92" sl="35" sc="5" el="35" ec="5" bec="0" bev="0" fileid="86" />
              </SequencePoints>
              <BranchPoints />
            </Method>
            <Method visited="true" cyclomaticComplexity="0" nPathComplexity="0" sequenceCoverage="100.0" branchCoverage="0" crapScore="0" isConstructor="true" isStatic="false" isGetter="false" isSetter="false">
              <Summary numSequencePoints="2" visitedSequencePoints="2" numBranchPoints="0" visitedBranchPoints="0" sequenceCoverage="100.0" branchCoverage="0" maxCyclomaticComplexity="0" minCyclomaticComplexity="0" maxCrapScore="0" minCrapScore="0" visitedClasses="0" numClasses="0" visitedMethods="1" numMethods="1" />
              <MetadataToken>100663353</MetadataToken>
              <Name>VRNoPeeking::VRNoPeeking()</Name>
              <FileRef uid="86" />
              <SequencePoints>
                <SequencePoint vc="1" uspid="11970" ordinal="0" offset="0" sl="9" sc="22" el="9" ec="22" bec="0" bev="0" fileid="86" />
                <SequencePoint vc="1" uspid="11971" ordinal="0" offset="11" sl="12" sc="5" el="12" ec="5" bec="0" bev="0" fileid="86" />
              </SequencePoints>
              <BranchPoints />
            </Method>
          </Methods>
        </Class>
        <Class>
          <Summary numSequencePoints="20" visitedSequencePoints="11" numBranchPoints="0" visitedBranchPoints="0" sequenceCoverage="55.00" branchCoverage="0.0" maxCyclomaticComplexity="0" minCyclomaticComplexity="0" maxCrapScore="0" minCrapScore="0" visitedClasses="1" numClasses="1" visitedMethods="1" numMethods="1" />
          <FullName>DigicodeHandler/&lt;CheckCurrentCode&gt;d__12</FullName>
          <Methods>
            <Method visited="true" cyclomaticComplexity="0" nPathComplexity="0" sequenceCoverage="55.00" branchCoverage="0" crapScore="0" isConstructor="false" isStatic="false" isGetter="false" isSetter="false">
              <Summary numSequencePoints="20" visitedSequencePoints="11" numBranchPoints="0" visitedBranchPoints="0" sequenceCoverage="55.00" branchCoverage="0" maxCyclomaticComplexity="0" minCyclomaticComplexity="0" maxCrapScore="0" minCrapScore="0" visitedClasses="0" numClasses="0" visitedMethods="1" numMethods="1" />
              <MetadataToken>100663356</MetadataToken>
              <Name>System.Boolean DigicodeHandler/&lt;CheckCurrentCode&gt;d__12::MoveNext()</Name>
              <FileRef uid="80" />
              <SequencePoints>
                <SequencePoint vc="1" uspid="11972" ordinal="0" offset="34" sl="45" sc="5" el="45" ec="5" bec="0" bev="0" fileid="80" />
                <SequencePoint vc="1" uspid="11973" ordinal="0" offset="35" sl="46" sc="9" el="46" ec="9" bec="0" bev="0" fileid="80" />
                <SequencePoint vc="0" uspid="11974" ordinal="0" offset="66" sl="47" sc="9" el="47" ec="9" bec="0" bev="0" fileid="80" />
                <SequencePoint vc="0" uspid="11975" ordinal="0" offset="67" sl="48" sc="13" el="48" ec="13" bec="0" bev="0" fileid="80" />
                <SequencePoint vc="0" uspid="11976" ordinal="0" offset="89" sl="49" sc="13" el="49" ec="13" bec="0" bev="0" fileid="80" />
                <SequencePoint vc="0" uspid="11977" ordinal="0" offset="106" sl="51" sc="13" el="51" ec="13" bec="0" bev="0" fileid="80" />
                <SequencePoint vc="0" uspid="11978" ordinal="0" offset="127" sl="52" sc="13" el="52" ec="13" bec="0" bev="0" fileid="80" />
                <SequencePoint vc="0" uspid="11979" ordinal="0" offset="128" sl="53" sc="17" el="53" ec="17" bec="0" bev="0" fileid="80" />
                <SequencePoint vc="0" uspid="11980" ordinal="0" offset="150" sl="54" sc="17" el="54" ec="17" bec="0" bev="0" fileid="80" />
                <SequencePoint vc="0" uspid="11981" ordinal="0" offset="173" sl="55" sc="13" el="55" ec="13" bec="0" bev="0" fileid="80" />
                <SequencePoint vc="0" uspid="11982" ordinal="0" offset="174" sl="57" sc="9" el="57" ec="9" bec="0" bev="0" fileid="80" />
                <SequencePoint vc="1" uspid="11983" ordinal="0" offset="177" sl="59" sc="9" el="59" ec="9" bec="0" bev="0" fileid="80" />
                <SequencePoint vc="1" uspid="11984" ordinal="0" offset="178" sl="60" sc="13" el="60" ec="13" bec="0" bev="0" fileid="80" />
                <SequencePoint vc="1" uspid="11985" ordinal="0" offset="200" sl="61" sc="13" el="61" ec="13" bec="0" bev="0" fileid="80" />
                <SequencePoint vc="1" uspid="11986" ordinal="0" offset="217" sl="63" sc="9" el="63" ec="9" bec="0" bev="0" fileid="80" />
                <SequencePoint vc="1" uspid="11987" ordinal="0" offset="218" sl="64" sc="9" el="64" ec="9" bec="0" bev="0" fileid="80" />
                <SequencePoint vc="1" uspid="11988" ordinal="0" offset="250" sl="65" sc="9" el="65" ec="9" bec="0" bev="0" fileid="80" />
                <SequencePoint vc="1" uspid="11989" ordinal="0" offset="266" sl="66" sc="9" el="66" ec="9" bec="0" bev="0" fileid="80" />
                <SequencePoint vc="1" uspid="11990" ordinal="0" offset="278" sl="67" sc="9" el="67" ec="9" bec="0" bev="0" fileid="80" />
                <SequencePoint vc="1" uspid="11991" ordinal="0" offset="300" sl="68" sc="5" el="68" ec="5" bec="0" bev="0" fileid="80" />
              </SequencePoints>
              <BranchPoints />
            </Method>
          </Methods>
        </Class>
        <Class>
          <Summary numSequencePoints="4" visitedSequencePoints="4" numBranchPoints="0" visitedBranchPoints="0" sequenceCoverage="100.0" branchCoverage="0.0" maxCyclomaticComplexity="0" minCyclomaticComplexity="0" maxCrapScore="0" minCrapScore="0" visitedClasses="1" numClasses="1" visitedMethods="1" numMethods="1" />
          <FullName>PlatformControllerOpenExit/&lt;PlaySound&gt;d__6</FullName>
          <Methods>
            <Method visited="true" cyclomaticComplexity="0" nPathComplexity="0" sequenceCoverage="100.0" branchCoverage="0" crapScore="0" isConstructor="false" isStatic="false" isGetter="false" isSetter="false">
              <Summary numSequencePoints="4" visitedSequencePoints="4" numBranchPoints="0" visitedBranchPoints="0" sequenceCoverage="100.0" branchCoverage="0" maxCyclomaticComplexity="0" minCyclomaticComplexity="0" maxCrapScore="0" minCrapScore="0" visitedClasses="0" numClasses="0" visitedMethods="1" numMethods="1" />
              <MetadataToken>100663368</MetadataToken>
              <Name>System.Boolean PlatformControllerOpenExit/&lt;PlaySound&gt;d__6::MoveNext()</Name>
              <FileRef uid="85" />
              <SequencePoints>
                <SequencePoint vc="2" uspid="12000" ordinal="0" offset="31" sl="46" sc="5" el="46" ec="5" bec="0" bev="0" fileid="85" />
                <SequencePoint vc="2" uspid="12001" ordinal="0" offset="32" sl="47" sc="9" el="47" ec="9" bec="0" bev="0" fileid="85" />
                <SequencePoint vc="2" uspid="12002" ordinal="0" offset="64" sl="48" sc="9" el="48" ec="9" bec="0" bev="0" fileid="85" />
                <SequencePoint vc="2" uspid="12003" ordinal="0" offset="81" sl="49" sc="5" el="49" ec="5" bec="0" bev="0" fileid="85" />
              </SequencePoints>
              <BranchPoints />
            </Method>
          </Methods>
        </Class>
      </Classes>
    </Module>
  </Modules>
</CoverageSession>