<?xml version="1.0" encoding="utf-8"?>
<CoverageSession xmlns:xsd="http://www.w3.org/2001/XMLSchema" xmlns:xsi="http://www.w3.org/2001/XMLSchema-instance" Version="0.0.0.0">
  <Summary numSequencePoints="221" visitedSequencePoints="149" numBranchPoints="0" visitedBranchPoints="0" sequenceCoverage="67.42" branchCoverage="0.0" maxCyclomaticComplexity="0" minCyclomaticComplexity="0" maxCrapScore="0" minCrapScore="0" visitedClasses="15" numClasses="15" visitedMethods="23" numMethods="23" />
  <Modules>
    <Module>
      <Summary numSequencePoints="210" visitedSequencePoints="138" numBranchPoints="0" visitedBranchPoints="0" sequenceCoverage="65.71" branchCoverage="0.0" maxCyclomaticComplexity="0" minCyclomaticComplexity="0" maxCrapScore="0" minCrapScore="0" visitedClasses="12" numClasses="12" visitedMethods="20" numMethods="20" />
      <ModuleTime>0001-01-01T00:00:00</ModuleTime>
      <ModuleName>Assembly-CSharp</ModuleName>
      <Files>
        <File uid="1" fullPath="D:/--UnityProject/VR/VRExplorer_subjects/EscapeGameVR/Assets/Dependencies/Decor/Brick Project Studio/Apartment Kit/Common/Scripts &amp; Animation/TableFlip/TableFlipL.cs" />
        <File uid="2" fullPath="D:/--UnityProject/VR/VRExplorer_subjects/EscapeGameVR/Assets/Dependencies/Decor/Brick Project Studio/Apartment Kit/Common/Scripts &amp; Animation/TableFlip/TableFlipR.cs" />
        <File uid="3" fullPath="D:/--UnityProject/VR/VRExplorer_subjects/EscapeGameVR/Assets/Scripts/Audio/BowDropSoundController.cs" />
        <File uid="4" fullPath="D:/--UnityProject/VR/VRExplorer_subjects/EscapeGameVR/Assets/Scripts/Audio/MusicsManager.cs" />
        <File uid="5" fullPath="D:/--UnityProject/VR/VRExplorer_subjects/EscapeGameVR/Assets/Scripts/bow/ArrowControler.cs" />
        <File uid="6" fullPath="D:/--UnityProject/VR/VRExplorer_subjects/EscapeGameVR/Assets/Scripts/bow/ArrowRotation.cs" />
        <File uid="7" fullPath="D:/--UnityProject/VR/VRExplorer_subjects/EscapeGameVR/Assets/Scripts/bow/BowAttachPointSwitcher.cs" />
        <File uid="8" fullPath="D:/--UnityProject/VR/VRExplorer_subjects/EscapeGameVR/Assets/Scripts/bow/BowString.cs" />
        <File uid="9" fullPath="D:/--UnityProject/VR/VRExplorer_subjects/EscapeGameVR/Assets/Scripts/bow/BowStringController.cs" />
        <File uid="10" fullPath="D:/--UnityProject/VR/VRExplorer_subjects/EscapeGameVR/Assets/Scripts/bow/DestroyStickingArrow.cs" />
        <File uid="11" fullPath="D:/--UnityProject/VR/VRExplorer_subjects/EscapeGameVR/Assets/Scripts/bow/MovingTarget.cs" />
        <File uid="12" fullPath="D:/--UnityProject/VR/VRExplorer_subjects/EscapeGameVR/Assets/Scripts/bow/StickingArrowToSurface.cs" />
        <File uid="13" fullPath="D:/--UnityProject/VR/VRExplorer_subjects/EscapeGameVR/Assets/Scripts/EndGame/EndGameAreaController.cs" />
        <File uid="14" fullPath="D:/--UnityProject/VR/VRExplorer_subjects/EscapeGameVR/Assets/Scripts/EndGame/ExitAreaController.cs" />
        <File uid="15" fullPath="D:/--UnityProject/VR/VRExplorer_subjects/EscapeGameVR/Assets/Scripts/FireBulletOnValidate.cs" />
        <File uid="16" fullPath="D:/--UnityProject/VR/VRExplorer_subjects/EscapeGameVR/Assets/Scripts/isSitting/ChangeIsSitting.cs" />
        <File uid="17" fullPath="D:/--UnityProject/VR/VRExplorer_subjects/EscapeGameVR/Assets/Scripts/isSitting/isSittingScriptableObject.cs" />
        <File uid="18" fullPath="D:/--UnityProject/VR/VRExplorer_subjects/EscapeGameVR/Assets/Scripts/Menus/EndGame.cs" />
        <File uid="19" fullPath="D:/--UnityProject/VR/VRExplorer_subjects/EscapeGameVR/Assets/Scripts/Menus/EndPauseMenuController.cs" />
        <File uid="20" fullPath="D:/--UnityProject/VR/VRExplorer_subjects/EscapeGameVR/Assets/Scripts/Menus/MainMenuController.cs" />
        <File uid="21" fullPath="D:/--UnityProject/VR/VRExplorer_subjects/EscapeGameVR/Assets/Scripts/Menus/ScriptableObjects/SavedInfoSettings.cs" />
        <File uid="22" fullPath="D:/--UnityProject/VR/VRExplorer_subjects/EscapeGameVR/Assets/Scripts/Menus/SettingsMenuController.cs" />
        <File uid="23" fullPath="D:/--UnityProject/VR/VRExplorer_subjects/EscapeGameVR/Assets/Scripts/Potion/PotionAttachPointSwitcher.cs" />
        <File uid="24" fullPath="D:/--UnityProject/VR/VRExplorer_subjects/EscapeGameVR/Assets/Scripts/Potion/Wobble.cs" />
        <File uid="25" fullPath="D:/--UnityProject/VR/VRExplorer_subjects/EscapeGameVR/Assets/Scripts/Taillevar.cs" />
        <File uid="26" fullPath="D:/--UnityProject/VR/VRExplorer_subjects/EscapeGameVR/Assets/Scripts/TargetController.cs" />
        <File uid="27" fullPath="D:/--UnityProject/VR/VRExplorer_subjects/EscapeGameVR/Assets/TextMesh Pro/Examples &amp; Extras/Scripts/ChatController.cs" />
        <File uid="28" fullPath="D:/--UnityProject/VR/VRExplorer_subjects/EscapeGameVR/Assets/TextMesh Pro/Examples &amp; Extras/Scripts/DropdownSample.cs" />
        <File uid="29" fullPath="D:/--UnityProject/VR/VRExplorer_subjects/EscapeGameVR/Assets/TextMesh Pro/Examples &amp; Extras/Scripts/EnvMapAnimator.cs" />
        <File uid="30" fullPath="D:/--UnityProject/VR/VRExplorer_subjects/EscapeGameVR/Assets/TextMesh Pro/Examples &amp; Extras/Scripts/TMP_DigitValidator.cs" />
        <File uid="31" fullPath="D:/--UnityProject/VR/VRExplorer_subjects/EscapeGameVR/Assets/TextMesh Pro/Examples &amp; Extras/Scripts/TMP_PhoneNumberValidator.cs" />
        <File uid="32" fullPath="D:/--UnityProject/VR/VRExplorer_subjects/EscapeGameVR/Assets/TextMesh Pro/Examples &amp; Extras/Scripts/TMP_TextEventHandler.cs" />
        <File uid="33" fullPath="D:/--UnityProject/VR/VRExplorer_subjects/EscapeGameVR/Assets/TextMesh Pro/Examples &amp; Extras/Scripts/Benchmark01.cs" />
        <File uid="34" fullPath="D:/--UnityProject/VR/VRExplorer_subjects/EscapeGameVR/Assets/TextMesh Pro/Examples &amp; Extras/Scripts/Benchmark01_UGUI.cs" />
        <File uid="35" fullPath="D:/--UnityProject/VR/VRExplorer_subjects/EscapeGameVR/Assets/TextMesh Pro/Examples &amp; Extras/Scripts/Benchmark02.cs" />
        <File uid="36" fullPath="D:/--UnityProject/VR/VRExplorer_subjects/EscapeGameVR/Assets/TextMesh Pro/Examples &amp; Extras/Scripts/Benchmark03.cs" />
        <File uid="37" fullPath="D:/--UnityProject/VR/VRExplorer_subjects/EscapeGameVR/Assets/TextMesh Pro/Examples &amp; Extras/Scripts/Benchmark04.cs" />
        <File uid="38" fullPath="D:/--UnityProject/VR/VRExplorer_subjects/EscapeGameVR/Assets/TextMesh Pro/Examples &amp; Extras/Scripts/CameraController.cs" />
        <File uid="39" fullPath="D:/--UnityProject/VR/VRExplorer_subjects/EscapeGameVR/Assets/TextMesh Pro/Examples &amp; Extras/Scripts/ObjectSpin.cs" />
        <File uid="40" fullPath="D:/--UnityProject/VR/VRExplorer_subjects/EscapeGameVR/Assets/TextMesh Pro/Examples &amp; Extras/Scripts/ShaderPropAnimator.cs" />
        <File uid="41" fullPath="D:/--UnityProject/VR/VRExplorer_subjects/EscapeGameVR/Assets/TextMesh Pro/Examples &amp; Extras/Scripts/SimpleScript.cs" />
        <File uid="42" fullPath="D:/--UnityProject/VR/VRExplorer_subjects/EscapeGameVR/Assets/TextMesh Pro/Examples &amp; Extras/Scripts/SkewTextExample.cs" />
        <File uid="43" fullPath="D:/--UnityProject/VR/VRExplorer_subjects/EscapeGameVR/Assets/TextMesh Pro/Examples &amp; Extras/Scripts/TeleType.cs" />
        <File uid="44" fullPath="D:/--UnityProject/VR/VRExplorer_subjects/EscapeGameVR/Assets/TextMesh Pro/Examples &amp; Extras/Scripts/TextConsoleSimulator.cs" />
        <File uid="45" fullPath="D:/--UnityProject/VR/VRExplorer_subjects/EscapeGameVR/Assets/TextMesh Pro/Examples &amp; Extras/Scripts/TextMeshProFloatingText.cs" />
        <File uid="46" fullPath="D:/--UnityProject/VR/VRExplorer_subjects/EscapeGameVR/Assets/TextMesh Pro/Examples &amp; Extras/Scripts/TextMeshSpawner.cs" />
        <File uid="47" fullPath="D:/--UnityProject/VR/VRExplorer_subjects/EscapeGameVR/Assets/TextMesh Pro/Examples &amp; Extras/Scripts/TMPro_InstructionOverlay.cs" />
        <File uid="48" fullPath="D:/--UnityProject/VR/VRExplorer_subjects/EscapeGameVR/Assets/TextMesh Pro/Examples &amp; Extras/Scripts/TMP_ExampleScript_01.cs" />
        <File uid="49" fullPath="D:/--UnityProject/VR/VRExplorer_subjects/EscapeGameVR/Assets/TextMesh Pro/Examples &amp; Extras/Scripts/TMP_FrameRateCounter.cs" />
        <File uid="50" fullPath="D:/--UnityProject/VR/VRExplorer_subjects/EscapeGameVR/Assets/TextMesh Pro/Examples &amp; Extras/Scripts/TMP_TextEventCheck.cs" />
        <File uid="51" fullPath="D:/--UnityProject/VR/VRExplorer_subjects/EscapeGameVR/Assets/TextMesh Pro/Examples &amp; Extras/Scripts/TMP_TextInfoDebugTool.cs" />
        <File uid="52" fullPath="D:/--UnityProject/VR/VRExplorer_subjects/EscapeGameVR/Assets/TextMesh Pro/Examples &amp; Extras/Scripts/TMP_TextSelector_A.cs" />
        <File uid="53" fullPath="D:/--UnityProject/VR/VRExplorer_subjects/EscapeGameVR/Assets/TextMesh Pro/Examples &amp; Extras/Scripts/TMP_TextSelector_B.cs" />
        <File uid="54" fullPath="D:/--UnityProject/VR/VRExplorer_subjects/EscapeGameVR/Assets/TextMesh Pro/Examples &amp; Extras/Scripts/TMP_UiFrameRateCounter.cs" />
        <File uid="55" fullPath="D:/--UnityProject/VR/VRExplorer_subjects/EscapeGameVR/Assets/TextMesh Pro/Examples &amp; Extras/Scripts/VertexColorCycler.cs" />
        <File uid="56" fullPath="D:/--UnityProject/VR/VRExplorer_subjects/EscapeGameVR/Assets/TextMesh Pro/Examples &amp; Extras/Scripts/VertexJitter.cs" />
        <File uid="57" fullPath="D:/--UnityProject/VR/VRExplorer_subjects/EscapeGameVR/Assets/TextMesh Pro/Examples &amp; Extras/Scripts/VertexShakeA.cs" />
        <File uid="58" fullPath="D:/--UnityProject/VR/VRExplorer_subjects/EscapeGameVR/Assets/TextMesh Pro/Examples &amp; Extras/Scripts/VertexShakeB.cs" />
        <File uid="59" fullPath="D:/--UnityProject/VR/VRExplorer_subjects/EscapeGameVR/Assets/TextMesh Pro/Examples &amp; Extras/Scripts/VertexZoom.cs" />
        <File uid="60" fullPath="D:/--UnityProject/VR/VRExplorer_subjects/EscapeGameVR/Assets/TextMesh Pro/Examples &amp; Extras/Scripts/WarpTextExample.cs" />
        <File uid="61" fullPath="D:/--UnityProject/VR/VRExplorer_subjects/EscapeGameVR/Assets/Dependencies/Decor/Brick Project Studio/Apartment Kit/Common/Scripts &amp; Animation/Closet/ClosetopencloseDoor.cs" />
        <File uid="62" fullPath="D:/--UnityProject/VR/VRExplorer_subjects/EscapeGameVR/Assets/Dependencies/Decor/Brick Project Studio/Apartment Kit/Common/Scripts &amp; Animation/OvenOpen/OvenFlip.cs" />
        <File uid="63" fullPath="D:/--UnityProject/VR/VRExplorer_subjects/EscapeGameVR/Assets/Dependencies/Decor/Brick Project Studio/Apartment Kit/Common/Scripts &amp; Animation/Slide/BRGlassDoor.cs" />
        <File uid="64" fullPath="D:/--UnityProject/VR/VRExplorer_subjects/EscapeGameVR/Assets/Dependencies/Decor/Brick Project Studio/Apartment Kit/Common/Scripts &amp; Animation/Slide/opencloseSlide.cs" />
        <File uid="65" fullPath="D:/--UnityProject/VR/VRExplorer_subjects/EscapeGameVR/Assets/Dependencies/Decor/Brick Project Studio/Apartment Kit/Common/Scripts &amp; Animation/Windows/opencloseWindowApt.cs" />
        <File uid="66" fullPath="D:/--UnityProject/VR/VRExplorer_subjects/EscapeGameVR/Assets/Dependencies/Decor/Brick Project Studio/Apartment Kit/Common/Scripts &amp; Animation/Z Axis -1/Drawer_Pull_Zopp.cs" />
        <File uid="67" fullPath="D:/--UnityProject/VR/VRExplorer_subjects/EscapeGameVR/Assets/Dependencies/Decor/Brick Project Studio/Apartment Kit/Scenes/Quitgame.cs" />
        <File uid="68" fullPath="D:/--UnityProject/VR/VRExplorer_subjects/EscapeGameVR/Assets/Dependencies/Decor/Brick Project Studio/_BPS Basic Assets/Common/Scripts and Animations/Doors/opencloseDoor.cs" />
        <File uid="69" fullPath="D:/--UnityProject/VR/VRExplorer_subjects/EscapeGameVR/Assets/Dependencies/Decor/Brick Project Studio/_BPS Basic Assets/Common/Scripts and Animations/Doors/opencloseDoor1.cs" />
        <File uid="70" fullPath="D:/--UnityProject/VR/VRExplorer_subjects/EscapeGameVR/Assets/Dependencies/Decor/Brick Project Studio/_BPS Basic Assets/Common/Scripts and Animations/Doors/opencloseStallDoor.cs" />
        <File uid="71" fullPath="D:/--UnityProject/VR/VRExplorer_subjects/EscapeGameVR/Assets/Dependencies/Decor/Brick Project Studio/_BPS Basic Assets/Common/Scripts and Animations/Drawer/X Axis/Drawer_Pull_X.cs" />
        <File uid="72" fullPath="D:/--UnityProject/VR/VRExplorer_subjects/EscapeGameVR/Assets/Dependencies/Decor/Brick Project Studio/_BPS Basic Assets/Common/Scripts and Animations/Drawer/Z Axis/Drawer_Pull_Z.cs" />
        <File uid="73" fullPath="D:/--UnityProject/VR/VRExplorer_subjects/EscapeGameVR/Assets/Dependencies/Decor/Brick Project Studio/_BPS Basic Assets/Common/Scripts and Animations/First Person Player/MouseLook.cs" />
        <File uid="74" fullPath="D:/--UnityProject/VR/VRExplorer_subjects/EscapeGameVR/Assets/Dependencies/Decor/Brick Project Studio/_BPS Basic Assets/Common/Scripts and Animations/First Person Player/PlayerMovement.cs" />
        <File uid="75" fullPath="D:/--UnityProject/VR/VRExplorer_subjects/EscapeGameVR/Assets/Dependencies/Decor/Brick Project Studio/_BPS Basic Assets/Common/Scripts and Animations/First Person Player/SceneSwitchGen.cs" />
        <File uid="76" fullPath="D:/--UnityProject/VR/VRExplorer_subjects/EscapeGameVR/Assets/Dependencies/Decor/Brick Project Studio/_BPS Basic Assets/Common/Scripts and Animations/Windows/opencloseWindow.cs" />
        <File uid="77" fullPath="D:/--UnityProject/VR/VRExplorer_subjects/EscapeGameVR/Assets/Dependencies/Decor/Brick Project Studio/_BPS Basic Assets/Common/Scripts and Animations/Windows/opencloseWindow1.cs" />
      </Files>
      <Classes>
        <Class>
          <Summary numSequencePoints="1" visitedSequencePoints="1" numBranchPoints="0" visitedBranchPoints="0" sequenceCoverage="100.0" branchCoverage="0.0" maxCyclomaticComplexity="0" minCyclomaticComplexity="0" maxCrapScore="0" minCrapScore="0" visitedClasses="1" numClasses="1" visitedMethods="1" numMethods="1" />
          <FullName>BowDropSoundController</FullName>
          <Methods>
            <Method visited="true" cyclomaticComplexity="0" nPathComplexity="0" sequenceCoverage="100.0" branchCoverage="0" crapScore="0" isConstructor="true" isStatic="false" isGetter="false" isSetter="false">
              <Summary numSequencePoints="1" visitedSequencePoints="1" numBranchPoints="0" visitedBranchPoints="0" sequenceCoverage="100.0" branchCoverage="0" maxCyclomaticComplexity="0" minCyclomaticComplexity="0" maxCrapScore="0" minCrapScore="0" visitedClasses="0" numClasses="0" visitedMethods="1" numMethods="1" />
              <MetadataToken>100663308</MetadataToken>
              <Name>BowDropSoundController::BowDropSoundController()</Name>
              <FileRef uid="3" />
              <SequencePoints>
                <SequencePoint vc="4" uspid="12070" ordinal="0" offset="0" sl="8" sc="5" el="8" ec="5" bec="0" bev="0" fileid="3" />
              </SequencePoints>
              <BranchPoints />
            </Method>
          </Methods>
        </Class>
        <Class>
          <Summary numSequencePoints="58" visitedSequencePoints="47" numBranchPoints="0" visitedBranchPoints="0" sequenceCoverage="81.03" branchCoverage="0.0" maxCyclomaticComplexity="0" minCyclomaticComplexity="0" maxCrapScore="0" minCrapScore="0" visitedClasses="1" numClasses="1" visitedMethods="4" numMethods="4" />
          <FullName>MusicsManager</FullName>
          <Methods>
            <Method visited="true" cyclomaticComplexity="0" nPathComplexity="0" sequenceCoverage="100.0" branchCoverage="0" crapScore="0" isConstructor="false" isStatic="false" isGetter="false" isSetter="false">
              <Summary numSequencePoints="8" visitedSequencePoints="8" numBranchPoints="0" visitedBranchPoints="0" sequenceCoverage="100.0" branchCoverage="0" maxCyclomaticComplexity="0" minCyclomaticComplexity="0" maxCrapScore="0" minCrapScore="0" visitedClasses="0" numClasses="0" visitedMethods="1" numMethods="1" />
              <MetadataToken>100663309</MetadataToken>
              <Name>System.Void MusicsManager::Awake()</Name>
              <FileRef uid="4" />
              <SequencePoints>
                <SequencePoint vc="2" uspid="12071" ordinal="0" offset="0" sl="30" sc="5" el="30" ec="5" bec="0" bev="0" fileid="4" />
                <SequencePoint vc="2" uspid="12072" ordinal="0" offset="1" sl="31" sc="9" el="31" ec="9" bec="0" bev="0" fileid="4" />
                <SequencePoint vc="2" uspid="12073" ordinal="0" offset="12" sl="33" sc="9" el="33" ec="9" bec="0" bev="0" fileid="4" />
                <SequencePoint vc="1" uspid="12074" ordinal="0" offset="22" sl="34" sc="9" el="34" ec="9" bec="0" bev="0" fileid="4" />
                <SequencePoint vc="1" uspid="12075" ordinal="0" offset="23" sl="35" sc="13" el="35" ec="13" bec="0" bev="0" fileid="4" />
                <SequencePoint vc="1" uspid="12076" ordinal="0" offset="35" sl="36" sc="9" el="36" ec="9" bec="0" bev="0" fileid="4" />
                <SequencePoint vc="2" uspid="12077" ordinal="0" offset="36" sl="38" sc="9" el="38" ec="9" bec="0" bev="0" fileid="4" />
                <SequencePoint vc="2" uspid="12078" ordinal="0" offset="48" sl="39" sc="5" el="39" ec="5" bec="0" bev="0" fileid="4" />
              </SequencePoints>
              <BranchPoints />
            </Method>
            <Method visited="true" cyclomaticComplexity="0" nPathComplexity="0" sequenceCoverage="72.73" branchCoverage="0" crapScore="0" isConstructor="false" isStatic="false" isGetter="false" isSetter="false">
              <Summary numSequencePoints="22" visitedSequencePoints="16" numBranchPoints="0" visitedBranchPoints="0" sequenceCoverage="72.73" branchCoverage="0" maxCyclomaticComplexity="0" minCyclomaticComplexity="0" maxCrapScore="0" minCrapScore="0" visitedClasses="0" numClasses="0" visitedMethods="1" numMethods="1" />
              <MetadataToken>100663310</MetadataToken>
              <Name>System.Void MusicsManager::Update()</Name>
              <FileRef uid="4" />
              <SequencePoints>
                <SequencePoint vc="762" uspid="12079" ordinal="0" offset="0" sl="43" sc="5" el="43" ec="5" bec="0" bev="0" fileid="4" />
                <SequencePoint vc="762" uspid="12080" ordinal="0" offset="1" sl="44" sc="9" el="44" ec="9" bec="0" bev="0" fileid="4" />
                <SequencePoint vc="762" uspid="12081" ordinal="0" offset="15" sl="46" sc="9" el="46" ec="9" bec="0" bev="0" fileid="4" />
                <SequencePoint vc="1" uspid="12082" ordinal="0" offset="49" sl="47" sc="9" el="47" ec="9" bec="0" bev="0" fileid="4" />
                <SequencePoint vc="1" uspid="12083" ordinal="0" offset="50" sl="49" sc="13" el="49" ec="13" bec="0" bev="0" fileid="4" />
                <SequencePoint vc="1" uspid="12084" ordinal="0" offset="57" sl="50" sc="13" el="50" ec="13" bec="0" bev="0" fileid="4" />
                <SequencePoint vc="1" uspid="12085" ordinal="0" offset="64" sl="51" sc="9" el="51" ec="9" bec="0" bev="0" fileid="4" />
                <SequencePoint vc="761" uspid="12086" ordinal="0" offset="67" sl="52" sc="14" el="52" ec="14" bec="0" bev="0" fileid="4" />
                <SequencePoint vc="1" uspid="12087" ordinal="0" offset="83" sl="53" sc="9" el="53" ec="9" bec="0" bev="0" fileid="4" />
                <SequencePoint vc="1" uspid="12088" ordinal="0" offset="84" sl="55" sc="13" el="55" ec="13" bec="0" bev="0" fileid="4" />
                <SequencePoint vc="1" uspid="12089" ordinal="0" offset="91" sl="56" sc="13" el="56" ec="13" bec="0" bev="0" fileid="4" />
                <SequencePoint vc="1" uspid="12090" ordinal="0" offset="98" sl="57" sc="13" el="57" ec="13" bec="0" bev="0" fileid="4" />
                <SequencePoint vc="1" uspid="12091" ordinal="0" offset="105" sl="58" sc="13" el="58" ec="13" bec="0" bev="0" fileid="4" />
                <SequencePoint vc="1" uspid="12092" ordinal="0" offset="112" sl="59" sc="9" el="59" ec="9" bec="0" bev="0" fileid="4" />
                <SequencePoint vc="760" uspid="12093" ordinal="0" offset="115" sl="61" sc="14" el="61" ec="14" bec="0" bev="0" fileid="4" />
                <SequencePoint vc="0" uspid="12094" ordinal="0" offset="127" sl="62" sc="9" el="62" ec="9" bec="0" bev="0" fileid="4" />
                <SequencePoint vc="0" uspid="12095" ordinal="0" offset="128" sl="64" sc="13" el="64" ec="13" bec="0" bev="0" fileid="4" />
                <SequencePoint vc="0" uspid="12096" ordinal="0" offset="135" sl="65" sc="13" el="65" ec="13" bec="0" bev="0" fileid="4" />
                <SequencePoint vc="0" uspid="12097" ordinal="0" offset="142" sl="66" sc="13" el="66" ec="13" bec="0" bev="0" fileid="4" />
                <SequencePoint vc="0" uspid="12098" ordinal="0" offset="149" sl="67" sc="13" el="67" ec="13" bec="0" bev="0" fileid="4" />
                <SequencePoint vc="0" uspid="12099" ordinal="0" offset="156" sl="68" sc="9" el="68" ec="9" bec="0" bev="0" fileid="4" />
                <SequencePoint vc="762" uspid="12100" ordinal="0" offset="157" sl="69" sc="5" el="69" ec="5" bec="0" bev="0" fileid="4" />
              </SequencePoints>
              <BranchPoints />
            </Method>
            <Method visited="true" cyclomaticComplexity="0" nPathComplexity="0" sequenceCoverage="70.59" branchCoverage="0" crapScore="0" isConstructor="false" isStatic="false" isGetter="false" isSetter="false">
              <Summary numSequencePoints="17" visitedSequencePoints="12" numBranchPoints="0" visitedBranchPoints="0" sequenceCoverage="70.59" branchCoverage="0" maxCyclomaticComplexity="0" minCyclomaticComplexity="0" maxCrapScore="0" minCrapScore="0" visitedClasses="0" numClasses="0" visitedMethods="1" numMethods="1" />
              <MetadataToken>100663311</MetadataToken>
              <Name>System.Void MusicsManager::PlayNextMusic()</Name>
              <FileRef uid="4" />
              <SequencePoints>
                <SequencePoint vc="2" uspid="12101" ordinal="0" offset="0" sl="72" sc="5" el="72" ec="5" bec="0" bev="0" fileid="4" />
                <SequencePoint vc="2" uspid="12102" ordinal="0" offset="1" sl="73" sc="9" el="73" ec="9" bec="0" bev="0" fileid="4" />
                <SequencePoint vc="2" uspid="12103" ordinal="0" offset="15" sl="75" sc="9" el="75" ec="9" bec="0" bev="0" fileid="4" />
                <SequencePoint vc="0" uspid="12104" ordinal="0" offset="46" sl="76" sc="9" el="76" ec="9" bec="0" bev="0" fileid="4" />
                <SequencePoint vc="0" uspid="12105" ordinal="0" offset="47" sl="78" sc="13" el="78" ec="13" bec="0" bev="0" fileid="4" />
                <SequencePoint vc="0" uspid="12106" ordinal="0" offset="70" sl="79" sc="13" el="79" ec="13" bec="0" bev="0" fileid="4" />
                <SequencePoint vc="0" uspid="12107" ordinal="0" offset="84" sl="81" sc="13" el="81" ec="13" bec="0" bev="0" fileid="4" />
                <SequencePoint vc="0" uspid="12108" ordinal="0" offset="98" sl="82" sc="9" el="82" ec="9" bec="0" bev="0" fileid="4" />
                <SequencePoint vc="2" uspid="12109" ordinal="0" offset="101" sl="83" sc="14" el="83" ec="14" bec="0" bev="0" fileid="4" />
                <SequencePoint vc="1" uspid="12110" ordinal="0" offset="118" sl="84" sc="9" el="84" ec="9" bec="0" bev="0" fileid="4" />
                <SequencePoint vc="1" uspid="12111" ordinal="0" offset="119" sl="85" sc="13" el="85" ec="13" bec="0" bev="0" fileid="4" />
                <SequencePoint vc="1" uspid="12112" ordinal="0" offset="138" sl="86" sc="9" el="86" ec="9" bec="0" bev="0" fileid="4" />
                <SequencePoint vc="1" uspid="12113" ordinal="0" offset="141" sl="87" sc="14" el="87" ec="14" bec="0" bev="0" fileid="4" />
                <SequencePoint vc="1" uspid="12114" ordinal="0" offset="158" sl="88" sc="9" el="88" ec="9" bec="0" bev="0" fileid="4" />
                <SequencePoint vc="1" uspid="12115" ordinal="0" offset="159" sl="89" sc="13" el="89" ec="13" bec="0" bev="0" fileid="4" />
                <SequencePoint vc="1" uspid="12116" ordinal="0" offset="178" sl="90" sc="9" el="90" ec="9" bec="0" bev="0" fileid="4" />
                <SequencePoint vc="2" uspid="12117" ordinal="0" offset="179" sl="91" sc="5" el="91" ec="5" bec="0" bev="0" fileid="4" />
              </SequencePoints>
              <BranchPoints />
            </Method>
            <Method visited="true" cyclomaticComplexity="0" nPathComplexity="0" sequenceCoverage="100.0" branchCoverage="0" crapScore="0" isConstructor="true" isStatic="false" isGetter="false" isSetter="false">
              <Summary numSequencePoints="11" visitedSequencePoints="11" numBranchPoints="0" visitedBranchPoints="0" sequenceCoverage="100.0" branchCoverage="0" maxCyclomaticComplexity="0" minCyclomaticComplexity="0" maxCrapScore="0" minCrapScore="0" visitedClasses="0" numClasses="0" visitedMethods="1" numMethods="1" />
              <MetadataToken>100663314</MetadataToken>
              <Name>MusicsManager::MusicsManager()</Name>
              <FileRef uid="4" />
              <SequencePoints>
                <SequencePoint vc="7" uspid="12118" ordinal="0" offset="0" sl="9" sc="22" el="9" ec="22" bec="0" bev="0" fileid="4" />
                <SequencePoint vc="7" uspid="12119" ordinal="0" offset="11" sl="12" sc="22" el="12" ec="22" bec="0" bev="0" fileid="4" />
                <SequencePoint vc="7" uspid="12120" ordinal="0" offset="18" sl="13" sc="22" el="13" ec="22" bec="0" bev="0" fileid="4" />
                <SequencePoint vc="7" uspid="12121" ordinal="0" offset="25" sl="14" sc="22" el="14" ec="22" bec="0" bev="0" fileid="4" />
                <SequencePoint vc="7" uspid="12122" ordinal="0" offset="32" sl="17" sc="22" el="17" ec="22" bec="0" bev="0" fileid="4" />
                <SequencePoint vc="7" uspid="12123" ordinal="0" offset="39" sl="18" sc="22" el="18" ec="22" bec="0" bev="0" fileid="4" />
                <SequencePoint vc="7" uspid="12124" ordinal="0" offset="46" sl="22" sc="22" el="22" ec="22" bec="0" bev="0" fileid="4" />
                <SequencePoint vc="7" uspid="12125" ordinal="0" offset="53" sl="24" sc="5" el="24" ec="5" bec="0" bev="0" fileid="4" />
                <SequencePoint vc="7" uspid="12126" ordinal="0" offset="64" sl="25" sc="5" el="25" ec="5" bec="0" bev="0" fileid="4" />
                <SequencePoint vc="7" uspid="12127" ordinal="0" offset="71" sl="26" sc="5" el="26" ec="5" bec="0" bev="0" fileid="4" />
                <SequencePoint vc="7" uspid="12128" ordinal="0" offset="78" sl="27" sc="5" el="27" ec="5" bec="0" bev="0" fileid="4" />
              </SequencePoints>
              <BranchPoints />
            </Method>
          </Methods>
        </Class>
        <Class>
          <Summary numSequencePoints="1" visitedSequencePoints="1" numBranchPoints="0" visitedBranchPoints="0" sequenceCoverage="100.0" branchCoverage="0.0" maxCyclomaticComplexity="0" minCyclomaticComplexity="0" maxCrapScore="0" minCrapScore="0" visitedClasses="1" numClasses="1" visitedMethods="1" numMethods="1" />
          <FullName>ArrowControler</FullName>
          <Methods>
            <Method visited="true" cyclomaticComplexity="0" nPathComplexity="0" sequenceCoverage="100.0" branchCoverage="0" crapScore="0" isConstructor="true" isStatic="false" isGetter="false" isSetter="false">
              <Summary numSequencePoints="1" visitedSequencePoints="1" numBranchPoints="0" visitedBranchPoints="0" sequenceCoverage="100.0" branchCoverage="0" maxCyclomaticComplexity="0" minCyclomaticComplexity="0" maxCrapScore="0" minCrapScore="0" visitedClasses="0" numClasses="0" visitedMethods="1" numMethods="1" />
              <MetadataToken>100663317</MetadataToken>
              <Name>ArrowControler::ArrowControler()</Name>
              <FileRef uid="5" />
              <SequencePoints>
                <SequencePoint vc="4" uspid="12141" ordinal="0" offset="0" sl="8" sc="22" el="8" ec="22" bec="0" bev="0" fileid="5" />
              </SequencePoints>
              <BranchPoints />
            </Method>
          </Methods>
        </Class>
        <Class>
          <Summary numSequencePoints="2" visitedSequencePoints="2" numBranchPoints="0" visitedBranchPoints="0" sequenceCoverage="100.0" branchCoverage="0.0" maxCyclomaticComplexity="0" minCyclomaticComplexity="0" maxCrapScore="0" minCrapScore="0" visitedClasses="1" numClasses="1" visitedMethods="1" numMethods="1" />
          <FullName>BowStringController</FullName>
          <Methods>
            <Method visited="true" cyclomaticComplexity="0" nPathComplexity="0" sequenceCoverage="100.0" branchCoverage="0" crapScore="0" isConstructor="true" isStatic="false" isGetter="false" isSetter="false">
              <Summary numSequencePoints="2" visitedSequencePoints="2" numBranchPoints="0" visitedBranchPoints="0" sequenceCoverage="100.0" branchCoverage="0" maxCyclomaticComplexity="0" minCyclomaticComplexity="0" maxCrapScore="0" minCrapScore="0" visitedClasses="0" numClasses="0" visitedMethods="1" numMethods="1" />
              <MetadataToken>100663336</MetadataToken>
              <Name>BowStringController::BowStringController()</Name>
              <FileRef uid="9" />
              <SequencePoints>
                <SequencePoint vc="4" uspid="12265" ordinal="0" offset="0" sl="15" sc="22" el="15" ec="22" bec="0" bev="0" fileid="9" />
                <SequencePoint vc="4" uspid="12266" ordinal="0" offset="11" sl="20" sc="22" el="20" ec="22" bec="0" bev="0" fileid="9" />
              </SequencePoints>
              <BranchPoints />
            </Method>
          </Methods>
        </Class>
        <Class>
          <Summary numSequencePoints="8" visitedSequencePoints="8" numBranchPoints="0" visitedBranchPoints="0" sequenceCoverage="100.0" branchCoverage="0.0" maxCyclomaticComplexity="0" minCyclomaticComplexity="0" maxCrapScore="0" minCrapScore="0" visitedClasses="1" numClasses="1" visitedMethods="2" numMethods="2" />
          <FullName>EndGame</FullName>
          <Methods>
            <Method visited="true" cyclomaticComplexity="0" nPathComplexity="0" sequenceCoverage="100.0" branchCoverage="0" crapScore="0" isConstructor="false" isStatic="false" isGetter="false" isSetter="false">
              <Summary numSequencePoints="5" visitedSequencePoints="5" numBranchPoints="0" visitedBranchPoints="0" sequenceCoverage="100.0" branchCoverage="0" maxCyclomaticComplexity="0" minCyclomaticComplexity="0" maxCrapScore="0" minCrapScore="0" visitedClasses="0" numClasses="0" visitedMethods="1" numMethods="1" />
              <MetadataToken>100663363</MetadataToken>
              <Name>System.Void EndGame::Start()</Name>
              <FileRef uid="18" />
              <SequencePoints>
                <SequencePoint vc="1" uspid="12378" ordinal="0" offset="0" sl="19" sc="5" el="19" ec="5" bec="0" bev="0" fileid="18" />
                <SequencePoint vc="1" uspid="12379" ordinal="0" offset="1" sl="20" sc="9" el="20" ec="9" bec="0" bev="0" fileid="18" />
                <SequencePoint vc="1" uspid="12380" ordinal="0" offset="18" sl="21" sc="9" el="21" ec="9" bec="0" bev="0" fileid="18" />
                <SequencePoint vc="1" uspid="12381" ordinal="0" offset="35" sl="23" sc="9" el="23" ec="9" bec="0" bev="0" fileid="18" />
                <SequencePoint vc="1" uspid="12382" ordinal="0" offset="129" sl="24" sc="5" el="24" ec="5" bec="0" bev="0" fileid="18" />
              </SequencePoints>
              <BranchPoints />
            </Method>
            <Method visited="true" cyclomaticComplexity="0" nPathComplexity="0" sequenceCoverage="100.0" branchCoverage="0" crapScore="0" isConstructor="false" isStatic="false" isGetter="false" isSetter="false">
              <Summary numSequencePoints="3" visitedSequencePoints="3" numBranchPoints="0" visitedBranchPoints="0" sequenceCoverage="100.0" branchCoverage="0" maxCyclomaticComplexity="0" minCyclomaticComplexity="0" maxCrapScore="0" minCrapScore="0" visitedClasses="0" numClasses="0" visitedMethods="1" numMethods="1" />
              <MetadataToken>100663364</MetadataToken>
              <Name>System.Void EndGame::MoveToMainMenu()</Name>
              <FileRef uid="18" />
              <SequencePoints>
                <SequencePoint vc="1" uspid="12383" ordinal="0" offset="0" sl="27" sc="5" el="27" ec="5" bec="0" bev="0" fileid="18" />
                <SequencePoint vc="1" uspid="12384" ordinal="0" offset="1" sl="28" sc="9" el="28" ec="9" bec="0" bev="0" fileid="18" />
                <SequencePoint vc="1" uspid="12385" ordinal="0" offset="12" sl="29" sc="5" el="29" ec="5" bec="0" bev="0" fileid="18" />
              </SequencePoints>
              <BranchPoints />
            </Method>
          </Methods>
        </Class>
        <Class>
          <Summary numSequencePoints="44" visitedSequencePoints="17" numBranchPoints="0" visitedBranchPoints="0" sequenceCoverage="38.64" branchCoverage="0.0" maxCyclomaticComplexity="0" minCyclomaticComplexity="0" maxCrapScore="0" minCrapScore="0" visitedClasses="1" numClasses="1" visitedMethods="3" numMethods="3" />
          <FullName>EndPauseMenuController</FullName>
          <Methods>
            <Method visited="true" cyclomaticComplexity="0" nPathComplexity="0" sequenceCoverage="15.79" branchCoverage="0" crapScore="0" isConstructor="false" isStatic="false" isGetter="false" isSetter="false">
              <Summary numSequencePoints="19" visitedSequencePoints="3" numBranchPoints="0" visitedBranchPoints="0" sequenceCoverage="15.79" branchCoverage="0" maxCyclomaticComplexity="0" minCyclomaticComplexity="0" maxCrapScore="0" minCrapScore="0" visitedClasses="0" numClasses="0" visitedMethods="1" numMethods="1" />
              <MetadataToken>100663366</MetadataToken>
              <Name>System.Void EndPauseMenuController::Update()</Name>
              <FileRef uid="19" />
              <SequencePoints>
                <SequencePoint vc="292" uspid="12386" ordinal="0" offset="0" sl="27" sc="5" el="27" ec="5" bec="0" bev="0" fileid="19" />
                <SequencePoint vc="292" uspid="12387" ordinal="0" offset="1" sl="28" sc="9" el="28" ec="9" bec="0" bev="0" fileid="19" />
                <SequencePoint vc="0" uspid="12388" ordinal="0" offset="22" sl="29" sc="9" el="29" ec="9" bec="0" bev="0" fileid="19" />
                <SequencePoint vc="0" uspid="12389" ordinal="0" offset="23" sl="30" sc="13" el="30" ec="13" bec="0" bev="0" fileid="19" />
                <SequencePoint vc="0" uspid="12390" ordinal="0" offset="30" sl="31" sc="13" el="31" ec="13" bec="0" bev="0" fileid="19" />
                <SequencePoint vc="0" uspid="12391" ordinal="0" offset="39" sl="32" sc="13" el="32" ec="13" bec="0" bev="0" fileid="19" />
                <SequencePoint vc="0" uspid="12392" ordinal="0" offset="40" sl="33" sc="17" el="33" ec="17" bec="0" bev="0" fileid="19" />
                <SequencePoint vc="0" uspid="12393" ordinal="0" offset="49" sl="34" sc="17" el="34" ec="17" bec="0" bev="0" fileid="19" />
                <SequencePoint vc="0" uspid="12394" ordinal="0" offset="50" sl="35" sc="21" el="35" ec="21" bec="0" bev="0" fileid="19" />
                <SequencePoint vc="0" uspid="12395" ordinal="0" offset="57" sl="36" sc="17" el="36" ec="17" bec="0" bev="0" fileid="19" />
                <SequencePoint vc="0" uspid="12396" ordinal="0" offset="60" sl="38" sc="17" el="38" ec="17" bec="0" bev="0" fileid="19" />
                <SequencePoint vc="0" uspid="12397" ordinal="0" offset="61" sl="39" sc="21" el="39" ec="21" bec="0" bev="0" fileid="19" />
                <SequencePoint vc="0" uspid="12398" ordinal="0" offset="68" sl="40" sc="17" el="40" ec="17" bec="0" bev="0" fileid="19" />
                <SequencePoint vc="0" uspid="12399" ordinal="0" offset="69" sl="41" sc="13" el="41" ec="13" bec="0" bev="0" fileid="19" />
                <SequencePoint vc="0" uspid="12400" ordinal="0" offset="72" sl="43" sc="13" el="43" ec="13" bec="0" bev="0" fileid="19" />
                <SequencePoint vc="0" uspid="12401" ordinal="0" offset="73" sl="44" sc="17" el="44" ec="17" bec="0" bev="0" fileid="19" />
                <SequencePoint vc="0" uspid="12402" ordinal="0" offset="80" sl="45" sc="13" el="45" ec="13" bec="0" bev="0" fileid="19" />
                <SequencePoint vc="0" uspid="12403" ordinal="0" offset="81" sl="46" sc="9" el="46" ec="9" bec="0" bev="0" fileid="19" />
                <SequencePoint vc="292" uspid="12404" ordinal="0" offset="82" sl="47" sc="5" el="47" ec="5" bec="0" bev="0" fileid="19" />
              </SequencePoints>
              <BranchPoints />
            </Method>
            <Method visited="true" cyclomaticComplexity="0" nPathComplexity="0" sequenceCoverage="47.62" branchCoverage="0" crapScore="0" isConstructor="false" isStatic="false" isGetter="false" isSetter="false">
              <Summary numSequencePoints="21" visitedSequencePoints="10" numBranchPoints="0" visitedBranchPoints="0" sequenceCoverage="47.62" branchCoverage="0" maxCyclomaticComplexity="0" minCyclomaticComplexity="0" maxCrapScore="0" minCrapScore="0" visitedClasses="0" numClasses="0" visitedMethods="1" numMethods="1" />
              <MetadataToken>100663374</MetadataToken>
              <Name>System.Boolean EndPauseMenuController::MenuButtonPressed()</Name>
              <FileRef uid="19" />
              <SequencePoints>
                <SequencePoint vc="292" uspid="12435" ordinal="0" offset="0" sl="96" sc="5" el="96" ec="5" bec="0" bev="0" fileid="19" />
                <SequencePoint vc="292" uspid="12436" ordinal="0" offset="1" sl="98" sc="9" el="98" ec="9" bec="0" bev="0" fileid="19" />
                <SequencePoint vc="292" uspid="12437" ordinal="0" offset="7" sl="99" sc="9" el="99" ec="9" bec="0" bev="0" fileid="19" />
                <SequencePoint vc="292" uspid="12438" ordinal="0" offset="13" sl="100" sc="9" el="100" ec="9" bec="0" bev="0" fileid="19" />
                <SequencePoint vc="292" uspid="12439" ordinal="0" offset="21" sl="103" sc="9" el="103" ec="9" bec="0" bev="0" fileid="19" />
                <SequencePoint vc="292" uspid="12440" ordinal="0" offset="22" sl="103" sc="36" el="103" ec="36" bec="0" bev="0" fileid="19" />
                <SequencePoint vc="0" uspid="12441" ordinal="0" offset="31" sl="103" sc="18" el="103" ec="18" bec="0" bev="0" fileid="19" />
                <SequencePoint vc="0" uspid="12442" ordinal="0" offset="39" sl="104" sc="9" el="104" ec="9" bec="0" bev="0" fileid="19" />
                <SequencePoint vc="0" uspid="12443" ordinal="0" offset="40" sl="106" sc="13" el="106" ec="13" bec="0" bev="0" fileid="19" />
                <SequencePoint vc="0" uspid="12444" ordinal="0" offset="63" sl="107" sc="13" el="107" ec="13" bec="0" bev="0" fileid="19" />
                <SequencePoint vc="0" uspid="12445" ordinal="0" offset="64" sl="109" sc="17" el="109" ec="17" bec="0" bev="0" fileid="19" />
                <SequencePoint vc="0" uspid="12446" ordinal="0" offset="75" sl="110" sc="17" el="110" ec="17" bec="0" bev="0" fileid="19" />
                <SequencePoint vc="0" uspid="12447" ordinal="0" offset="76" sl="111" sc="21" el="111" ec="21" bec="0" bev="0" fileid="19" />
                <SequencePoint vc="0" uspid="12448" ordinal="0" offset="81" sl="114" sc="17" el="114" ec="17" bec="0" bev="0" fileid="19" />
                <SequencePoint vc="0" uspid="12449" ordinal="0" offset="82" sl="115" sc="21" el="115" ec="21" bec="0" bev="0" fileid="19" />
                <SequencePoint vc="0" uspid="12450" ordinal="0" offset="88" sl="116" sc="21" el="116" ec="21" bec="0" bev="0" fileid="19" />
                <SequencePoint vc="0" uspid="12451" ordinal="0" offset="93" sl="119" sc="9" el="119" ec="9" bec="0" bev="0" fileid="19" />
                <SequencePoint vc="292" uspid="12452" ordinal="0" offset="94" sl="103" sc="33" el="103" ec="33" bec="0" bev="0" fileid="19" />
                <SequencePoint vc="292" uspid="12453" ordinal="0" offset="120" sl="122" sc="9" el="122" ec="9" bec="0" bev="0" fileid="19" />
                <SequencePoint vc="292" uspid="12454" ordinal="0" offset="126" sl="123" sc="9" el="123" ec="9" bec="0" bev="0" fileid="19" />
                <SequencePoint vc="292" uspid="12455" ordinal="0" offset="131" sl="124" sc="5" el="124" ec="5" bec="0" bev="0" fileid="19" />
              </SequencePoints>
              <BranchPoints />
            </Method>
            <Method visited="true" cyclomaticComplexity="0" nPathComplexity="0" sequenceCoverage="100.0" branchCoverage="0" crapScore="0" isConstructor="true" isStatic="false" isGetter="false" isSetter="false">
              <Summary numSequencePoints="4" visitedSequencePoints="4" numBranchPoints="0" visitedBranchPoints="0" sequenceCoverage="100.0" branchCoverage="0" maxCyclomaticComplexity="0" minCyclomaticComplexity="0" maxCrapScore="0" minCrapScore="0" visitedClasses="0" numClasses="0" visitedMethods="1" numMethods="1" />
              <MetadataToken>100663375</MetadataToken>
              <Name>EndPauseMenuController::EndPauseMenuController()</Name>
              <FileRef uid="19" />
              <SequencePoints>
                <SequencePoint vc="3" uspid="12456" ordinal="0" offset="0" sl="10" sc="22" el="10" ec="22" bec="0" bev="0" fileid="19" />
                <SequencePoint vc="3" uspid="12457" ordinal="0" offset="7" sl="11" sc="22" el="11" ec="22" bec="0" bev="0" fileid="19" />
                <SequencePoint vc="3" uspid="12458" ordinal="0" offset="14" sl="12" sc="22" el="12" ec="22" bec="0" bev="0" fileid="19" />
                <SequencePoint vc="3" uspid="12459" ordinal="0" offset="21" sl="16" sc="22" el="16" ec="22" bec="0" bev="0" fileid="19" />
              </SequencePoints>
              <BranchPoints />
            </Method>
          </Methods>
        </Class>
        <Class>
          <Summary numSequencePoints="40" visitedSequencePoints="16" numBranchPoints="0" visitedBranchPoints="0" sequenceCoverage="40.00" branchCoverage="0.0" maxCyclomaticComplexity="0" minCyclomaticComplexity="0" maxCrapScore="0" minCrapScore="0" visitedClasses="1" numClasses="1" visitedMethods="3" numMethods="3" />
          <FullName>MainMenuController</FullName>
          <Methods>
            <Method visited="true" cyclomaticComplexity="0" nPathComplexity="0" sequenceCoverage="30.00" branchCoverage="0" crapScore="0" isConstructor="false" isStatic="false" isGetter="false" isSetter="false">
              <Summary numSequencePoints="10" visitedSequencePoints="3" numBranchPoints="0" visitedBranchPoints="0" sequenceCoverage="30.00" branchCoverage="0" maxCyclomaticComplexity="0" minCyclomaticComplexity="0" maxCrapScore="0" minCrapScore="0" visitedClasses="0" numClasses="0" visitedMethods="1" numMethods="1" />
              <MetadataToken>100663376</MetadataToken>
              <Name>System.Void MainMenuController::Start()</Name>
              <FileRef uid="20" />
              <SequencePoints>
                <SequencePoint vc="1" uspid="12460" ordinal="0" offset="0" sl="20" sc="5" el="20" ec="5" bec="0" bev="0" fileid="20" />
                <SequencePoint vc="1" uspid="12461" ordinal="0" offset="1" sl="21" sc="9" el="21" ec="9" bec="0" bev="0" fileid="20" />
                <SequencePoint vc="0" uspid="12462" ordinal="0" offset="19" sl="22" sc="9" el="22" ec="9" bec="0" bev="0" fileid="20" />
                <SequencePoint vc="0" uspid="12463" ordinal="0" offset="20" sl="24" sc="13" el="24" ec="13" bec="0" bev="0" fileid="20" />
                <SequencePoint vc="0" uspid="12464" ordinal="0" offset="32" sl="25" sc="13" el="25" ec="13" bec="0" bev="0" fileid="20" />
                <SequencePoint vc="0" uspid="12465" ordinal="0" offset="50" sl="26" sc="13" el="26" ec="13" bec="0" bev="0" fileid="20" />
                <SequencePoint vc="0" uspid="12466" ordinal="0" offset="68" sl="27" sc="13" el="27" ec="13" bec="0" bev="0" fileid="20" />
                <SequencePoint vc="0" uspid="12467" ordinal="0" offset="86" sl="28" sc="13" el="28" ec="13" bec="0" bev="0" fileid="20" />
                <SequencePoint vc="0" uspid="12468" ordinal="0" offset="98" sl="29" sc="9" el="29" ec="9" bec="0" bev="0" fileid="20" />
                <SequencePoint vc="1" uspid="12469" ordinal="0" offset="99" sl="32" sc="5" el="32" ec="5" bec="0" bev="0" fileid="20" />
              </SequencePoints>
              <BranchPoints />
            </Method>
            <Method visited="true" cyclomaticComplexity="0" nPathComplexity="0" sequenceCoverage="33.33" branchCoverage="0" crapScore="0" isConstructor="false" isStatic="false" isGetter="false" isSetter="false">
              <Summary numSequencePoints="9" visitedSequencePoints="3" numBranchPoints="0" visitedBranchPoints="0" sequenceCoverage="33.33" branchCoverage="0" maxCyclomaticComplexity="0" minCyclomaticComplexity="0" maxCrapScore="0" minCrapScore="0" visitedClasses="0" numClasses="0" visitedMethods="1" numMethods="1" />
              <MetadataToken>100663377</MetadataToken>
              <Name>System.Void MainMenuController::Update()</Name>
              <FileRef uid="20" />
              <SequencePoints>
                <SequencePoint vc="470" uspid="12470" ordinal="0" offset="0" sl="35" sc="5" el="35" ec="5" bec="0" bev="0" fileid="20" />
                <SequencePoint vc="470" uspid="12471" ordinal="0" offset="1" sl="36" sc="9" el="36" ec="9" bec="0" bev="0" fileid="20" />
                <SequencePoint vc="0" uspid="12472" ordinal="0" offset="11" sl="37" sc="9" el="37" ec="9" bec="0" bev="0" fileid="20" />
                <SequencePoint vc="0" uspid="12473" ordinal="0" offset="12" sl="38" sc="13" el="38" ec="13" bec="0" bev="0" fileid="20" />
                <SequencePoint vc="0" uspid="12474" ordinal="0" offset="21" sl="39" sc="13" el="39" ec="13" bec="0" bev="0" fileid="20" />
                <SequencePoint vc="0" uspid="12475" ordinal="0" offset="22" sl="40" sc="17" el="40" ec="17" bec="0" bev="0" fileid="20" />
                <SequencePoint vc="0" uspid="12476" ordinal="0" offset="29" sl="41" sc="13" el="41" ec="13" bec="0" bev="0" fileid="20" />
                <SequencePoint vc="0" uspid="12477" ordinal="0" offset="30" sl="42" sc="9" el="42" ec="9" bec="0" bev="0" fileid="20" />
                <SequencePoint vc="470" uspid="12478" ordinal="0" offset="31" sl="43" sc="5" el="43" ec="5" bec="0" bev="0" fileid="20" />
              </SequencePoints>
              <BranchPoints />
            </Method>
            <Method visited="true" cyclomaticComplexity="0" nPathComplexity="0" sequenceCoverage="47.62" branchCoverage="0" crapScore="0" isConstructor="false" isStatic="false" isGetter="false" isSetter="false">
              <Summary numSequencePoints="21" visitedSequencePoints="10" numBranchPoints="0" visitedBranchPoints="0" sequenceCoverage="47.62" branchCoverage="0" maxCyclomaticComplexity="0" minCyclomaticComplexity="0" maxCrapScore="0" minCrapScore="0" visitedClasses="0" numClasses="0" visitedMethods="1" numMethods="1" />
              <MetadataToken>100663384</MetadataToken>
              <Name>System.Boolean MainMenuController::MenuButtonPressed()</Name>
              <FileRef uid="20" />
              <SequencePoints>
                <SequencePoint vc="470" uspid="12500" ordinal="0" offset="0" sl="91" sc="5" el="91" ec="5" bec="0" bev="0" fileid="20" />
                <SequencePoint vc="470" uspid="12501" ordinal="0" offset="1" sl="93" sc="9" el="93" ec="9" bec="0" bev="0" fileid="20" />
                <SequencePoint vc="470" uspid="12502" ordinal="0" offset="7" sl="94" sc="9" el="94" ec="9" bec="0" bev="0" fileid="20" />
                <SequencePoint vc="470" uspid="12503" ordinal="0" offset="13" sl="95" sc="9" el="95" ec="9" bec="0" bev="0" fileid="20" />
                <SequencePoint vc="470" uspid="12504" ordinal="0" offset="21" sl="98" sc="9" el="98" ec="9" bec="0" bev="0" fileid="20" />
                <SequencePoint vc="470" uspid="12505" ordinal="0" offset="22" sl="98" sc="36" el="98" ec="36" bec="0" bev="0" fileid="20" />
                <SequencePoint vc="0" uspid="12506" ordinal="0" offset="31" sl="98" sc="18" el="98" ec="18" bec="0" bev="0" fileid="20" />
                <SequencePoint vc="0" uspid="12507" ordinal="0" offset="39" sl="99" sc="9" el="99" ec="9" bec="0" bev="0" fileid="20" />
                <SequencePoint vc="0" uspid="12508" ordinal="0" offset="40" sl="101" sc="13" el="101" ec="13" bec="0" bev="0" fileid="20" />
                <SequencePoint vc="0" uspid="12509" ordinal="0" offset="63" sl="102" sc="13" el="102" ec="13" bec="0" bev="0" fileid="20" />
                <SequencePoint vc="0" uspid="12510" ordinal="0" offset="64" sl="104" sc="17" el="104" ec="17" bec="0" bev="0" fileid="20" />
                <SequencePoint vc="0" uspid="12511" ordinal="0" offset="75" sl="104" sc="41" el="104" ec="41" bec="0" bev="0" fileid="20" />
                <SequencePoint vc="0" uspid="12512" ordinal="0" offset="76" sl="105" sc="21" el="105" ec="21" bec="0" bev="0" fileid="20" />
                <SequencePoint vc="0" uspid="12513" ordinal="0" offset="81" sl="108" sc="17" el="108" ec="17" bec="0" bev="0" fileid="20" />
                <SequencePoint vc="0" uspid="12514" ordinal="0" offset="82" sl="109" sc="21" el="109" ec="21" bec="0" bev="0" fileid="20" />
                <SequencePoint vc="0" uspid="12515" ordinal="0" offset="88" sl="110" sc="21" el="110" ec="21" bec="0" bev="0" fileid="20" />
                <SequencePoint vc="0" uspid="12516" ordinal="0" offset="93" sl="113" sc="9" el="113" ec="9" bec="0" bev="0" fileid="20" />
                <SequencePoint vc="470" uspid="12517" ordinal="0" offset="94" sl="98" sc="33" el="98" ec="33" bec="0" bev="0" fileid="20" />
                <SequencePoint vc="470" uspid="12518" ordinal="0" offset="120" sl="116" sc="9" el="116" ec="9" bec="0" bev="0" fileid="20" />
                <SequencePoint vc="470" uspid="12519" ordinal="0" offset="126" sl="117" sc="9" el="117" ec="9" bec="0" bev="0" fileid="20" />
                <SequencePoint vc="470" uspid="12520" ordinal="0" offset="131" sl="118" sc="5" el="118" ec="5" bec="0" bev="0" fileid="20" />
              </SequencePoints>
              <BranchPoints />
            </Method>
          </Methods>
        </Class>
        <Class>
          <Summary numSequencePoints="3" visitedSequencePoints="3" numBranchPoints="0" visitedBranchPoints="0" sequenceCoverage="100.0" branchCoverage="0.0" maxCyclomaticComplexity="0" minCyclomaticComplexity="0" maxCrapScore="0" minCrapScore="0" visitedClasses="1" numClasses="1" visitedMethods="1" numMethods="1" />
          <FullName>SettingsMenuController</FullName>
          <Methods>
            <Method visited="true" cyclomaticComplexity="0" nPathComplexity="0" sequenceCoverage="100.0" branchCoverage="0" crapScore="0" isConstructor="true" isStatic="false" isGetter="false" isSetter="false">
              <Summary numSequencePoints="3" visitedSequencePoints="3" numBranchPoints="0" visitedBranchPoints="0" sequenceCoverage="100.0" branchCoverage="0" maxCyclomaticComplexity="0" minCyclomaticComplexity="0" maxCrapScore="0" minCrapScore="0" visitedClasses="0" numClasses="0" visitedMethods="1" numMethods="1" />
              <MetadataToken>100663396</MetadataToken>
              <Name>SettingsMenuController::SettingsMenuController()</Name>
              <FileRef uid="22" />
              <SequencePoints>
                <SequencePoint vc="9" uspid="12587" ordinal="0" offset="0" sl="10" sc="22" el="10" ec="22" bec="0" bev="0" fileid="22" />
                <SequencePoint vc="9" uspid="12588" ordinal="0" offset="7" sl="11" sc="22" el="11" ec="22" bec="0" bev="0" fileid="22" />
                <SequencePoint vc="9" uspid="12589" ordinal="0" offset="14" sl="18" sc="5" el="18" ec="5" bec="0" bev="0" fileid="22" />
              </SequencePoints>
              <BranchPoints />
            </Method>
          </Methods>
        </Class>
        <Class>
          <Summary numSequencePoints="4" visitedSequencePoints="4" numBranchPoints="0" visitedBranchPoints="0" sequenceCoverage="100.0" branchCoverage="0.0" maxCyclomaticComplexity="0" minCyclomaticComplexity="0" maxCrapScore="0" minCrapScore="0" visitedClasses="1" numClasses="1" visitedMethods="1" numMethods="1" />
          <FullName>Wobble</FullName>
          <Methods>
            <Method visited="true" cyclomaticComplexity="0" nPathComplexity="0" sequenceCoverage="100.0" branchCoverage="0" crapScore="0" isConstructor="true" isStatic="false" isGetter="false" isSetter="false">
              <Summary numSequencePoints="4" visitedSequencePoints="4" numBranchPoints="0" visitedBranchPoints="0" sequenceCoverage="100.0" branchCoverage="0" maxCyclomaticComplexity="0" minCyclomaticComplexity="0" maxCrapScore="0" minCrapScore="0" visitedClasses="0" numClasses="0" visitedMethods="1" numMethods="1" />
              <MetadataToken>100663401</MetadataToken>
              <Name>Wobble::Wobble()</Name>
              <FileRef uid="24" />
              <SequencePoints>
                <SequencePoint vc="5" uspid="12630" ordinal="0" offset="0" sl="12" sc="22" el="12" ec="22" bec="0" bev="0" fileid="24" />
                <SequencePoint vc="5" uspid="12631" ordinal="0" offset="11" sl="13" sc="22" el="13" ec="22" bec="0" bev="0" fileid="24" />
                <SequencePoint vc="5" uspid="12632" ordinal="0" offset="22" sl="14" sc="22" el="14" ec="22" bec="0" bev="0" fileid="24" />
                <SequencePoint vc="5" uspid="12633" ordinal="0" offset="33" sl="20" sc="5" el="20" ec="5" bec="0" bev="0" fileid="24" />
              </SequencePoints>
              <BranchPoints />
            </Method>
          </Methods>
        </Class>
        <Class>
          <Summary numSequencePoints="3" visitedSequencePoints="3" numBranchPoints="0" visitedBranchPoints="0" sequenceCoverage="100.0" branchCoverage="0.0" maxCyclomaticComplexity="0" minCyclomaticComplexity="0" maxCrapScore="0" minCrapScore="0" visitedClasses="1" numClasses="1" visitedMethods="1" numMethods="1" />
          <FullName>Taillevar</FullName>
          <Methods>
            <Method visited="true" cyclomaticComplexity="0" nPathComplexity="0" sequenceCoverage="100.0" branchCoverage="0" crapScore="0" isConstructor="true" isStatic="false" isGetter="false" isSetter="false">
              <Summary numSequencePoints="3" visitedSequencePoints="3" numBranchPoints="0" visitedBranchPoints="0" sequenceCoverage="100.0" branchCoverage="0" maxCyclomaticComplexity="0" minCyclomaticComplexity="0" maxCrapScore="0" minCrapScore="0" visitedClasses="0" numClasses="0" visitedMethods="1" numMethods="1" />
              <MetadataToken>100663406</MetadataToken>
              <Name>Taillevar::Taillevar()</Name>
              <FileRef uid="25" />
              <SequencePoints>
                <SequencePoint vc="3" uspid="12722" ordinal="0" offset="0" sl="13" sc="22" el="13" ec="22" bec="0" bev="0" fileid="25" />
                <SequencePoint vc="3" uspid="12723" ordinal="0" offset="11" sl="31" sc="5" el="31" ec="5" bec="0" bev="0" fileid="25" />
                <SequencePoint vc="3" uspid="12724" ordinal="0" offset="18" sl="38" sc="22" el="38" ec="22" bec="0" bev="0" fileid="25" />
              </SequencePoints>
              <BranchPoints />
            </Method>
          </Methods>
        </Class>
        <Class>
          <Summary numSequencePoints="31" visitedSequencePoints="28" numBranchPoints="0" visitedBranchPoints="0" sequenceCoverage="90.32" branchCoverage="0.0" maxCyclomaticComplexity="0" minCyclomaticComplexity="0" maxCrapScore="0" minCrapScore="0" visitedClasses="1" numClasses="1" visitedMethods="1" numMethods="1" />
          <FullName>MusicsManager/&lt;SoftTransition&gt;d__14</FullName>
          <Methods>
            <Method visited="true" cyclomaticComplexity="0" nPathComplexity="0" sequenceCoverage="90.32" branchCoverage="0" crapScore="0" isConstructor="false" isStatic="false" isGetter="false" isSetter="false">
              <Summary numSequencePoints="31" visitedSequencePoints="28" numBranchPoints="0" visitedBranchPoints="0" sequenceCoverage="90.32" branchCoverage="0" maxCyclomaticComplexity="0" minCyclomaticComplexity="0" maxCrapScore="0" minCrapScore="0" visitedClasses="0" numClasses="0" visitedMethods="1" numMethods="1" />
              <MetadataToken>100663689</MetadataToken>
              <Name>System.Boolean MusicsManager/&lt;SoftTransition&gt;d__14::MoveNext()</Name>
              <FileRef uid="4" />
              <SequencePoints>
                <SequencePoint vc="2" uspid="14887" ordinal="0" offset="34" sl="94" sc="5" el="94" ec="5" bec="0" bev="0" fileid="4" />
                <SequencePoint vc="2" uspid="14888" ordinal="0" offset="35" sl="98" sc="9" el="98" ec="9" bec="0" bev="0" fileid="4" />
                <SequencePoint vc="1" uspid="14889" ordinal="0" offset="55" sl="99" sc="9" el="99" ec="9" bec="0" bev="0" fileid="4" />
                <SequencePoint vc="1" uspid="14890" ordinal="0" offset="56" sl="100" sc="13" el="100" ec="13" bec="0" bev="0" fileid="4" />
                <SequencePoint vc="1" uspid="14891" ordinal="0" offset="73" sl="101" sc="13" el="101" ec="13" bec="0" bev="0" fileid="4" />
                <SequencePoint vc="1" uspid="14892" ordinal="0" offset="90" sl="102" sc="9" el="102" ec="9" bec="0" bev="0" fileid="4" />
                <SequencePoint vc="1" uspid="14893" ordinal="0" offset="93" sl="104" sc="9" el="104" ec="9" bec="0" bev="0" fileid="4" />
                <SequencePoint vc="1" uspid="14894" ordinal="0" offset="94" sl="105" sc="13" el="105" ec="13" bec="0" bev="0" fileid="4" />
                <SequencePoint vc="1" uspid="14895" ordinal="0" offset="111" sl="106" sc="13" el="106" ec="13" bec="0" bev="0" fileid="4" />
                <SequencePoint vc="1" uspid="14896" ordinal="0" offset="128" sl="107" sc="9" el="107" ec="9" bec="0" bev="0" fileid="4" />
                <SequencePoint vc="2" uspid="14897" ordinal="0" offset="129" sl="110" sc="9" el="110" ec="9" bec="0" bev="0" fileid="4" />
                <SequencePoint vc="2" uspid="14898" ordinal="0" offset="147" sl="111" sc="9" el="111" ec="9" bec="0" bev="0" fileid="4" />
                <SequencePoint vc="2" uspid="14899" ordinal="0" offset="159" sl="120" sc="9" el="120" ec="9" bec="0" bev="0" fileid="4" />
                <SequencePoint vc="2" uspid="14900" ordinal="0" offset="171" sl="123" sc="9" el="123" ec="9" bec="0" bev="0" fileid="4" />
                <SequencePoint vc="762" uspid="14901" ordinal="0" offset="187" sl="125" sc="9" el="125" ec="9" bec="0" bev="0" fileid="4" />
                <SequencePoint vc="762" uspid="14902" ordinal="0" offset="188" sl="126" sc="13" el="126" ec="13" bec="0" bev="0" fileid="4" />
                <SequencePoint vc="762" uspid="14903" ordinal="0" offset="206" sl="127" sc="13" el="127" ec="13" bec="0" bev="0" fileid="4" />
                <SequencePoint vc="762" uspid="14904" ordinal="0" offset="207" sl="128" sc="17" el="128" ec="17" bec="0" bev="0" fileid="4" />
                <SequencePoint vc="762" uspid="14905" ordinal="0" offset="240" sl="129" sc="17" el="129" ec="17" bec="0" bev="0" fileid="4" />
                <SequencePoint vc="762" uspid="14906" ordinal="0" offset="273" sl="130" sc="17" el="130" ec="17" bec="0" bev="0" fileid="4" />
                <SequencePoint vc="762" uspid="14907" ordinal="0" offset="303" sl="131" sc="17" el="131" ec="17" bec="0" bev="0" fileid="4" />
                <SequencePoint vc="761" uspid="14908" ordinal="0" offset="326" sl="132" sc="13" el="132" ec="13" bec="0" bev="0" fileid="4" />
                <SequencePoint vc="0" uspid="14909" ordinal="0" offset="329" sl="134" sc="13" el="134" ec="13" bec="0" bev="0" fileid="4" />
                <SequencePoint vc="0" uspid="14910" ordinal="0" offset="330" sl="136" sc="17" el="136" ec="17" bec="0" bev="0" fileid="4" />
                <SequencePoint vc="0" uspid="14911" ordinal="0" offset="342" sl="137" sc="17" el="137" ec="17" bec="0" bev="0" fileid="4" />
                <SequencePoint vc="761" uspid="14912" ordinal="0" offset="344" sl="139" sc="9" el="139" ec="9" bec="0" bev="0" fileid="4" />
                <SequencePoint vc="763" uspid="14913" ordinal="0" offset="345" sl="124" sc="9" el="124" ec="9" bec="0" bev="0" fileid="4" />
                <SequencePoint vc="1" uspid="14914" ordinal="0" offset="370" sl="140" sc="9" el="140" ec="9" bec="0" bev="0" fileid="4" />
                <SequencePoint vc="1" uspid="14915" ordinal="0" offset="382" sl="142" sc="9" el="142" ec="9" bec="0" bev="0" fileid="4" />
                <SequencePoint vc="1" uspid="14916" ordinal="0" offset="423" sl="143" sc="9" el="143" ec="9" bec="0" bev="0" fileid="4" />
                <SequencePoint vc="1" uspid="14917" ordinal="0" offset="452" sl="144" sc="5" el="144" ec="5" bec="0" bev="0" fileid="4" />
              </SequencePoints>
              <BranchPoints />
            </Method>
          </Methods>
        </Class>
        <Class>
          <Summary numSequencePoints="15" visitedSequencePoints="8" numBranchPoints="0" visitedBranchPoints="0" sequenceCoverage="53.33" branchCoverage="0.0" maxCyclomaticComplexity="0" minCyclomaticComplexity="0" maxCrapScore="0" minCrapScore="0" visitedClasses="1" numClasses="1" visitedMethods="1" numMethods="1" />
          <FullName>MusicsManager/&lt;WaitForEnd&gt;d__15</FullName>
          <Methods>
            <Method visited="true" cyclomaticComplexity="0" nPathComplexity="0" sequenceCoverage="53.33" branchCoverage="0" crapScore="0" isConstructor="false" isStatic="false" isGetter="false" isSetter="false">
              <Summary numSequencePoints="15" visitedSequencePoints="8" numBranchPoints="0" visitedBranchPoints="0" sequenceCoverage="53.33" branchCoverage="0" maxCyclomaticComplexity="0" minCyclomaticComplexity="0" maxCrapScore="0" minCrapScore="0" visitedClasses="0" numClasses="0" visitedMethods="1" numMethods="1" />
              <MetadataToken>100663695</MetadataToken>
              <Name>System.Boolean MusicsManager/&lt;WaitForEnd&gt;d__15::MoveNext()</Name>
              <FileRef uid="4" />
              <SequencePoints>
                <SequencePoint vc="1" uspid="14918" ordinal="0" offset="31" sl="148" sc="5" el="148" ec="5" bec="0" bev="0" fileid="4" />
                <SequencePoint vc="1" uspid="14919" ordinal="0" offset="32" sl="149" sc="9" el="149" ec="9" bec="0" bev="0" fileid="4" />
                <SequencePoint vc="1" uspid="14920" ordinal="0" offset="45" sl="151" sc="9" el="151" ec="9" bec="0" bev="0" fileid="4" />
                <SequencePoint vc="1" uspid="14921" ordinal="0" offset="46" sl="152" sc="13" el="152" ec="13" bec="0" bev="0" fileid="4" />
                <SequencePoint vc="1" uspid="14922" ordinal="0" offset="61" sl="153" sc="13" el="153" ec="13" bec="0" bev="0" fileid="4" />
                <SequencePoint vc="1" uspid="14923" ordinal="0" offset="62" sl="155" sc="17" el="155" ec="17" bec="0" bev="0" fileid="4" />
                <SequencePoint vc="1" uspid="14924" ordinal="0" offset="74" sl="156" sc="17" el="156" ec="17" bec="0" bev="0" fileid="4" />
                <SequencePoint vc="0" uspid="14925" ordinal="0" offset="76" sl="159" sc="13" el="159" ec="13" bec="0" bev="0" fileid="4" />
                <SequencePoint vc="0" uspid="14926" ordinal="0" offset="77" sl="160" sc="17" el="160" ec="17" bec="0" bev="0" fileid="4" />
                <SequencePoint vc="0" uspid="14927" ordinal="0" offset="95" sl="161" sc="17" el="161" ec="17" bec="0" bev="0" fileid="4" />
                <SequencePoint vc="0" uspid="14928" ordinal="0" offset="118" sl="162" sc="13" el="162" ec="13" bec="0" bev="0" fileid="4" />
                <SequencePoint vc="0" uspid="14929" ordinal="0" offset="119" sl="163" sc="9" el="163" ec="9" bec="0" bev="0" fileid="4" />
                <SequencePoint vc="1" uspid="14930" ordinal="0" offset="120" sl="150" sc="9" el="150" ec="9" bec="0" bev="0" fileid="4" />
                <SequencePoint vc="0" uspid="14931" ordinal="0" offset="138" sl="165" sc="9" el="165" ec="9" bec="0" bev="0" fileid="4" />
                <SequencePoint vc="0" uspid="14932" ordinal="0" offset="150" sl="166" sc="5" el="166" ec="5" bec="0" bev="0" fileid="4" />
              </SequencePoints>
              <BranchPoints />
            </Method>
          </Methods>
        </Class>
      </Classes>
    </Module>
    <Module>
      <Summary numSequencePoints="11" visitedSequencePoints="11" numBranchPoints="0" visitedBranchPoints="0" sequenceCoverage="100.0" branchCoverage="0.0" maxCyclomaticComplexity="0" minCyclomaticComplexity="0" maxCrapScore="0" minCrapScore="0" visitedClasses="3" numClasses="3" visitedMethods="3" numMethods="3" />
      <ModuleTime>0001-01-01T00:00:00</ModuleTime>
      <ModuleName>Test</ModuleName>
      <Files>
        <File uid="78" fullPath="D:/--UnityProject/VR/VRExplorer_subjects/EscapeGameVR/Assets/Scripts/Test/CubeInteractable.cs" />
        <File uid="79" fullPath="D:/--UnityProject/VR/VRExplorer_subjects/EscapeGameVR/Assets/Scripts/Test/Digicode/DigicodeAreaController.cs" />
        <File uid="80" fullPath="D:/--UnityProject/VR/VRExplorer_subjects/EscapeGameVR/Assets/Scripts/Test/Digicode/DigicodeHandler.cs" />
        <File uid="81" fullPath="D:/--UnityProject/VR/VRExplorer_subjects/EscapeGameVR/Assets/Scripts/Test/TImer/TimerHandler.cs" />
        <File uid="82" fullPath="D:/--UnityProject/VR/VRExplorer_subjects/EscapeGameVR/Assets/Scripts/Test/VR/ActivateTeleportationRay.cs" />
        <File uid="83" fullPath="D:/--UnityProject/VR/VRExplorer_subjects/EscapeGameVR/Assets/Scripts/Test/VR/AnimateHandOnInput.cs" />
        <File uid="84" fullPath="D:/--UnityProject/VR/VRExplorer_subjects/EscapeGameVR/Assets/Scripts/Test/VR/PlatformController.cs" />
        <File uid="85" fullPath="D:/--UnityProject/VR/VRExplorer_subjects/EscapeGameVR/Assets/Scripts/Test/VR/PlatformControllerOpenExit.cs" />
        <File uid="86" fullPath="D:/--UnityProject/VR/VRExplorer_subjects/EscapeGameVR/Assets/Scripts/Test/VR/VRNoPeeking.cs" />
      </Files>
      <Classes>
        <Class>
          <Summary numSequencePoints="3" visitedSequencePoints="3" numBranchPoints="0" visitedBranchPoints="0" sequenceCoverage="100.0" branchCoverage="0.0" maxCyclomaticComplexity="0" minCyclomaticComplexity="0" maxCrapScore="0" minCrapScore="0" visitedClasses="1" numClasses="1" visitedMethods="1" numMethods="1" />
          <FullName>DigicodeHandler</FullName>
          <Methods>
            <Method visited="true" cyclomaticComplexity="0" nPathComplexity="0" sequenceCoverage="100.0" branchCoverage="0" crapScore="0" isConstructor="true" isStatic="false" isGetter="false" isSetter="false">
              <Summary numSequencePoints="3" visitedSequencePoints="3" numBranchPoints="0" visitedBranchPoints="0" sequenceCoverage="100.0" branchCoverage="0" maxCyclomaticComplexity="0" minCyclomaticComplexity="0" maxCrapScore="0" minCrapScore="0" visitedClasses="0" numClasses="0" visitedMethods="1" numMethods="1" />
              <MetadataToken>100663310</MetadataToken>
              <Name>DigicodeHandler::DigicodeHandler()</Name>
              <FileRef uid="80" />
              <SequencePoints>
                <SequencePoint vc="4" uspid="15824" ordinal="0" offset="0" sl="8" sc="22" el="8" ec="22" bec="0" bev="0" fileid="80" />
                <SequencePoint vc="4" uspid="15825" ordinal="0" offset="11" sl="9" sc="5" el="9" ec="5" bec="0" bev="0" fileid="80" />
                <SequencePoint vc="4" uspid="15826" ordinal="0" offset="22" sl="17" sc="5" el="17" ec="5" bec="0" bev="0" fileid="80" />
              </SequencePoints>
              <BranchPoints />
            </Method>
          </Methods>
        </Class>
        <Class>
          <Summary numSequencePoints="6" visitedSequencePoints="6" numBranchPoints="0" visitedBranchPoints="0" sequenceCoverage="100.0" branchCoverage="0.0" maxCyclomaticComplexity="0" minCyclomaticComplexity="0" maxCrapScore="0" minCrapScore="0" visitedClasses="1" numClasses="1" visitedMethods="1" numMethods="1" />
          <FullName>TimerHandler</FullName>
          <Methods>
            <Method visited="true" cyclomaticComplexity="0" nPathComplexity="0" sequenceCoverage="100.0" branchCoverage="0" crapScore="0" isConstructor="true" isStatic="false" isGetter="false" isSetter="false">
              <Summary numSequencePoints="6" visitedSequencePoints="6" numBranchPoints="0" visitedBranchPoints="0" sequenceCoverage="100.0" branchCoverage="0" maxCyclomaticComplexity="0" minCyclomaticComplexity="0" maxCrapScore="0" minCrapScore="0" visitedClasses="0" numClasses="0" visitedMethods="1" numMethods="1" />
              <MetadataToken>100663333</MetadataToken>
              <Name>TimerHandler::TimerHandler()</Name>
              <FileRef uid="81" />
              <SequencePoints>
                <SequencePoint vc="11" uspid="15857" ordinal="0" offset="0" sl="8" sc="5" el="8" ec="5" bec="0" bev="0" fileid="81" />
                <SequencePoint vc="11" uspid="15858" ordinal="0" offset="11" sl="9" sc="5" el="9" ec="5" bec="0" bev="0" fileid="81" />
                <SequencePoint vc="11" uspid="15859" ordinal="0" offset="18" sl="10" sc="5" el="10" ec="5" bec="0" bev="0" fileid="81" />
                <SequencePoint vc="11" uspid="15860" ordinal="0" offset="25" sl="11" sc="5" el="11" ec="5" bec="0" bev="0" fileid="81" />
                <SequencePoint vc="11" uspid="15861" ordinal="0" offset="32" sl="12" sc="5" el="12" ec="5" bec="0" bev="0" fileid="81" />
                <SequencePoint vc="11" uspid="15862" ordinal="0" offset="39" sl="13" sc="5" el="13" ec="5" bec="0" bev="0" fileid="81" />
              </SequencePoints>
              <BranchPoints />
            </Method>
          </Methods>
        </Class>
        <Class>
          <Summary numSequencePoints="2" visitedSequencePoints="2" numBranchPoints="0" visitedBranchPoints="0" sequenceCoverage="100.0" branchCoverage="0.0" maxCyclomaticComplexity="0" minCyclomaticComplexity="0" maxCrapScore="0" minCrapScore="0" visitedClasses="1" numClasses="1" visitedMethods="1" numMethods="1" />
          <FullName>VRNoPeeking</FullName>
          <Methods>
            <Method visited="true" cyclomaticComplexity="0" nPathComplexity="0" sequenceCoverage="100.0" branchCoverage="0" crapScore="0" isConstructor="true" isStatic="false" isGetter="false" isSetter="false">
              <Summary numSequencePoints="2" visitedSequencePoints="2" numBranchPoints="0" visitedBranchPoints="0" sequenceCoverage="100.0" branchCoverage="0" maxCyclomaticComplexity="0" minCyclomaticComplexity="0" maxCrapScore="0" minCrapScore="0" visitedClasses="0" numClasses="0" visitedMethods="1" numMethods="1" />
              <MetadataToken>100663353</MetadataToken>
              <Name>VRNoPeeking::VRNoPeeking()</Name>
              <FileRef uid="86" />
              <SequencePoints>
                <SequencePoint vc="3" uspid="15971" ordinal="0" offset="0" sl="9" sc="22" el="9" ec="22" bec="0" bev="0" fileid="86" />
                <SequencePoint vc="3" uspid="15972" ordinal="0" offset="11" sl="12" sc="5" el="12" ec="5" bec="0" bev="0" fileid="86" />
              </SequencePoints>
              <BranchPoints />
            </Method>
          </Methods>
        </Class>
      </Classes>
    </Module>
  </Modules>
</CoverageSession>